GROUP,PACKAGE,CLASS,INSTRUCTION_MISSED,INSTRUCTION_COVERED,BRANCH_MISSED,BRANCH_COVERED,LINE_MISSED,LINE_COVERED,COMPLEXITY_MISSED,COMPLEXITY_COVERED,METHOD_MISSED,METHOD_COVERED
sanction-service,com.currenciesdirect.gtg.compliance.sanction.core.validator,SanctionValidator,65,133,4,10,11,26,4,9,1,5
sanction-service,com.currenciesdirect.gtg.compliance.sanction.core,SanctionExecutors,20,0,0,0,7,0,4,0,4,0
sanction-service,com.currenciesdirect.gtg.compliance.sanction.core,ServiceImpl,1399,55,176,4,344,13,121,4,30,4
sanction-service,com.currenciesdirect.gtg.compliance.sanction.core,SanctionCacheDataStructure,10,15,0,0,3,5,2,3,2,3
sanction-service,com.currenciesdirect.gtg.compliance.sanction.core,SanctionInitializer,16,0,0,0,6,0,3,0,3,0
sanction-service,com.currenciesdirect.gtg.compliance.sanction.core,SanctionCache,35,8,2,0,9,2,7,1,6,1
sanction-service,com.currenciesdirect.gtg.compliance.sanction.core,SanctionConcreteDataBuilder,41,23,0,2,14,9,2,4,2,3
sanction-service,com.currenciesdirect.gtg.compliance.sanction.core,SanctionAbstractCacheDataBuilder,0,6,0,0,0,2,0,1,0,1
sanction-service,com.currenciesdirect.gtg.compliance.sanction.core.domain,SanctionGetStatusRequest,42,17,0,0,1,7,1,5,1,5
sanction-service,com.currenciesdirect.gtg.compliance.sanction.core.domain,SanctionGetStatusResponse,0,40,0,0,0,17,0,9,0,9
sanction-service,com.currenciesdirect.gtg.compliance.sanction.restport,RestPort,502,0,72,0,137,0,52,0,16,0
sanction-service,com.currenciesdirect.gtg.compliance.sanction.exception,SanctionErrors,226,0,0,0,24,0,5,0,5,0
sanction-service,com.currenciesdirect.gtg.compliance.sanction.exception,SanctionException,42,0,0,0,12,0,6,0,6,0
sanction-service,com.currenciesdirect.gtg.compliance.sanction.dbport,DBServiceImpl,71,20,4,2,22,7,4,2,1,2
sanction-service,com.currenciesdirect.gtg.compliance.sanction.dbport,AbstractDao,79,3,10,0,33,1,14,1,9,1
sanction-service,com.currenciesdirect.gtg.compliance.sanction.finscanport,FinscanPort,514,12,52,0,129,4,34,2,8,2
sanction-service,com.currenciesdirect.gtg.compliance.sanction.finscanport,SLLookUpMultiTask,62,0,0,0,20,0,4,0,4,0
sanction-service,com.currenciesdirect.gtg.compliance.sanction.finscanport,SlGetStatusTask,68,0,0,0,22,0,4,0,4,0
sanction-service,com.currenciesdirect.gtg.compliance.sanction.finscanport,FinscanTransformer,1255,12,149,1,325,4,100,2,25,2
