GROUP,PACKAGE,CLASS,INSTRUCTION_MISSED,INSTRUCTION_COVERED,BRANCH_MISSED,BRANCH_COVERED,LINE_MISSED,LINE_COVERED,COMPLEXITY_MISSED,COMPLEXITY_COVERED,METHOD_MISSED,METHOD_COVERED
compliance-service,com.currenciesdirect.gtg.compliance.compliancesrv.domain.docupload,DocumentUploadStatusRequest,70,0,0,0,17,0,12,0,12,0
compliance-service,com.currenciesdirect.gtg.compliance.compliancesrv.domain.docupload,DocumentUploadStatusResponse,46,0,0,0,11,0,8,0,8,0
compliance-service,com.currenciesdirect.gtg.compliance.compliancesrv.tmemailalert,TransactionMonitoringEmailAlertImpl,214,0,8,0,46,0,8,0,4,0
compliance-service,com.currenciesdirect.gtg.compliance.compliancesrv.tmemailalert,PostCardTransactionEmailAlertImpl,119,0,2,0,30,0,5,0,4,0
compliance-service,com.currenciesdirect.gtg.compliance.compliancesrv.core.enterprise,EnterpriseServiceImpl,48,0,0,0,13,0,3,0,3,0
compliance-service,com.currenciesdirect.gtg.compliance.compliancesrv.core.transactionmonitoring,IntuitionResponseHandler,129,0,6,0,32,0,9,0,6,0
compliance-service,com.currenciesdirect.gtg.compliance.compliancesrv.core.transactionmonitoring,DataEnricher,419,0,6,0,117,0,9,0,6,0
compliance-service,com.currenciesdirect.gtg.compliance.compliancesrv.core.transactionmonitoring,TransactionMonitoringUpdateStatusResponse,270,0,14,0,84,0,12,0,5,0
compliance-service,com.currenciesdirect.gtg.compliance.compliancesrv.core.transactionmonitoring,TranscationMonitoringErrorHandler,99,0,0,0,28,0,3,0,3,0
compliance-service,com.currenciesdirect.gtg.compliance.compliancesrv.core.transactionmonitoring,MessageValidator,139,0,2,0,31,0,6,0,5,0
compliance-service,com.currenciesdirect.gtg.compliance.compliancesrv.core.customcheck,CustomCheckRepeatCheckAtivityLogBuilder,528,0,28,0,130,0,23,0,9,0
compliance-service,com.currenciesdirect.gtg.compliance.compliancesrv.core.customcheck,PrepareCustomCheckResendResponse,75,0,6,0,19,0,6,0,3,0
compliance-service,com.currenciesdirect.gtg.compliance.compliancesrv.restport.kafkatxdatalake,KafkaDataLakeController,163,0,12,0,43,0,10,0,4,0
compliance-service,com.currenciesdirect.gtg.compliance.compliancesrv.restport.customcheck,CustomCheckController,163,0,0,0,37,0,6,0,6,0
compliance-service,com.currenciesdirect.gtg.compliance.compliancesrv.domain.reg.response,ProfileResponse,3,7,0,0,1,3,1,2,1,2
compliance-service,com.currenciesdirect.gtg.compliance.compliancesrv.domain.reg.response,ComplianceAccount,186,137,9,1,55,59,35,28,30,28
compliance-service,com.currenciesdirect.gtg.compliance.compliancesrv.domain.reg.response,RegistrationResponse,20,14,0,0,2,6,2,4,2,4
compliance-service,com.currenciesdirect.gtg.compliance.compliancesrv.domain.reg.response,BulkRegRecheckResponse,17,0,0,0,7,0,5,0,5,0
compliance-service,com.currenciesdirect.gtg.compliance.compliancesrv.domain.reg.response,ComplianceContact,85,110,0,0,24,49,19,17,19,17
compliance-service,com.currenciesdirect.gtg.compliance.compliancesrv.restport.fraugster,FraugsterController,109,0,0,0,23,0,5,0,5,0
compliance-service,com.currenciesdirect.gtg.compliance.compliancesrv.transformer.card,PostCardTransactionTransfomer,775,0,52,0,181,0,37,0,11,0
compliance-service,com.currenciesdirect.gtg.compliance.compliancesrv.transformer.card,OrderCardTransformer,156,0,8,0,46,0,10,0,6,0
compliance-service,com.currenciesdirect.gtg.compliance.compliancesrv.transformer.card,PostCardTransactionMQTransformer,564,0,10,0,150,0,11,0,6,0
compliance-service,com.currenciesdirect.gtg.compliance.compliancesrv.kafkatxdatalake.service.impl,KafkaRetryFailedTxServiceImpl,123,0,20,0,19,0,13,0,3,0
compliance-service,com.currenciesdirect.gtg.compliance.compliancesrv.kafkatxdatalake.service.impl,KafkaTxExecutorServiceImpl,931,0,84,0,210,0,53,0,11,0
compliance-service,com.currenciesdirect.gtg.compliance.compliancesrv.kafkatxdatalake.service.impl,FundsInKafkaServiceImpl,13,0,0,0,3,0,3,0,3,0
compliance-service,com.currenciesdirect.gtg.compliance.compliancesrv.kafkatxdatalake.service.impl,KafkaRetryFailedTxExecutorServiceImpl,108,0,0,0,27,0,5,0,5,0
compliance-service,com.currenciesdirect.gtg.compliance.compliancesrv.kafkatxdatalake.service.impl,FundsOutKafkaServiceImpl,13,0,0,0,3,0,3,0,3,0
compliance-service,com.currenciesdirect.gtg.compliance.compliancesrv.core.validator.kyc,NorwayValidator,77,0,20,0,14,0,14,0,4,0
compliance-service,com.currenciesdirect.gtg.compliance.compliancesrv.core.validator.kyc,NetherlandsValidator,79,0,20,0,15,0,14,0,4,0
compliance-service,com.currenciesdirect.gtg.compliance.compliancesrv.core.validator.kyc,HongKongValidator,93,0,26,0,15,0,17,0,4,0
compliance-service,com.currenciesdirect.gtg.compliance.compliancesrv.core.validator.kyc,CanadaValidator,83,0,22,0,15,0,15,0,4,0
compliance-service,com.currenciesdirect.gtg.compliance.compliancesrv.core.validator.kyc,GermanyValidator,77,0,20,0,14,0,14,0,4,0
compliance-service,com.currenciesdirect.gtg.compliance.compliancesrv.core.validator.kyc,USAValidator,104,0,28,0,20,0,18,0,4,0
compliance-service,com.currenciesdirect.gtg.compliance.compliancesrv.core.validator.kyc,KYCValidator,5,0,0,0,2,0,2,0,2,0
compliance-service,com.currenciesdirect.gtg.compliance.compliancesrv.core.validator.kyc,UnitedKingdomValidator,69,0,16,0,13,0,12,0,4,0
compliance-service,com.currenciesdirect.gtg.compliance.compliancesrv.core.validator.kyc,NewZealandValidator,98,0,28,0,18,0,18,0,4,0
compliance-service,com.currenciesdirect.gtg.compliance.compliancesrv.core.validator.kyc,LuxembourgValidator,83,0,22,0,15,0,15,0,4,0
compliance-service,com.currenciesdirect.gtg.compliance.compliancesrv.core.validator.kyc,AustraliaValidator,81,0,22,0,14,0,15,0,4,0
compliance-service,com.currenciesdirect.gtg.compliance.compliancesrv.core.validator.kyc,SwitzerlandValidator,75,0,18,0,15,0,13,0,4,0
compliance-service,com.currenciesdirect.gtg.compliance.compliancesrv.core.validator.kyc,ValidatorFactory,181,0,27,0,66,0,27,0,6,0
compliance-service,com.currenciesdirect.gtg.compliance.compliancesrv.core.validator.kyc,JapanValidator,98,0,28,0,18,0,18,0,4,0
compliance-service,com.currenciesdirect.gtg.compliance.compliancesrv.core.validator.kyc,MexicoValidator,83,0,22,0,15,0,15,0,4,0
compliance-service,com.currenciesdirect.gtg.compliance.compliancesrv.core.validator.kyc,SouthAfricaValidator,100,0,28,0,19,0,18,0,4,0
compliance-service,com.currenciesdirect.gtg.compliance.compliancesrv.core.validator.kyc,ChinaValidator,27,0,4,0,10,0,5,0,3,0
compliance-service,com.currenciesdirect.gtg.compliance.compliancesrv.core.validator.kyc,SpainValidator,47,0,12,0,15,0,9,0,3,0
compliance-service,com.currenciesdirect.gtg.compliance.compliancesrv.core.validator.kyc,AustriaValidator,73,0,18,0,14,0,13,0,4,0
compliance-service,com.currenciesdirect.gtg.compliance.compliancesrv.core.validator.kyc,SwedenValidator,81,0,22,0,14,0,15,0,4,0
compliance-service,com.currenciesdirect.gtg.compliance.compliancesrv.core.validator.kyc,BrazilValidator,81,0,22,0,14,0,15,0,4,0
compliance-service,com.currenciesdirect.gtg.compliance.compliancesrv.core.validator.kyc,DenmarkValidator,91,0,24,0,16,0,16,0,4,0
compliance-service,com.currenciesdirect.gtg.compliance.compliancesrv.core.intuitionpaymentcsv,IntuitionHistoricPaymentCSVSftpUpload,213,0,8,0,58,0,8,0,4,0
compliance-service,com.currenciesdirect.gtg.compliance.compliancesrv.core.intuitionpaymentcsv,IntuitionHistoricPaymentSchedulerCronJob,9,0,0,0,3,0,3,0,3,0
compliance-service,com.currenciesdirect.gtg.compliance.compliancesrv.core.intuitionpaymentcsv,IntuitionHistoricPaymentCSVTransformer,2010,0,36,0,209,0,25,0,7,0
compliance-service,com.currenciesdirect.gtg.compliance.compliancesrv.core.intuitionpaymentcsv,IntuitionHistoricPaymentEmailAlert,62,0,0,0,18,0,2,0,2,0
compliance-service,com.currenciesdirect.gtg.compliance.compliancesrv.core.intuitionpaymentcsv,IntuitionHistoricPaymentCsvFlowService,105,0,6,0,32,0,9,0,6,0
compliance-service,com.currenciesdirect.gtg.compliance.compliancesrv.core.intuitionpaymentcsv,IntuitionHistoricPaymentScheduler,29,0,0,0,12,0,3,0,3,0
compliance-service,com.currenciesdirect.gtg.compliance.compliancesrv.domain.customchecks.request,FundsOutCustomCheckResendRequest,99,0,3,0,25,0,15,0,13,0
compliance-service,com.currenciesdirect.gtg.compliance.compliancesrv.transformer.reg,KYCTransformer,2711,0,154,0,654,0,111,0,34,0
compliance-service,com.currenciesdirect.gtg.compliance.compliancesrv.transformer.reg,FraugsterBulkRecheckTransformer,1403,0,98,0,337,0,67,0,18,0
compliance-service,com.currenciesdirect.gtg.compliance.compliancesrv.transformer.reg,InternalRuleServiceBulkRecheckTransformer,1341,0,70,0,332,0,59,0,24,0
compliance-service,com.currenciesdirect.gtg.compliance.compliancesrv.transformer.reg,TransactionMonitoringRegSyncTransformer,1413,0,90,0,333,0,62,0,17,0
compliance-service,com.currenciesdirect.gtg.compliance.compliancesrv.transformer.reg,TransactionMonitoringMQTransformer,3257,0,120,0,777,0,81,0,21,0
compliance-service,com.currenciesdirect.gtg.compliance.compliancesrv.transformer.reg,InternalRuleServiceTransformer,1909,0,90,0,464,0,73,0,28,0
compliance-service,com.currenciesdirect.gtg.compliance.compliancesrv.transformer.reg,SanctionUpdateTransformer,1194,0,106,0,270,0,70,0,17,0
compliance-service,com.currenciesdirect.gtg.compliance.compliancesrv.transformer.reg,SanctionBulkRecheckTransformer,1789,0,116,0,434,0,83,0,25,0
compliance-service,com.currenciesdirect.gtg.compliance.compliancesrv.transformer.reg,TransactionMonitoringTransformer,2403,0,135,0,574,0,95,0,27,0
compliance-service,com.currenciesdirect.gtg.compliance.compliancesrv.transformer.reg,FraugsterTransformer,1753,0,110,0,426,0,76,0,21,0
compliance-service,com.currenciesdirect.gtg.compliance.compliancesrv.transformer.reg,KYCBulkRecheckTransformer,1693,0,120,0,401,0,87,0,27,0
compliance-service,com.currenciesdirect.gtg.compliance.compliancesrv.transformer.reg,SanctionTransformer,3293,0,166,0,798,0,125,0,42,0
compliance-service,com.currenciesdirect.gtg.compliance.compliancesrv.restport.kyc,KycController,41,0,0,0,9,0,3,0,3,0
compliance-service,com.currenciesdirect.gtg.compliance.compliancesrv.restport,BaseController,234,97,5,7,49,26,8,7,5,4
compliance-service,com.currenciesdirect.gtg.compliance.compliancesrv.restport.titan,TitanController,78,0,8,0,18,0,8,0,4,0
compliance-service,com.currenciesdirect.gtg.compliance.compliancesrv.core.dataanonymization,DataAnonServiceImpl,498,0,2,0,118,0,11,0,10,0
compliance-service,com.currenciesdirect.gtg.compliance.compliancesrv.core.dataanonymization,DataAnonConstants,3,0,0,0,1,0,1,0,1,0
compliance-service,com.currenciesdirect.gtg.compliance.compliancesrv.core.dataanonymization,DataAnonMessageValidator,193,0,8,0,43,0,9,0,5,0
compliance-service,com.currenciesdirect.gtg.compliance.compliancesrv.core.dataanonymization,DataAnonQueryConstant,202,0,0,0,22,0,3,0,3,0
compliance-service,com.currenciesdirect.gtg.compliance.compliancesrv.core.dataanonymization,DataAnonReplyHandler,56,0,0,0,14,0,3,0,3,0
compliance-service,com.currenciesdirect.gtg.compliance.compliancesrv.core.dataanonymization,DataAnonDBServiceImpl,1027,0,38,0,284,0,35,0,16,0
compliance-service,com.currenciesdirect.gtg.compliance.compliancesrv.core.dataanonymization,DataAnonDataEnricher,63,0,0,0,19,0,3,0,3,0
compliance-service,com.currenciesdirect.gtg.compliance.compliancesrv.core.dataanonymization,DataAnonValidator,260,0,20,0,66,0,16,0,6,0
compliance-service,com.currenciesdirect.gtg.compliance.compliancesrv.restport.ordercardsrv,OrderCardController,156,0,4,0,37,0,7,0,5,0
compliance-service,com.currenciesdirect.gtg.compliance.compliancesrv.restport.transactionmonitoring,TransactionMonitoringController,260,0,2,0,56,0,10,0,9,0
compliance-service,com.currenciesdirect.gtg.compliance.compliancesrv.restport.transactionmonitoring,DormantCustomerUpdateToIntuition,296,0,24,0,72,0,19,0,7,0
compliance-service,com.currenciesdirect.gtg.compliance.compliancesrv.restdocs,WebAppConfig,36,0,0,0,4,0,2,0,2,0
compliance-service,com.currenciesdirect.gtg.compliance.compliancesrv.restdocs,ComplianceSwaggerConfig,36,0,0,0,16,0,3,0,3,0
compliance-service,com.currenciesdirect.gtg.compliance.compliancesrv.restport.fundsout,FundsOutController,203,0,4,0,49,0,8,0,6,0
compliance-service,com.currenciesdirect.gtg.compliance.compliancesrv.core.validator.fundsin,DataValidator,387,0,54,0,101,0,37,0,10,0
compliance-service,com.currenciesdirect.gtg.compliance.compliancesrv.core.validator.fundsin,MessageValidator,877,0,43,0,135,0,36,0,14,0
compliance-service,com.currenciesdirect.gtg.compliance.compliancesrv.domain.profile.delete.contact,DataEnricher,53,0,0,0,14,0,3,0,3,0
compliance-service,com.currenciesdirect.gtg.compliance.compliancesrv.domain.profile.delete.contact,DeleteContactRequest,45,0,0,0,19,0,13,0,13,0
compliance-service,com.currenciesdirect.gtg.compliance.compliancesrv.domain.profile.delete.contact,MessageValidator,140,0,4,0,30,0,6,0,4,0
compliance-service,com.currenciesdirect.gtg.compliance.compliancesrv.domain.profile.delete.contact,DeleteContactRuleService,74,0,4,0,21,0,5,0,3,0
compliance-service,com.currenciesdirect.gtg.compliance.compliancesrv.domain.profile.delete.contact,DataValidator,150,0,16,0,33,0,12,0,4,0
compliance-service,com.currenciesdirect.gtg.compliance.compliancesrv.core.kyc,KycResendMessageValidator,159,0,22,0,40,0,16,0,5,0
compliance-service,com.currenciesdirect.gtg.compliance.compliancesrv.core.kyc,KycRepeatErrorHandler,60,0,0,0,17,0,3,0,3,0
compliance-service,com.currenciesdirect.gtg.compliance.compliancesrv.core.kyc,PrepareKycResendResponse,80,0,6,0,20,0,6,0,3,0
compliance-service,com.currenciesdirect.gtg.compliance.compliancesrv.core.kyc,KYCRepeatCheckAtivityLogBuilder,282,0,10,0,68,0,10,0,5,0
compliance-service,com.currenciesdirect.gtg.compliance.compliancesrv.domain,WatchListDetails,10,21,0,0,4,9,3,6,3,6
compliance-service,com.currenciesdirect.gtg.compliance.compliancesrv.domain,EntityDetails,80,0,0,0,34,0,23,0,23,0
compliance-service,com.currenciesdirect.gtg.compliance.compliancesrv.domain,ProviderPropertyList,15,0,0,0,5,0,3,0,3,0
compliance-service,com.currenciesdirect.gtg.compliance.compliancesrv.domain,UserProfile,71,30,0,0,29,14,21,8,21,8
compliance-service,com.currenciesdirect.gtg.compliance.compliancesrv.core.validator.internalruleservice,InternalRuleServiceValidator,117,0,18,0,27,0,19,0,10,0
compliance-service,com.currenciesdirect.gtg.compliance.compliancesrv.transformer,AbstractTransformer,239,96,19,1,66,25,18,5,6,5
compliance-service,com.currenciesdirect.gtg.compliance.compliancesrv.transformer,AbstractInternalRulesTransformer,713,0,75,0,189,0,66,0,26,0
compliance-service,com.currenciesdirect.gtg.compliance.compliancesrv.transformer,AbstractSanctionTransformer,421,0,22,0,102,0,29,0,18,0
compliance-service,com.currenciesdirect.gtg.compliance.compliancesrv.transformer,AbstractFraugsterTransformer,3,0,0,0,1,0,1,0,1,0
compliance-service,com.currenciesdirect.gtg.compliance.compliancesrv.transformer,AbstractCustomCheckTransformer,89,0,0,0,24,0,2,0,2,0
compliance-service,com.currenciesdirect.gtg.compliance.compliancesrv.core.transactionmonitoringmq,TransactionMonitoringMQService,322,0,16,0,76,0,17,0,9,0
compliance-service,com.currenciesdirect.gtg.compliance.compliancesrv.core.transactionmonitoringmq,TMBulkReprocessMonitorThread,91,0,6,0,21,0,5,0,2,0
compliance-service,com.currenciesdirect.gtg.compliance.compliancesrv.core.transactionmonitoringmq,TMMQBulkProcessingService,110,0,18,0,28,0,12,0,3,0
compliance-service,com.currenciesdirect.gtg.compliance.compliancesrv.core.transactionmonitoringmq,PostCardTransactionSchedular,29,0,0,0,12,0,3,0,3,0
compliance-service,com.currenciesdirect.gtg.compliance.compliancesrv.core.transactionmonitoringmq,TransactionMonitoringScheduler,29,0,0,0,12,0,3,0,3,0
compliance-service,com.currenciesdirect.gtg.compliance.compliancesrv.core.transactionmonitoringmq,TransactionMonitoringSchedulerCronJob,9,0,0,0,3,0,3,0,3,0
compliance-service,com.currenciesdirect.gtg.compliance.compliancesrv.domain.fundsin.response,FundsInCreateResponse,169,16,0,0,54,6,35,3,35,3
compliance-service,com.currenciesdirect.gtg.compliance.compliancesrv.domain.fundsin.response,FundsInDeleteResponse,24,0,0,0,10,0,7,0,7,0
compliance-service,com.currenciesdirect.gtg.compliance.compliancesrv.msg,MessageContext,705,93,91,5,181,24,91,9,44,8
compliance-service,com.currenciesdirect.gtg.compliance.compliancesrv.msg,MessageExchangeWrapper,19,9,0,0,5,4,3,2,3,2
compliance-service,com.currenciesdirect.gtg.compliance.compliancesrv.msg,ServiceTypeEnum,9,360,0,0,3,32,3,3,3,3
compliance-service,com.currenciesdirect.gtg.compliance.compliancesrv.msg,MQMessageContext,82,0,6,0,28,0,19,0,16,0
compliance-service,com.currenciesdirect.gtg.compliance.compliancesrv.msg,EventServiceLogContainer,7,38,0,0,3,6,1,4,1,4
compliance-service,com.currenciesdirect.gtg.compliance.compliancesrv.msg,MessageExchange,90,80,10,0,23,26,12,17,7,17
compliance-service,com.currenciesdirect.gtg.compliance.compliancesrv.msg,ServiceProviderEnum,3,283,0,0,1,28,1,3,1,3
compliance-service,com.currenciesdirect.gtg.compliance.compliancesrv.msg,AuditInfo,28,11,0,0,6,4,4,2,4,2
compliance-service,com.currenciesdirect.gtg.compliance.compliancesrv.core.validator.sanction,SanctionUpdateMessageValidator,235,0,34,0,47,0,23,0,6,0
compliance-service,com.currenciesdirect.gtg.compliance.compliancesrv.core.validator.sanction,SanctionUpdateDataValidator,136,0,12,0,37,0,12,0,6,0
compliance-service,com.currenciesdirect.gtg.compliance.compliancesrv.core.validator.sanction,SanctionUpdateDataEnricher,134,0,18,0,38,0,18,0,9,0
compliance-service,com.currenciesdirect.gtg.compliance.compliancesrv.core.validator.sanction,SanctionValidator,44,0,10,0,16,0,8,0,3,0
compliance-service,com.currenciesdirect.gtg.compliance.compliancesrv.domain.enterprise,EnterpriseIPAddressDetails,145,0,0,0,62,0,42,0,42,0
compliance-service,com.currenciesdirect.gtg.compliance.compliancesrv.dbport,AbstractDBServiceImpl,1573,7,66,0,435,2,54,2,21,2
compliance-service,com.currenciesdirect.gtg.compliance.compliancesrv.dbport,ConfigDBService,176,162,6,6,53,46,6,9,3,6
compliance-service,com.currenciesdirect.gtg.compliance.compliancesrv.dbport,TransactionMonitoringDBServiceImpl,593,0,38,0,147,0,27,0,8,0
compliance-service,com.currenciesdirect.gtg.compliance.compliancesrv.dbport,AbstractRegistrationDBService,2007,175,79,7,530,43,68,7,26,6
compliance-service,com.currenciesdirect.gtg.compliance.compliancesrv.dbport,DeviceInfoImpl,133,321,21,17,33,88,20,16,0,16
compliance-service,com.currenciesdirect.gtg.compliance.compliancesrv.dbport,KycDocUploadStatusImpl,20,0,0,0,6,0,3,0,3,0
compliance-service,com.currenciesdirect.gtg.compliance.compliancesrv.dbport,EventDBServiceImpl,4187,670,255,37,1051,147,229,22,69,13
compliance-service,com.currenciesdirect.gtg.compliance.compliancesrv.dbport,PaymentsAbstractDao,216,0,10,0,63,0,10,0,5,0
compliance-service,com.currenciesdirect.gtg.compliance.compliancesrv.dbport,WatchListRules.WatchListEnry,3,14,0,0,1,6,1,4,1,4
compliance-service,com.currenciesdirect.gtg.compliance.compliancesrv.dbport,FundsOutDBServiceImpl,4820,0,192,0,1161,0,155,0,59,0
compliance-service,com.currenciesdirect.gtg.compliance.compliancesrv.dbport,CardDBServiceImpl,405,0,16,0,107,0,18,0,10,0
compliance-service,com.currenciesdirect.gtg.compliance.compliancesrv.dbport,PostCardTransactionMQDBServiceImpl,359,0,16,0,93,0,14,0,6,0
compliance-service,com.currenciesdirect.gtg.compliance.compliancesrv.dbport,NewRegistrationDBServiceImpl,2111,915,121,18,502,193,87,14,19,12
compliance-service,com.currenciesdirect.gtg.compliance.compliancesrv.dbport,DBQueryConstant,0,2875,0,0,0,265,0,3,0,3
compliance-service,com.currenciesdirect.gtg.compliance.compliancesrv.dbport,FundsInDBServiceImpl,4166,0,170,0,1019,0,136,0,51,0
compliance-service,com.currenciesdirect.gtg.compliance.compliancesrv.dbport,FraugsterUploadDBServiceImpl,284,0,20,0,74,0,15,0,5,0
compliance-service,com.currenciesdirect.gtg.compliance.compliancesrv.dbport,BroadCastQueueDBServiceImpl,636,0,28,0,163,0,22,0,8,0
compliance-service,com.currenciesdirect.gtg.compliance.compliancesrv.dbport,TransactionMonitoringMQDBServiceImpl,1679,0,106,0,434,0,76,0,23,0
compliance-service,com.currenciesdirect.gtg.compliance.compliancesrv.dbport,ActivityDBServiceImpl,4753,234,230,8,1088,57,174,8,56,7
compliance-service,com.currenciesdirect.gtg.compliance.compliancesrv.dbport,AbstractDao,80,61,6,8,25,29,7,11,2,9
compliance-service,com.currenciesdirect.gtg.compliance.compliancesrv.dbport,RecheckDBServiceImpl,341,0,8,0,87,0,10,0,6,0
compliance-service,com.currenciesdirect.gtg.compliance.compliancesrv.dbport,WildCardEligible,49,0,4,0,7,0,4,0,2,0
compliance-service,com.currenciesdirect.gtg.compliance.compliancesrv.dbport,WatchListRules,407,402,62,31,89,108,46,20,5,14
compliance-service,com.currenciesdirect.gtg.compliance.compliancesrv.dbport,UpdateRegistrationDBServiceImpl,3061,24,206,0,643,8,134,3,31,3
compliance-service,com.currenciesdirect.gtg.compliance.compliancesrv.dbport,KafkaDataLakeTxDBServiceImpl,1613,0,128,0,278,0,72,0,8,0
compliance-service,com.currenciesdirect.gtg.compliance.compliancesrv.ibmmq.service.impl,PostTransactionMessageListnerServiceImpl,82,0,6,0,23,0,6,0,3,0
compliance-service,com.currenciesdirect.gtg.compliance.compliancesrv.externalservice.enterpriseport,EmailTransformer,84,0,4,0,23,0,6,0,4,0
compliance-service,com.currenciesdirect.gtg.compliance.compliancesrv.externalservice.enterpriseport,EmailClientImpl,250,0,4,0,50,0,8,0,6,0
compliance-service,com.currenciesdirect.gtg.compliance.compliancesrv.transformer.mqbroadcast,SaveToBroadCastTransformer,833,0,59,0,202,0,40,0,9,0
compliance-service,com.currenciesdirect.gtg.compliance.compliancesrv.transformer.mqbroadcast,MQTransformer,78,0,0,0,21,0,4,0,4,0
compliance-service,com.currenciesdirect.gtg.compliance.compliancesrv.transformer.mqbroadcast,DataEnricher,238,0,20,0,55,0,16,0,6,0
compliance-service,com.currenciesdirect.gtg.compliance.compliancesrv,ComplianceReasonCode,13,378,0,0,1,36,1,5,1,5
compliance-service,com.currenciesdirect.gtg.compliance.compliancesrv,ComplianceException,25,0,0,0,10,0,4,0,4,0
compliance-service,com.currenciesdirect.gtg.compliance.compliancesrv,ExternalErrorCodes,106,0,0,0,14,0,5,0,5,0
compliance-service,com.currenciesdirect.gtg.compliance.compliancesrv,MessageContextHeaders,0,3,0,0,0,1,0,1,0,1
compliance-service,com.currenciesdirect.gtg.compliance.compliancesrv,InternalProcessingCode,5,129,0,2,1,19,1,5,1,4
compliance-service,com.currenciesdirect.gtg.compliance.compliancesrv.core.fundsout,FundsOutComplianceStatus,164,0,8,0,22,0,10,0,6,0
compliance-service,com.currenciesdirect.gtg.compliance.compliancesrv.core.fundsout,FundsOutShortReasonCode,573,0,0,0,51,0,6,0,6,0
compliance-service,com.currenciesdirect.gtg.compliance.compliancesrv.core.fundsout,ReplyHandler,205,0,14,0,49,0,11,0,4,0
compliance-service,com.currenciesdirect.gtg.compliance.compliancesrv.core.fundsout,FundsOutReasonCode,508,0,0,0,46,0,6,0,6,0
compliance-service,com.currenciesdirect.gtg.compliance.compliancesrv.core.fundsout,DataEnricher,2347,0,168,0,536,0,117,0,33,0
compliance-service,com.currenciesdirect.gtg.compliance.compliancesrv.core.fundsout,FundsOutErrorHandler,176,0,14,0,49,0,11,0,4,0
compliance-service,com.currenciesdirect.gtg.compliance.compliancesrv.core.fundsout,ReprocessSanctionaFailed,466,0,42,0,114,0,34,0,13,0
compliance-service,com.currenciesdirect.gtg.compliance.compliancesrv.core.rules,FundsOutRulesService,2768,0,428,0,591,0,262,0,48,0
compliance-service,com.currenciesdirect.gtg.compliance.compliancesrv.core.rules,MQPaymentRuleService,480,0,80,0,115,0,48,0,8,0
compliance-service,com.currenciesdirect.gtg.compliance.compliancesrv.core.rules,RegistrationUpdateRulesService,3280,0,484,0,772,0,308,0,66,0
compliance-service,com.currenciesdirect.gtg.compliance.compliancesrv.core.rules,FundsInRulesService,2829,0,466,0,626,0,284,0,51,0
compliance-service,com.currenciesdirect.gtg.compliance.compliancesrv.core.rules,RegistrationRulesService,1552,938,222,80,378,229,163,39,20,31
compliance-service,com.currenciesdirect.gtg.compliance.compliancesrv.core.rules,IntuitionPaymentStatusUpdateRuleService,308,0,54,0,72,0,33,0,6,0
compliance-service,com.currenciesdirect.gtg.compliance.compliancesrv.core,WatchList,0,114,0,0,0,14,0,3,0,3
compliance-service,com.currenciesdirect.gtg.compliance.compliancesrv.core,NationalIdType,81,0,0,0,11,0,3,0,3,0
compliance-service,com.currenciesdirect.gtg.compliance.compliancesrv.core,FraugsterUplaodErrorHandler,18,0,0,0,5,0,3,0,3,0
compliance-service,com.currenciesdirect.gtg.compliance.compliancesrv.core,UserLockResourceTypeEnum,125,0,8,0,19,0,10,0,6,0
compliance-service,com.currenciesdirect.gtg.compliance.compliancesrv.core,BroadCastQueueService,127,0,6,0,37,0,9,0,6,0
compliance-service,com.currenciesdirect.gtg.compliance.compliancesrv.core,FileNameGeneratorImpl,35,0,0,0,8,0,6,0,6,0
compliance-service,com.currenciesdirect.gtg.compliance.compliancesrv.core,EntityEnum,28,123,5,3,5,16,4,6,1,5
compliance-service,com.currenciesdirect.gtg.compliance.compliancesrv.core,ContactComplianceStatus,58,93,8,0,10,11,8,2,4,2
compliance-service,com.currenciesdirect.gtg.compliance.compliancesrv.core,SanctionCategoryEnum,37,0,0,0,7,0,3,0,3,0
compliance-service,com.currenciesdirect.gtg.compliance.compliancesrv.core,MQSchedular,28,0,0,0,12,0,3,0,3,0
compliance-service,com.currenciesdirect.gtg.compliance.compliancesrv.core,FraugsterCsvUploadSessionConf,31,0,0,0,13,0,9,0,9,0
compliance-service,com.currenciesdirect.gtg.compliance.compliancesrv.core,ServiceInterfaceType,0,64,0,0,0,7,0,1,0,1
compliance-service,com.currenciesdirect.gtg.compliance.compliancesrv.core,CreateActivityLogs,480,0,40,0,103,0,29,0,9,0
compliance-service,com.currenciesdirect.gtg.compliance.compliancesrv.core,FraugsterCsvMaker,38,0,0,0,9,0,2,0,2,0
compliance-service,com.currenciesdirect.gtg.compliance.compliancesrv.core,BroadCastEntityTypeEnum,138,0,8,0,20,0,10,0,6,0
compliance-service,com.currenciesdirect.gtg.compliance.compliancesrv.core,OnfidoStatusEnum,177,0,8,0,23,0,10,0,6,0
compliance-service,com.currenciesdirect.gtg.compliance.compliancesrv.core,AbstractDataEnricher,105,0,12,0,29,0,11,0,5,0
compliance-service,com.currenciesdirect.gtg.compliance.compliancesrv.core,AccountStatus,89,0,0,0,11,0,5,0,5,0
compliance-service,com.currenciesdirect.gtg.compliance.compliancesrv.core,FraugsterCsvUploadSchedular,28,0,2,0,10,0,4,0,3,0
compliance-service,com.currenciesdirect.gtg.compliance.compliancesrv.core,ProvideCacheLoader,247,0,12,0,73,0,23,0,17,0
compliance-service,com.currenciesdirect.gtg.compliance.compliancesrv.core,FragusterCsvData,38,0,0,0,16,0,11,0,11,0
compliance-service,com.currenciesdirect.gtg.compliance.compliancesrv.core,FraugsterCsvUploadServerConf,31,0,0,0,13,0,9,0,9,0
compliance-service,com.currenciesdirect.gtg.compliance.compliancesrv.core,FraugsterUploadSuccessHandler,16,0,0,0,4,0,2,0,2,0
compliance-service,com.currenciesdirect.gtg.compliance.compliancesrv.core,FraugsterCategoryEnum,37,0,0,0,7,0,3,0,3,0
compliance-service,com.currenciesdirect.gtg.compliance.compliancesrv.core,ServiceStatus,28,136,5,3,5,17,4,6,1,5
compliance-service,com.currenciesdirect.gtg.compliance.compliancesrv.core,OperationEnum,0,284,0,0,0,29,0,1,0,1
compliance-service,com.currenciesdirect.gtg.compliance.compliancesrv.core.validator,FieldValidator,390,23,70,0,72,8,49,4,14,4
compliance-service,com.currenciesdirect.gtg.compliance.compliancesrv.core.validator,BaseMessageValidator,30,16,2,2,6,5,2,3,0,3
compliance-service,com.currenciesdirect.gtg.compliance.compliancesrv.core.validator,ValidationErrors,50,0,4,0,13,0,6,0,4,0
compliance-service,com.currenciesdirect.gtg.compliance.compliancesrv.core.titan,DataEnricher,120,0,6,0,30,0,6,0,3,0
compliance-service,com.currenciesdirect.gtg.compliance.compliancesrv.core.titan,ResponseHandler,42,0,0,0,11,0,3,0,3,0
compliance-service,com.currenciesdirect.gtg.compliance.compliancesrv.transformer.fundsout,WhiteListTransformer,313,0,12,0,75,0,10,0,4,0
compliance-service,com.currenciesdirect.gtg.compliance.compliancesrv.transformer.fundsout,InternalRuleServiceTransformer,1690,0,36,0,429,0,36,0,18,0
compliance-service,com.currenciesdirect.gtg.compliance.compliancesrv.transformer.fundsout,FraugsterBulkRecheckTransformer,665,0,24,0,154,0,22,0,10,0
compliance-service,com.currenciesdirect.gtg.compliance.compliancesrv.transformer.fundsout,InternalRuleBulkRecheckTransformer,797,0,16,0,199,0,16,0,8,0
compliance-service,com.currenciesdirect.gtg.compliance.compliancesrv.transformer.fundsout,SanctionBulkRecheckTransformer,1921,0,122,0,425,0,90,0,29,0
compliance-service,com.currenciesdirect.gtg.compliance.compliancesrv.transformer.fundsout,CustomCheckBulkRecheckTransformer,437,0,10,0,106,0,11,0,6,0
compliance-service,com.currenciesdirect.gtg.compliance.compliancesrv.transformer.fundsout,TransactionMonitoringTransformer,1555,0,70,0,382,0,52,0,17,0
compliance-service,com.currenciesdirect.gtg.compliance.compliancesrv.transformer.fundsout,IntuitionHistoricPaymentOutTransformer,506,0,16,0,104,0,15,0,7,0
compliance-service,com.currenciesdirect.gtg.compliance.compliancesrv.transformer.fundsout,SanctionTransformer,2483,0,206,0,534,0,136,0,33,0
compliance-service,com.currenciesdirect.gtg.compliance.compliancesrv.transformer.fundsout,CustomChecksTransformer,529,0,26,0,128,0,19,0,6,0
compliance-service,com.currenciesdirect.gtg.compliance.compliancesrv.transformer.fundsout,FraugsterTransformer,810,0,26,0,181,0,24,0,11,0
compliance-service,com.currenciesdirect.gtg.compliance.compliancesrv.core.validator.fundsout,MessageValidator,977,0,44,0,142,0,34,0,12,0
compliance-service,com.currenciesdirect.gtg.compliance.compliancesrv.core.validator.fundsout,DataValidator,439,0,42,0,110,0,32,0,11,0
compliance-service,com.currenciesdirect.gtg.compliance.compliancesrv.restport.blacklist,BlacklistController,143,0,0,0,30,0,6,0,6,0
compliance-service,com.currenciesdirect.gtg.compliance.compliancesrv.restport.onfido,OnfidoController,47,0,0,0,10,0,3,0,3,0
compliance-service,com.currenciesdirect.gtg.compliance.compliancesrv.domain.mq,BroadCastQueueRequest,66,0,0,0,28,0,19,0,19,0
compliance-service,com.currenciesdirect.gtg.compliance.compliancesrv.domain.mq,BroadcastEventToDB,87,0,0,0,37,0,25,0,25,0
compliance-service,com.currenciesdirect.gtg.compliance.compliancesrv.domain.mq,MQProviderRequest,59,0,0,0,25,0,17,0,17,0
compliance-service,com.currenciesdirect.gtg.compliance.compliancesrv.domain.mq,BroadCastStatusEnum,112,0,8,0,18,0,10,0,6,0
compliance-service,com.currenciesdirect.gtg.compliance.compliancesrv.domain.mq,MQEntityTypeEnum,54,0,0,0,6,0,1,0,1,0
compliance-service,com.currenciesdirect.gtg.compliance.compliancesrv.domain.mq,MQProviderResponse,59,0,0,0,25,0,17,0,17,0
compliance-service,com.currenciesdirect.gtg.compliance.compliancesrv.domain.fundsout.response,BankResponse,46,0,0,0,18,0,11,0,11,0
compliance-service,com.currenciesdirect.gtg.compliance.compliancesrv.domain.fundsout.response,FundsOutContactResponse,46,0,0,0,18,0,11,0,11,0
compliance-service,com.currenciesdirect.gtg.compliance.compliancesrv.domain.fundsout.response,FundsOutResponse,109,0,0,0,45,0,29,0,29,0
compliance-service,com.currenciesdirect.gtg.compliance.compliancesrv.domain.fundsout.response,FundsOutUpdateResponse,24,0,0,0,10,0,7,0,7,0
compliance-service,com.currenciesdirect.gtg.compliance.compliancesrv.domain.fundsout.response,FundsOutDeleteResponse,24,0,0,0,10,0,7,0,7,0
compliance-service,com.currenciesdirect.gtg.compliance.compliancesrv.domain.fundsout.response,BeneficiaryResponse,46,0,0,0,18,0,11,0,11,0
compliance-service,com.currenciesdirect.gtg.compliance.compliancesrv.domain.fundsout.response,BulkRecheckResponse,17,0,0,0,7,0,5,0,5,0
compliance-service,com.currenciesdirect.gtg.compliance.compliancesrv.core.validator.fraugster,FraugsterSignUpValidator,123,0,36,0,20,0,22,0,4,0
compliance-service,com.currenciesdirect.gtg.compliance.compliancesrv.core.reg,PrepareResponseHandler,174,0,19,0,47,0,16,0,6,0
compliance-service,com.currenciesdirect.gtg.compliance.compliancesrv.core.reg,ReplyHandler,232,0,6,0,65,0,8,0,5,0
compliance-service,com.currenciesdirect.gtg.compliance.compliancesrv.core.reg,RegistrationEnumValues,1586,0,72,0,364,0,54,0,18,0
compliance-service,com.currenciesdirect.gtg.compliance.compliancesrv.core.reg,EventServiceResponseSummary,17,0,0,0,7,0,5,0,5,0
compliance-service,com.currenciesdirect.gtg.compliance.compliancesrv.core.reg,RegistrationErrorHandler,166,0,2,0,44,0,6,0,5,0
compliance-service,com.currenciesdirect.gtg.compliance.compliancesrv.core.reg,DataEnricher,4139,0,466,0,943,0,320,0,87,0
compliance-service,com.currenciesdirect.gtg.compliance.compliancesrv.core.reg,RepeatCheckDataEnricher,598,0,38,0,109,0,28,0,9,0
compliance-service,com.currenciesdirect.gtg.compliance.compliancesrv.core.card.update,DataEnricher,566,0,48,0,139,0,33,0,9,0
compliance-service,com.currenciesdirect.gtg.compliance.compliancesrv.core.card.update,CardStatusEnumValues,250,0,14,0,62,0,13,0,6,0
compliance-service,com.currenciesdirect.gtg.compliance.compliancesrv.core.card.update,MessageValidator,136,0,20,0,33,0,14,0,4,0
compliance-service,com.currenciesdirect.gtg.compliance.compliancesrv.core.fraugster,FraugsterRepeatErrorHandler,52,0,0,0,15,0,3,0,3,0
compliance-service,com.currenciesdirect.gtg.compliance.compliancesrv.core.fraugster,FraugsterRepeatCheckAtivityLogBuilder,695,0,40,0,168,0,34,0,14,0
compliance-service,com.currenciesdirect.gtg.compliance.compliancesrv.core.fraugster,FraugsterResendMessageValidator,187,0,30,0,45,0,21,0,6,0
compliance-service,com.currenciesdirect.gtg.compliance.compliancesrv.core.fraugster,ResendActivityLogBuilder,514,0,18,0,129,0,21,0,12,0
compliance-service,com.currenciesdirect.gtg.compliance.compliancesrv.core.fraugster,PrepareFraugsterResendResponse,86,0,6,0,24,0,6,0,3,0
compliance-service,com.currenciesdirect.gtg.compliance.compliancesrv.restport.fundsin,FundsInController,222,0,4,0,55,0,9,0,7,0
compliance-service,com.currenciesdirect.gtg.compliance.compliancesrv.transformer.fundsin,IntuitionHistoricPaymentInTransformer,515,0,34,0,108,0,25,0,8,0
compliance-service,com.currenciesdirect.gtg.compliance.compliancesrv.transformer.fundsin,FraugsterTransformer,805,0,26,0,189,0,25,0,12,0
compliance-service,com.currenciesdirect.gtg.compliance.compliancesrv.transformer.fundsin,TransactionMonitoringTransformer,1316,193,76,6,319,45,54,5,13,5
compliance-service,com.currenciesdirect.gtg.compliance.compliancesrv.transformer.fundsin,WhiteListTransformer,286,0,18,0,70,0,13,0,4,0
compliance-service,com.currenciesdirect.gtg.compliance.compliancesrv.transformer.fundsin,InternalRuleServiceTransformer,1175,0,58,0,285,0,39,0,10,0
compliance-service,com.currenciesdirect.gtg.compliance.compliancesrv.transformer.fundsin,InternalRuleBulkRecheckTransformer,846,0,46,0,204,0,31,0,8,0
compliance-service,com.currenciesdirect.gtg.compliance.compliancesrv.transformer.fundsin,SanctionTransformer,836,0,50,0,218,0,42,0,17,0
compliance-service,com.currenciesdirect.gtg.compliance.compliancesrv.transformer.fundsin,SanctionBulkRecheckTransformer,824,0,50,0,222,0,42,0,17,0
compliance-service,com.currenciesdirect.gtg.compliance.compliancesrv.transformer.fundsin,CustomCheckBulkRecheckTransformer,291,0,8,0,74,0,8,0,4,0
compliance-service,com.currenciesdirect.gtg.compliance.compliancesrv.transformer.fundsin,FraugsterBulkRecheckTransformer,665,0,26,0,156,0,23,0,10,0
compliance-service,com.currenciesdirect.gtg.compliance.compliancesrv.transformer.fundsin,CustomChecksTransformer,314,0,12,0,74,0,10,0,4,0
compliance-service,com.currenciesdirect.gtg.compliance.compliancesrv.domain.ordercardsrv.response,PostCardTransactionResponse,3,0,0,0,1,0,1,0,1,0
compliance-service,com.currenciesdirect.gtg.compliance.compliancesrv.domain.ordercardsrv.response,OrderCardResponse,24,0,0,0,10,0,7,0,7,0
compliance-service,com.currenciesdirect.gtg.compliance.compliancesrv.domain.ordercardsrv,SecondaryAddressDelivery,24,0,0,0,2,0,1,0,1,0
compliance-service,com.currenciesdirect.gtg.compliance.compliancesrv.domain.ordercardsrv,OrderCardStatusUpdateRequest,61,0,0,0,26,0,18,0,18,0
compliance-service,com.currenciesdirect.gtg.compliance.compliancesrv.domain.ordercardsrv,OrderCardRequest,164,0,6,0,36,0,25,0,22,0
compliance-service,com.currenciesdirect.gtg.compliance.compliancesrv.domain.ordercardsrv,PostCardTransactionRequest,640,0,0,0,274,0,183,0,183,0
compliance-service,com.currenciesdirect.gtg.compliance.compliancesrv.core.sanctioncsv,SanctionUploadSuccessHandler,12,0,0,0,4,0,3,0,3,0
compliance-service,com.currenciesdirect.gtg.compliance.compliancesrv.core.sanctioncsv,SanctionCsvMaker,344,0,8,0,78,0,10,0,6,0
compliance-service,com.currenciesdirect.gtg.compliance.compliancesrv.core.sanctioncsv,SanctionSchedulerCronJob,9,0,0,0,3,0,3,0,3,0
compliance-service,com.currenciesdirect.gtg.compliance.compliancesrv.core.sanctioncsv,SanctionCsvUploadSessionConf,31,0,0,0,13,0,9,0,9,0
compliance-service,com.currenciesdirect.gtg.compliance.compliancesrv.core.sanctioncsv,SanctionCsvQueryConstant,92,0,0,0,12,0,3,0,3,0
compliance-service,com.currenciesdirect.gtg.compliance.compliancesrv.core.sanctioncsv,SanctionUplaodErrorHandler,21,0,0,0,6,0,3,0,3,0
compliance-service,com.currenciesdirect.gtg.compliance.compliancesrv.core.sanctioncsv,SanctionCsvMessageContext,35,0,0,0,15,0,10,0,10,0
compliance-service,com.currenciesdirect.gtg.compliance.compliancesrv.core.sanctioncsv,SanctionCsvRetryHandler,157,0,2,0,38,0,5,0,4,0
compliance-service,com.currenciesdirect.gtg.compliance.compliancesrv.core.sanctioncsv,SanctionCsvDBColumns,92,0,0,0,7,0,3,0,3,0
compliance-service,com.currenciesdirect.gtg.compliance.compliancesrv.core.sanctioncsv,SanctionCsvUploadScheduler,57,0,2,0,18,0,5,0,4,0
compliance-service,com.currenciesdirect.gtg.compliance.compliancesrv.core.sanctioncsv,SanctionCsvDBServiceImpl,858,0,22,0,229,0,22,0,11,0
compliance-service,com.currenciesdirect.gtg.compliance.compliancesrv.core.sanctioncsv,SanctionCsvFlowService,78,0,2,0,23,0,6,0,5,0
compliance-service,com.currenciesdirect.gtg.compliance.compliancesrv.core.sanctioncsv,SanctionCsvUploadServerConf,31,0,0,0,13,0,9,0,9,0
compliance-service,com.currenciesdirect.gtg.compliance.compliancesrv.core.sanctioncsv,SanctionCsvRequest,59,0,0,0,25,0,17,0,17,0
compliance-service,com.currenciesdirect.gtg.compliance.compliancesrv.core.validator.titan,MessageValidator,100,0,2,0,24,0,5,0,4,0
compliance-service,com.currenciesdirect.gtg.compliance.compliancesrv.ibmmq.mqport,PostTransactionMessageListnerImpl,31,0,2,0,11,0,4,0,3,0
compliance-service,com.currenciesdirect.gtg.compliance.compliancesrv.flowcontrol.filter,ValidationFilter,20,0,2,0,4,0,3,0,2,0
compliance-service,com.currenciesdirect.gtg.compliance.compliancesrv.core.statusupdate,DataValidator,168,0,24,0,40,0,16,0,4,0
compliance-service,com.currenciesdirect.gtg.compliance.compliancesrv.core.statusupdate,StatusUpdateTransformer,211,0,8,0,49,0,8,0,4,0
compliance-service,com.currenciesdirect.gtg.compliance.compliancesrv.core.statusupdate,UpdateProfileStatus,763,0,78,0,174,0,51,0,12,0
compliance-service,com.currenciesdirect.gtg.compliance.compliancesrv.core.statusupdate,WatchlistRules.WatchListEntry,17,0,0,0,7,0,5,0,5,0
compliance-service,com.currenciesdirect.gtg.compliance.compliancesrv.core.statusupdate,EventDBServiceImpl,621,0,26,0,143,0,23,0,10,0
compliance-service,com.currenciesdirect.gtg.compliance.compliancesrv.core.statusupdate,ReplyHandler,66,0,4,0,17,0,5,0,3,0
compliance-service,com.currenciesdirect.gtg.compliance.compliancesrv.core.statusupdate,WatchlistRules,336,0,24,0,88,0,20,0,8,0
compliance-service,com.currenciesdirect.gtg.compliance.compliancesrv.core.statusupdate,MessageValidator,137,0,6,0,34,0,8,0,5,0
compliance-service,com.currenciesdirect.gtg.compliance.compliancesrv.core.statusupdate,StatusUpdateResponse,29,0,0,0,8,0,6,0,6,0
compliance-service,com.currenciesdirect.gtg.compliance.compliancesrv.core.statusupdate,DataEnricher,109,0,0,0,26,0,3,0,3,0
compliance-service,com.currenciesdirect.gtg.compliance.compliancesrv.flowcontrol,FundsInAggregator,171,0,25,0,42,0,19,0,5,0
compliance-service,com.currenciesdirect.gtg.compliance.compliancesrv.flowcontrol,FundsOutAggregator,170,0,25,0,42,0,19,0,5,0
compliance-service,com.currenciesdirect.gtg.compliance.compliancesrv.flowcontrol,RequestMessageSplitter,47,0,2,0,13,0,4,0,3,0
compliance-service,com.currenciesdirect.gtg.compliance.compliancesrv.flowcontrol,ResponseMessageAggregator,160,0,22,0,40,0,17,0,5,0
compliance-service,com.currenciesdirect.gtg.compliance.compliancesrv.kafkatxdatalake.config,KafkaTxConfig,37,0,0,0,6,0,4,0,4,0
compliance-service,com.currenciesdirect.gtg.compliance.compliancesrv.domain.customchecks.response,CustomCheckResendResponse,31,0,0,0,13,0,9,0,9,0
compliance-service,com.currenciesdirect.gtg.compliance.compliancesrv.core.sanctioncaching,CachingConfig,28,0,0,0,6,0,3,0,3,0
compliance-service,com.currenciesdirect.gtg.compliance.compliancesrv.core.sanctioncaching,ContactSanctionResponseCaching,47,0,0,0,18,0,5,0,5,0
compliance-service,com.currenciesdirect.gtg.compliance.compliancesrv.core.sanctioncaching,SanctionCacheScheduler,23,0,0,0,9,0,3,0,3,0
compliance-service,com.currenciesdirect.gtg.compliance.compliancesrv.core.sanctioncaching,SanctionCachingServiceImpl,62,0,2,0,24,0,7,0,6,0
compliance-service,com.currenciesdirect.gtg.compliance.compliancesrv.restport.dataanonymization,DataAnonController,63,0,2,0,16,0,4,0,3,0
compliance-service,com.currenciesdirect.gtg.compliance.compliancesrv.domain.reg,ContactStatus,94,0,0,0,23,0,16,0,16,0
compliance-service,com.currenciesdirect.gtg.compliance.compliancesrv.domain.reg,EnquiryResponse,10,0,0,0,4,0,3,0,3,0
compliance-service,com.currenciesdirect.gtg.compliance.compliancesrv.domain.reg,Company,644,137,142,0,128,57,83,35,12,35
compliance-service,com.currenciesdirect.gtg.compliance.compliancesrv.domain.reg,EventServiceLog,408,94,86,0,78,40,50,27,7,27
compliance-service,com.currenciesdirect.gtg.compliance.compliancesrv.domain.reg,Contact,808,709,62,6,222,285,110,188,76,188
compliance-service,com.currenciesdirect.gtg.compliance.compliancesrv.domain.reg,EventServiceLogSummary,31,42,0,0,13,18,9,12,9,12
compliance-service,com.currenciesdirect.gtg.compliance.compliancesrv.domain.reg,RiskProfile,1094,216,254,0,203,92,132,62,5,62
compliance-service,com.currenciesdirect.gtg.compliance.compliancesrv.domain.reg,Account,2507,368,430,0,461,151,260,99,45,99
compliance-service,com.currenciesdirect.gtg.compliance.compliancesrv.domain.reg,Person,45,0,0,0,19,0,13,0,13,0
compliance-service,com.currenciesdirect.gtg.compliance.compliancesrv.domain.reg,RegistrationServiceRequest,471,42,50,0,95,18,60,11,35,11
compliance-service,com.currenciesdirect.gtg.compliance.compliancesrv.domain.reg,Card,115,0,0,0,18,0,33,0,33,0
compliance-service,com.currenciesdirect.gtg.compliance.compliancesrv.domain.reg,CorperateCompliance,922,181,214,0,170,77,111,52,4,52
compliance-service,com.currenciesdirect.gtg.compliance.compliancesrv.core.docupload,KycDocUploadStatusResponse,57,0,2,0,15,0,4,0,3,0
compliance-service,com.currenciesdirect.gtg.compliance.compliancesrv.domain.postcardtransactionmq,PostCardTransactionMQRequest,45,0,0,0,19,0,13,0,13,0
compliance-service,com.currenciesdirect.gtg.compliance.compliancesrv.domain.postcardtransactionmq,IntuitionPostCardAccountMQRequest,10,0,0,0,3,0,3,0,3,0
compliance-service,com.currenciesdirect.gtg.compliance.compliancesrv.domain.postcardtransactionmq,IntuitionPostCardTransactionMQRequest,178,0,0,0,27,0,51,0,51,0
compliance-service,com.currenciesdirect.gtg.compliance.compliancesrv.domain.postcardtransactionmq,IntuitionPostCardIPDeviceMQRequest,143,0,0,0,22,0,41,0,41,0
compliance-service,com.currenciesdirect.gtg.compliance.compliancesrv.domain.postcardtransactionmq,IntuitionPostCardMQRequest,273,0,0,0,40,0,77,0,77,0
compliance-service,com.currenciesdirect.gtg.compliance.compliancesrv.domain.postcardtransactionmq,IntuitionPostCardChargebackMQRequest,31,0,0,0,6,0,9,0,9,0
compliance-service,com.currenciesdirect.gtg.compliance.compliancesrv.core.card,MessageValidator,214,0,24,0,54,0,18,0,6,0
compliance-service,com.currenciesdirect.gtg.compliance.compliancesrv.core.card,OrderCardErrorHandler,122,0,2,0,32,0,5,0,4,0
compliance-service,com.currenciesdirect.gtg.compliance.compliancesrv.core.card,OrderCardResponseBuilder,92,0,8,0,23,0,7,0,3,0
compliance-service,com.currenciesdirect.gtg.compliance.compliancesrv.core.card,DataEnricher,353,0,14,0,91,0,14,0,7,0
compliance-service,com.currenciesdirect.gtg.compliance.compliancesrv.core.card,PostCardTransactionResponseBuilder,71,0,4,0,18,0,5,0,3,0
compliance-service,com.currenciesdirect.gtg.compliance.compliancesrv.core.card,RegistrationErrorHandler,100,0,0,0,28,0,3,0,3,0
compliance-service,com.currenciesdirect.gtg.compliance.compliancesrv.domain.kafkatxdatalake,KafkaFailedRequestStatus,112,0,8,0,18,0,10,0,6,0
compliance-service,com.currenciesdirect.gtg.compliance.compliancesrv.domain.kafkatxdatalake,DataLakeTxResponse,33,0,0,0,14,0,7,0,7,0
compliance-service,com.currenciesdirect.gtg.compliance.compliancesrv.domain.kafkatxdatalake,KafkaFailedTxRequestAudit,106,0,0,0,26,0,18,0,18,0
compliance-service,com.currenciesdirect.gtg.compliance.compliancesrv.domain.kafkatxdatalake,KafkaFailedRetryRequest,46,0,0,0,11,0,8,0,8,0
compliance-service,com.currenciesdirect.gtg.compliance.compliancesrv.core.blacklist,ResendActivityLogBuilder,811,0,34,0,198,0,33,0,16,0
compliance-service,com.currenciesdirect.gtg.compliance.compliancesrv.core.blacklist,PaymentReferenceResendActivityLogBuilder,287,0,12,0,76,0,14,0,8,0
compliance-service,com.currenciesdirect.gtg.compliance.compliancesrv.core.blacklist,BlacklistRepeatErrorHandler,52,0,0,0,15,0,3,0,3,0
compliance-service,com.currenciesdirect.gtg.compliance.compliancesrv.core.blacklist,PrepareBlacklistResendResponse,86,0,6,0,24,0,6,0,3,0
compliance-service,com.currenciesdirect.gtg.compliance.compliancesrv.core.blacklist,BlacklistResendMessageValidator,193,0,30,0,47,0,22,0,7,0
compliance-service,com.currenciesdirect.gtg.compliance.compliancesrv.core.blacklist,PrepareBlacklistPayRefResendResponse,86,0,6,0,24,0,6,0,3,0
compliance-service,com.currenciesdirect.gtg.compliance.compliancesrv.restport.sanction,SanctionController,175,0,0,0,37,0,7,0,7,0
compliance-service,com.currenciesdirect.gtg.compliance.compliancesrv.domain.profile,SignUpRequestWrapper,17,0,0,0,7,0,5,0,5,0
compliance-service,com.currenciesdirect.gtg.compliance.compliancesrv.domain.profile,RiskProfile,220,0,0,0,94,0,63,0,63,0
compliance-service,com.currenciesdirect.gtg.compliance.compliancesrv.domain.profile,Company,122,0,0,0,52,0,35,0,35,0
compliance-service,com.currenciesdirect.gtg.compliance.compliancesrv.domain.profile,SignUpRequest,96,0,14,0,23,0,13,0,6,0
compliance-service,com.currenciesdirect.gtg.compliance.compliancesrv.domain.profile,AddContactRequest,168,0,30,0,41,0,25,0,10,0
compliance-service,com.currenciesdirect.gtg.compliance.compliancesrv.domain.profile,UpdateProfileRequest,101,0,14,0,23,0,13,0,6,0
compliance-service,com.currenciesdirect.gtg.compliance.compliancesrv.domain.profile,CorperateCompliance,185,0,0,0,79,0,53,0,53,0
compliance-service,com.currenciesdirect.gtg.compliance.compliancesrv.domain.profile,ProfileReuqest,218,0,38,0,57,0,35,0,16,0
compliance-service,com.currenciesdirect.gtg.compliance.compliancesrv.domain.profile,UpdateContact,3688,0,690,0,833,0,551,0,206,0
compliance-service,com.currenciesdirect.gtg.compliance.compliancesrv.domain.profile,UpdateAccount,1804,0,338,0,397,0,262,0,93,0
compliance-service,com.currenciesdirect.gtg.compliance.compliancesrv.core.validator.reg,DataValidator,422,266,99,25,91,61,67,13,7,11
compliance-service,com.currenciesdirect.gtg.compliance.compliancesrv.core.validator.reg,MessageValidator,154,0,16,0,39,0,14,0,6,0
compliance-service,com.currenciesdirect.gtg.compliance.compliancesrv.core.validator.reg,SignUpValidator,80,0,20,0,17,0,14,0,4,0
compliance-service,com.currenciesdirect.gtg.compliance.compliancesrv.core.onfidostatusupdate,OnfidoStatusUpdateDataEnricher,90,0,10,0,26,0,12,0,7,0
compliance-service,com.currenciesdirect.gtg.compliance.compliancesrv.core.onfidostatusupdate,OnfidoStatusUpdateDataValidator,136,0,12,0,37,0,12,0,6,0
compliance-service,com.currenciesdirect.gtg.compliance.compliancesrv.core.onfidostatusupdate,OnfidoStatusUpdateActivityLogs,371,0,24,0,91,0,18,0,6,0
compliance-service,com.currenciesdirect.gtg.compliance.compliancesrv.core.onfidostatusupdate,OnfidoStatusUpdateErrorHandler,73,0,0,0,19,0,4,0,4,0
compliance-service,com.currenciesdirect.gtg.compliance.compliancesrv.core.onfidostatusupdate,OnfidoStatusUpdateMessageValidator,149,0,20,0,36,0,14,0,4,0
compliance-service,com.currenciesdirect.gtg.compliance.compliancesrv.core.onfidostatusupdate,OnfidoStatusUpdate,99,0,2,0,27,0,4,0,3,0
compliance-service,com.currenciesdirect.gtg.compliance.compliancesrv.core.onfidostatusupdate,OnfidoStatusUpdateTransformer,388,0,14,0,93,0,14,0,7,0
compliance-service,com.currenciesdirect.gtg.compliance.compliancesrv.core.onfidostatusupdate,OnfidoStatusUpdateResponseHandler,80,0,6,0,20,0,6,0,3,0
compliance-service,com.currenciesdirect.gtg.compliance.compliancesrv.core.sanction,PrepareSanctionResendResponse,86,0,6,0,23,0,6,0,3,0
compliance-service,com.currenciesdirect.gtg.compliance.compliancesrv.core.sanction,SanctionRepeatErrorHandler,60,0,0,0,17,0,3,0,3,0
compliance-service,com.currenciesdirect.gtg.compliance.compliancesrv.core.sanction,SanctionRepeatCheckAtivityLogBuilder,941,0,52,0,222,0,45,0,19,0
compliance-service,com.currenciesdirect.gtg.compliance.compliancesrv.core.sanction,SanctionResendMessageValidator,187,0,30,0,45,0,21,0,6,0
compliance-service,com.currenciesdirect.gtg.compliance.compliancesrv.core.sanction,SanctionUpdateErrorHandler,73,0,0,0,19,0,4,0,4,0
compliance-service,com.currenciesdirect.gtg.compliance.compliancesrv.core.sanction,PrepareSanctionUpdateResponse,80,0,6,0,20,0,6,0,3,0
compliance-service,com.currenciesdirect.gtg.compliance.compliancesrv.restport.fundsin.request,FundsInTrade,624,0,4,0,172,0,96,0,94,0
compliance-service,com.currenciesdirect.gtg.compliance.compliancesrv.restport.fundsin.request,FundsInCreateRequest,55,0,0,0,23,0,15,0,15,0
compliance-service,com.currenciesdirect.gtg.compliance.compliancesrv.restport.fundsin.request,FundsInBaseRequest,31,0,0,0,13,0,9,0,9,0
compliance-service,com.currenciesdirect.gtg.compliance.compliancesrv.restport.fundsin.request,RiskScore,104,0,4,0,26,0,16,0,14,0
compliance-service,com.currenciesdirect.gtg.compliance.compliancesrv.transformer.card.update,OrderCardStatusUpdateTransformer,82,0,0,0,28,0,5,0,5,0
compliance-service,com.currenciesdirect.gtg.compliance.compliancesrv.util,ParseHouseStreetNumber,303,0,46,0,70,0,34,0,11,0
compliance-service,com.currenciesdirect.gtg.compliance.compliancesrv.util,MQHttpClient,312,0,32,0,85,0,29,0,12,0
compliance-service,com.currenciesdirect.gtg.compliance.compliancesrv.util,StringUtils,43,23,2,6,4,8,4,4,2,2
compliance-service,com.currenciesdirect.gtg.compliance.compliancesrv.util,JsonConverterUtil,29,30,0,0,11,7,1,3,1,3
compliance-service,com.currenciesdirect.gtg.compliance.compliancesrv.util,MQHttpClient.IdleConnectionMonitorThread,78,0,2,0,25,0,4,0,3,0
compliance-service,com.currenciesdirect.gtg.compliance.compliancesrv.util,DateTimeFormatter,334,0,22,0,53,0,17,0,6,0
compliance-service,com.currenciesdirect.gtg.compliance.compliancesrv.util,HTTPRoute,23,0,0,0,10,0,5,0,5,0
compliance-service,com.currenciesdirect.gtg.compliance.compliancesrv.util,AppContext,5,0,0,0,3,0,2,0,2,0
compliance-service,com.currenciesdirect.gtg.compliance.compliancesrv.util,ApplicationContextProvider,6,0,0,0,3,0,2,0,2,0
compliance-service,com.currenciesdirect.gtg.compliance.compliancesrv.util,ObjectCloner,17,50,2,2,7,16,2,2,0,2
compliance-service,com.currenciesdirect.gtg.compliance.compliancesrv.util,PropertyHandler,14,0,2,0,6,0,2,0,1,0
compliance-service,com.currenciesdirect.gtg.compliance.compliancesrv.util,IdleConnectionMonitorThread,57,0,2,0,21,0,5,0,4,0
compliance-service,com.currenciesdirect.gtg.compliance.compliancesrv.util,SoapClient,297,0,10,0,91,0,14,0,9,0
compliance-service,com.currenciesdirect.gtg.compliance.compliancesrv.util,DoubleSerializer,12,0,0,0,4,0,2,0,2,0
compliance-service,com.currenciesdirect.gtg.compliance.compliancesrv.util,ParseSSNNumber,234,0,38,0,58,0,27,0,8,0
compliance-service,com.currenciesdirect.gtg.compliance.compliancesrv.util,CopyObjectUtil,1144,0,230,0,217,0,141,0,26,0
compliance-service,com.currenciesdirect.gtg.compliance.compliancesrv.util,ResteasyClientHandler,110,0,2,0,30,0,6,0,5,0
compliance-service,com.currenciesdirect.gtg.compliance.compliancesrv.util,HttpClientPool,454,0,36,0,120,0,39,0,20,0
compliance-service,com.currenciesdirect.gtg.compliance.compliancesrv.util,Constants,0,7,0,0,0,2,0,1,0,1
compliance-service,com.currenciesdirect.gtg.compliance.compliancesrv.util,MQHttpClient.Singleton,72,0,0,0,16,0,3,0,3,0
compliance-service,com.currenciesdirect.gtg.compliance.compliancesrv.util,LongAndIntegerUtils,31,0,0,0,7,0,2,0,2,0
compliance-service,com.currenciesdirect.gtg.compliance.compliancesrv.util,MQHttpClient.IdleConnectionMonitorThread.Stop,20,0,0,0,6,0,3,0,3,0
compliance-service,com.currenciesdirect.gtg.compliance.compliancesrv.util,SoapClient.ClientPasswordCallback,12,0,0,0,4,0,2,0,2,0
compliance-service,com.currenciesdirect.gtg.compliance.compliancesrv.domain.transactionmonitoringmq,IntuitionAccountMQRequest,108,0,0,0,17,0,31,0,31,0
compliance-service,com.currenciesdirect.gtg.compliance.compliancesrv.domain.transactionmonitoringmq,IntuitionContactMQRequest,661,0,0,0,96,0,189,0,189,0
compliance-service,com.currenciesdirect.gtg.compliance.compliancesrv.domain.transactionmonitoringmq,MQBulkReprocessResponse,24,0,0,0,10,0,7,0,7,0
compliance-service,com.currenciesdirect.gtg.compliance.compliancesrv.domain.transactionmonitoringmq,IntuitionSignupMQRequest,276,0,0,0,41,0,79,0,79,0
compliance-service,com.currenciesdirect.gtg.compliance.compliancesrv.domain.transactionmonitoringmq,IntuitionMQFundsDebitCard,108,0,0,0,17,0,31,0,31,0
compliance-service,com.currenciesdirect.gtg.compliance.compliancesrv.domain.transactionmonitoringmq,IntuitionMQFundsAtlasFlags,80,0,0,0,13,0,23,0,23,0
compliance-service,com.currenciesdirect.gtg.compliance.compliancesrv.domain.transactionmonitoringmq,TransactionMonitoringMQRequest,80,0,0,0,34,0,23,0,23,0
compliance-service,com.currenciesdirect.gtg.compliance.compliancesrv.domain.transactionmonitoringmq,IntuitionPaymentINMQRequest,318,0,0,0,47,0,91,0,91,0
compliance-service,com.currenciesdirect.gtg.compliance.compliancesrv.domain.transactionmonitoringmq,IntuitionPaymentOUTMQRequest,290,0,0,0,43,0,83,0,83,0
compliance-service,com.currenciesdirect.gtg.compliance.compliancesrv.domain.transactionmonitoringmq,IntuitionIPDeviceMQRequest,152,0,0,0,64,0,44,0,44,0
compliance-service,com.currenciesdirect.gtg.compliance.compliancesrv.domain.transactionmonitoringmq,IntuitionMQFundsCalculations,10,0,0,0,3,0,3,0,3,0
compliance-service,com.currenciesdirect.gtg.compliance.compliancesrv.domain.transactionmonitoringmq,IntuitionCFXLegalEntityMQRequest,339,0,0,0,50,0,97,0,97,0
compliance-service,com.currenciesdirect.gtg.compliance.compliancesrv.domain.transactionmonitoringmq,IntuitionMQFundsDeviceAndIP,94,0,0,0,15,0,27,0,27,0
compliance-service,com.currenciesdirect.gtg.compliance.compliancesrv.domain.transactionmonitoringmq,IntuitionMQFundsTransactional,101,0,0,0,16,0,29,0,29,0
compliance-service,com.currenciesdirect.gtg.compliance.compliancesrv.domain.transactionmonitoringmq,IntuitionCardMQRequest,556,0,102,0,13,0,80,0,29,0
compliance-service,com.currenciesdirect.gtg.compliance.compliancesrv.config,Practice,83,0,4,0,9,0,5,0,3,0
compliance-service,com.currenciesdirect.gtg.compliance.compliancesrv.core.fundsin,FundsInReasonCode,560,0,0,0,50,0,6,0,6,0
compliance-service,com.currenciesdirect.gtg.compliance.compliancesrv.core.fundsin,DataEnricher,1874,0,150,0,437,0,105,0,30,0
compliance-service,com.currenciesdirect.gtg.compliance.compliancesrv.core.fundsin,ReplyHandler,165,0,14,0,41,0,11,0,4,0
compliance-service,com.currenciesdirect.gtg.compliance.compliancesrv.core.fundsin,FundsInErrorHandler,101,0,0,0,25,0,4,0,4,0
compliance-service,com.currenciesdirect.gtg.compliance.compliancesrv.core.fundsin,FundsInShortReasonCode,599,0,0,0,53,0,6,0,6,0
compliance-service,com.currenciesdirect.gtg.compliance.compliancesrv.core.fundsin,FundsInComplianceStatus,164,0,8,0,22,0,10,0,6,0
compliance-service,com.currenciesdirect.gtg.compliance.compliancesrv.restport.fundsout.request,UpdateTrade,24,0,0,0,10,0,7,0,7,0
compliance-service,com.currenciesdirect.gtg.compliance.compliancesrv.restport.fundsout.request,Beneficiary,190,0,10,0,73,0,48,0,43,0
compliance-service,com.currenciesdirect.gtg.compliance.compliancesrv.restport.fundsout.request,Trade,122,0,0,0,52,0,35,0,35,0
compliance-service,com.currenciesdirect.gtg.compliance.compliancesrv.restport.fundsout.request,UpdateBeneficiary,119,0,22,0,31,0,19,0,8,0
compliance-service,com.currenciesdirect.gtg.compliance.compliancesrv.restport.fundsout.request,FundsOutBaseRequest,45,0,0,0,19,0,13,0,13,0
compliance-service,com.currenciesdirect.gtg.compliance.compliancesrv.restport.fundsout.request,FundsOutUpdateRequest,168,0,30,0,42,0,27,0,12,0
compliance-service,com.currenciesdirect.gtg.compliance.compliancesrv.restport.fundsout.request,FundsOutDeleteRequest,17,0,0,0,7,0,5,0,5,0
compliance-service,com.currenciesdirect.gtg.compliance.compliancesrv.restport.fundsout.request,FundsOutRequest,83,0,0,0,33,0,21,0,21,0
compliance-service,com.currenciesdirect.gtg.compliance.compliancesrv.restport.reg,RegistrationController,510,0,18,0,124,0,21,0,12,0
compliance-service,com.currenciesdirect.gtg.compliance.compliancesrv.restport.reg,KycDocUploadStatusController,7,0,0,0,2,0,2,0,2,0
