GROUP,PACKAGE,CLASS,INSTRUCTION_MISSED,INSTRUCTION_COVERED,BRANCH_MISSED,BRANCH_COVERED,LINE_MISSED,LINE_COVERED,COMPLEXITY_MISSED,COMPLEXITY_COVERED,METHOD_MISSED,METHOD_COVERED
kyc-service,com.verid.carbon.integration,FlexIDResult.Models,14,0,2,0,4,0,3,0,2,0
kyc-service,com.verid.carbon.integration,ArrayOfRedFlag,14,0,2,0,4,0,3,0,2,0
kyc-service,com.verid.carbon.integration,FlexIDName,45,0,0,0,19,0,13,0,13,0
kyc-service,com.verid.carbon.integration,CustomInputParameterType,24,0,0,0,10,0,7,0,7,0
kyc-service,com.verid.carbon.integration,LanguageType,98,0,4,0,19,0,6,0,4,0
kyc-service,com.verid.carbon.integration,FraudPointResponseHeader,38,0,0,0,16,0,11,0,11,0
kyc-service,com.verid.carbon.integration,FlexIDEspException,31,0,0,0,13,0,9,0,9,0
kyc-service,com.verid.carbon.integration,FraudPointResponseEx,10,0,0,0,4,0,3,0,3,0
kyc-service,com.verid.carbon.integration,ResponseCodes,14,0,2,0,4,0,3,0,2,0
kyc-service,com.verid.carbon.integration,VehicleInfoType,45,0,0,0,19,0,13,0,13,0
kyc-service,com.verid.carbon.integration,CallcenterType,28,0,2,0,10,0,7,0,6,0
kyc-service,com.verid.carbon.integration,BirthdateType,24,0,0,0,10,0,7,0,7,0
kyc-service,com.verid.carbon.integration,BillToType,17,0,0,0,7,0,5,0,5,0
kyc-service,com.verid.carbon.integration,SchoolsType,14,0,2,0,4,0,3,0,2,0
kyc-service,com.verid.carbon.integration,FlexIDResult,80,0,0,0,34,0,23,0,23,0
kyc-service,com.verid.carbon.integration,IdentityReversePhone,17,0,0,0,7,0,5,0,5,0
kyc-service,com.verid.carbon.integration,InstantIDResult.Models,14,0,2,0,4,0,3,0,2,0
kyc-service,com.verid.carbon.integration,HttpHeaderType.HeaderFields,17,0,0,0,7,0,5,0,5,0
kyc-service,com.verid.carbon.integration,ProductCategoryType,736,0,4,0,135,0,6,0,4,0
kyc-service,com.verid.carbon.integration,FlexIDSearchBy,94,0,0,0,40,0,27,0,27,0
kyc-service,com.verid.carbon.integration,AddressType,101,0,0,0,43,0,29,0,29,0
kyc-service,com.verid.carbon.integration,DocumentIdType,76,0,4,0,15,0,6,0,4,0
kyc-service,com.verid.carbon.integration,UkAddressType,73,0,0,0,31,0,21,0,21,0
kyc-service,com.verid.carbon.integration,FraudPointWsException,31,0,0,0,13,0,9,0,9,0
kyc-service,com.verid.carbon.integration,FraudPointName,45,0,0,0,19,0,13,0,13,0
kyc-service,com.verid.carbon.integration,ExternalResponsesType,31,0,0,0,13,0,9,0,9,0
kyc-service,com.verid.carbon.integration,FlexIDScoreSequencedHRI.HighRiskIndicators,14,0,2,0,4,0,3,0,2,0
kyc-service,com.verid.carbon.integration,TransactionAuthenticationCheck,24,0,0,0,10,0,7,0,7,0
kyc-service,com.verid.carbon.integration,PointOfSaleType,3,0,0,0,1,0,1,0,1,0
kyc-service,com.verid.carbon.integration,InputLicenseType,24,0,0,0,10,0,7,0,7,0
kyc-service,com.verid.carbon.integration,CustomDataInputType,14,0,2,0,4,0,3,0,2,0
kyc-service,com.verid.carbon.integration,FlexIDDOBMatchOptions,17,0,0,0,7,0,5,0,5,0
kyc-service,com.verid.carbon.integration,InstantIDResponseEx,10,0,0,0,4,0,3,0,3,0
kyc-service,com.verid.carbon.integration,FraudPointModelWithIndices.Scores,14,0,2,0,4,0,3,0,2,0
kyc-service,com.verid.carbon.integration,InstantIDSearchBy,157,0,0,0,67,0,45,0,45,0
kyc-service,com.verid.carbon.integration,FlexIDResponseHeader,38,0,0,0,16,0,11,0,11,0
kyc-service,com.verid.carbon.integration,PhoneNumberContextType,109,0,4,0,21,0,6,0,4,0
kyc-service,com.verid.carbon.integration,FlexIDOption.WatchLists,14,0,2,0,4,0,3,0,2,0
kyc-service,com.verid.carbon.integration,Check,45,0,0,0,19,0,13,0,13,0
kyc-service,com.verid.carbon.integration,FraudPointRedFlag,17,0,0,0,7,0,5,0,5,0
kyc-service,com.verid.carbon.integration,FraudPointResult.Models,14,0,2,0,4,0,3,0,2,0
kyc-service,com.verid.carbon.integration,RedFlagsReport,17,0,0,0,7,0,5,0,5,0
kyc-service,com.verid.carbon.integration,ChronologyHistory,38,0,0,0,16,0,11,0,11,0
kyc-service,com.verid.carbon.integration,RiskComponentType,17,0,0,0,7,0,5,0,5,0
kyc-service,com.verid.carbon.integration,AccountCategoryType,241,0,4,0,45,0,6,0,4,0
kyc-service,com.verid.carbon.integration,FlexIDModelOption,17,0,0,0,7,0,5,0,5,0
kyc-service,com.verid.carbon.integration,RedFlag.HighRiskIndicators,14,0,2,0,4,0,3,0,2,0
kyc-service,com.verid.carbon.integration,AccountType,35,0,2,0,13,0,9,0,8,0
kyc-service,com.verid.carbon.integration,FlexIDRequest,24,0,0,0,10,0,7,0,7,0
kyc-service,com.verid.carbon.integration,TransactionAuthenticationCheck.Settings,3,0,0,0,1,0,1,0,1,0
kyc-service,com.verid.carbon.integration,IdentityAssertionType,17,0,0,0,7,0,5,0,5,0
kyc-service,com.verid.carbon.integration,LanguageVenueType,87,0,4,0,17,0,6,0,4,0
kyc-service,com.verid.carbon.integration,HeaderFieldsType,3,0,0,0,1,0,1,0,1,0
kyc-service,com.verid.carbon.integration,ModelSequenced.Scores,14,0,2,0,4,0,3,0,2,0
kyc-service,com.verid.carbon.integration,SSNInfo,38,0,0,0,16,0,11,0,11,0
kyc-service,com.verid.carbon.integration,Info,31,0,0,0,13,0,9,0,9,0
kyc-service,com.verid.carbon.integration,ModelSequenced,17,0,0,0,7,0,5,0,5,0
kyc-service,com.verid.carbon.integration,ScoreSequenced,31,0,0,0,13,0,9,0,9,0
kyc-service,com.verid.carbon.integration,FlexIDRiskIndicator,17,0,0,0,7,0,5,0,5,0
kyc-service,com.verid.carbon.integration,SpecialFeatureType,17,0,0,0,7,0,5,0,5,0
kyc-service,com.verid.carbon.integration,OrderedByType,17,0,0,0,7,0,5,0,5,0
kyc-service,com.verid.carbon.integration,FlexIDComprehensiveVerificationStruct,24,0,0,0,10,0,7,0,7,0
kyc-service,com.verid.carbon.integration,Passport,45,0,0,0,19,0,13,0,13,0
kyc-service,com.verid.carbon.integration,FraudPointModelWithIndices,17,0,0,0,7,0,5,0,5,0
kyc-service,com.verid.carbon.integration,FraudPointArrayOfRedFlag,14,0,2,0,4,0,3,0,2,0
kyc-service,com.verid.carbon.integration,SecurityQuestionType,24,0,0,0,10,0,7,0,7,0
kyc-service,com.verid.carbon.integration,OnlineType,10,0,0,0,4,0,3,0,3,0
kyc-service,com.verid.carbon.integration,FlexIDDOBMatchType,98,0,4,0,19,0,6,0,4,0
kyc-service,com.verid.carbon.integration,QuestionType,57,0,6,0,19,0,13,0,10,0
kyc-service,com.verid.carbon.integration,ScoreSequenced.RiskIndicators,14,0,2,0,4,0,3,0,2,0
kyc-service,com.verid.carbon.integration,FraudPointResponse,17,0,0,0,7,0,5,0,5,0
kyc-service,com.verid.carbon.integration,ChoicesType,14,0,2,0,4,0,3,0,2,0
kyc-service,com.verid.carbon.integration,AddressContextType,109,0,4,0,21,0,6,0,4,0
kyc-service,com.verid.carbon.integration,FlexIDOption,122,0,0,0,52,0,35,0,35,0
kyc-service,com.verid.carbon.integration,FlexIDValidElementSummary,52,0,0,0,22,0,15,0,15,0
kyc-service,com.verid.carbon.integration,TransactionResponse,42,0,2,0,16,0,11,0,10,0
kyc-service,com.verid.carbon.integration,FraudPointTimeStamp,45,0,0,0,19,0,13,0,13,0
kyc-service,com.verid.carbon.integration,ResponseHeader.Exceptions,14,0,2,0,4,0,3,0,2,0
kyc-service,com.verid.carbon.integration,TransactionContinue,31,0,0,0,13,0,9,0,9,0
kyc-service,com.verid.carbon.integration,FraudPointArrayOfEspException,21,0,2,0,7,0,5,0,4,0
kyc-service,com.verid.carbon.integration,InternationalizationType,17,0,0,0,7,0,5,0,5,0
kyc-service,com.verid.carbon.integration,FraudPointModelRequest,17,0,0,0,7,0,5,0,5,0
kyc-service,com.verid.carbon.integration,FraudPointRedFlag.HighRiskIndicators,14,0,2,0,4,0,3,0,2,0
kyc-service,com.verid.carbon.integration,PhoneCountryType,2500,0,0,0,252,0,3,0,3,0
kyc-service,com.verid.carbon.integration,FraudPointResponseHeader.Exceptions,14,0,2,0,4,0,3,0,2,0
kyc-service,com.verid.carbon.integration,DecedentInfo,24,0,0,0,10,0,7,0,7,0
kyc-service,com.verid.carbon.integration,AssertionResponse,17,0,0,0,7,0,5,0,5,0
kyc-service,com.verid.carbon.integration,ProductType,73,0,0,0,31,0,21,0,21,0
kyc-service,com.verid.carbon.integration,CheckList,14,0,2,0,4,0,3,0,2,0
kyc-service,com.verid.carbon.integration,WsException,31,0,0,0,13,0,9,0,9,0
kyc-service,com.verid.carbon.integration,QuestionsType,21,0,2,0,7,0,5,0,4,0
kyc-service,com.verid.carbon.integration,FlexIDNameAddressPhone,24,0,0,0,10,0,7,0,7,0
kyc-service,com.verid.carbon.integration,AccountVerificationType,45,0,0,0,19,0,13,0,13,0
kyc-service,com.verid.carbon.integration,AccountOriginationType,35,0,2,0,13,0,9,0,8,0
kyc-service,com.verid.carbon.integration,FraudPointModels,17,0,0,0,7,0,5,0,5,0
kyc-service,com.verid.carbon.integration,NpisInfoType,14,0,2,0,4,0,3,0,2,0
kyc-service,com.verid.carbon.integration,FlexIDSequencedRiskIndicator,24,0,0,0,10,0,7,0,7,0
kyc-service,com.verid.carbon.integration,FraudPointRiskIndicator,17,0,0,0,7,0,5,0,5,0
kyc-service,com.verid.carbon.integration,PersonType,216,0,12,0,82,0,55,0,49,0
kyc-service,com.verid.carbon.integration,SameAsType,65,0,4,0,13,0,6,0,4,0
kyc-service,com.verid.carbon.integration,AccountMaintenanceType,38,0,0,0,16,0,11,0,11,0
kyc-service,com.verid.carbon.integration,TransactionType,35,0,2,0,13,0,9,0,8,0
kyc-service,com.verid.carbon.integration,AdditionalLastName,17,0,0,0,7,0,5,0,5,0
kyc-service,com.verid.carbon.integration,FraudPointInputEcho,136,0,0,0,58,0,39,0,39,0
kyc-service,com.verid.carbon.integration,InformationCodeType,153,0,4,0,29,0,6,0,4,0
kyc-service,com.verid.carbon.integration,FraudPointRedFlagsReport,17,0,0,0,7,0,5,0,5,0
kyc-service,com.verid.carbon.integration,FlexIDVerifiedElementSummary,80,0,0,0,34,0,23,0,23,0
kyc-service,com.verid.carbon.integration,AttachmentType,76,0,4,0,15,0,6,0,4,0
kyc-service,com.verid.carbon.integration,FlexIDModelSequencedHRI,17,0,0,0,7,0,5,0,5,0
kyc-service,com.verid.carbon.integration,ScoreSequenced.RiskIndices,14,0,2,0,4,0,3,0,2,0
kyc-service,com.verid.carbon.integration,FraudPointEspException,31,0,0,0,13,0,9,0,9,0
kyc-service,com.verid.carbon.integration,WatchList,52,0,0,0,22,0,15,0,15,0
kyc-service,com.verid.carbon.integration,AnswersType,21,0,2,0,7,0,5,0,4,0
kyc-service,com.verid.carbon.integration,Assertion,35,0,2,0,13,0,9,0,8,0
kyc-service,com.verid.carbon.integration,ResumeSettingsType,10,0,0,0,4,0,3,0,3,0
kyc-service,com.verid.carbon.integration,ProductResponseList,14,0,2,0,4,0,3,0,2,0
kyc-service,com.verid.carbon.integration,FraudPointModels.ModelRequests,14,0,2,0,4,0,3,0,2,0
kyc-service,com.verid.carbon.integration,ChoiceType,21,0,2,0,7,0,5,0,4,0
kyc-service,com.verid.carbon.integration,Date,24,0,0,0,10,0,7,0,7,0
kyc-service,com.verid.carbon.integration,FlexIDFraudPointModelWithOptions,17,0,0,0,7,0,5,0,5,0
kyc-service,com.verid.carbon.integration,InstantIDResult.PotentialFollowupActions,14,0,2,0,4,0,3,0,2,0
kyc-service,com.verid.carbon.integration,PreferredDeliveryLanguageType,40,0,0,0,6,0,3,0,3,0
kyc-service,com.verid.carbon.integration,NameAddressPhone,24,0,0,0,10,0,7,0,7,0
kyc-service,com.verid.carbon.integration,FlexIDComprehensiveVerificationStruct.PotentialFollowupActions,14,0,2,0,4,0,3,0,2,0
kyc-service,com.verid.carbon.integration,FlexIDEndUserInfo,38,0,0,0,16,0,11,0,11,0
kyc-service,com.verid.carbon.integration,FraudPointNameValuePair,17,0,0,0,7,0,5,0,5,0
kyc-service,com.verid.carbon.integration,RiskCategory,109,0,4,0,21,0,6,0,4,0
kyc-service,com.verid.carbon.integration,AccountActivityType,42,0,2,0,16,0,11,0,10,0
kyc-service,com.verid.carbon.integration,FraudCategoryType,109,0,4,0,21,0,6,0,4,0
kyc-service,com.verid.carbon.integration,InstantIDResult.RiskIndicators,14,0,2,0,4,0,3,0,2,0
kyc-service,com.verid.carbon.integration,ShipToType,17,0,0,0,7,0,5,0,5,0
kyc-service,com.verid.carbon.integration,InstantIDResponse,17,0,0,0,7,0,5,0,5,0
kyc-service,com.verid.carbon.integration,LicensesType,14,0,2,0,4,0,3,0,2,0
kyc-service,com.verid.carbon.integration,FraudPointOption,31,0,0,0,13,0,9,0,9,0
kyc-service,com.verid.carbon.integration,TransactionIdentityVerification,49,0,2,0,19,0,13,0,12,0
kyc-service,com.verid.carbon.integration,VerifiedInput,45,0,0,0,19,0,13,0,13,0
kyc-service,com.verid.carbon.integration,InputCorrected,38,0,0,0,16,0,11,0,11,0
kyc-service,com.verid.carbon.integration,DispositionResultType,65,0,4,0,13,0,6,0,4,0
kyc-service,com.verid.carbon.integration,Disposition,38,0,0,0,16,0,11,0,11,0
kyc-service,com.verid.carbon.integration,CarbonWebService,77,0,0,0,24,0,9,0,9,0
kyc-service,com.verid.carbon.integration,DispositionStatusType,98,0,4,0,19,0,6,0,4,0
kyc-service,com.verid.carbon.integration,FraudPointScoreWithIndices.RiskIndices,14,0,2,0,4,0,3,0,2,0
kyc-service,com.verid.carbon.integration,PurchaseType.Order,42,0,2,0,16,0,11,0,10,0
kyc-service,com.verid.carbon.integration,CheckResponseType,31,0,0,0,13,0,9,0,9,0
kyc-service,com.verid.carbon.integration,CredentialMethodType,197,0,4,0,37,0,6,0,4,0
kyc-service,com.verid.carbon.integration,ProductName,76,0,4,0,15,0,6,0,4,0
kyc-service,com.verid.carbon.integration,InstantIDResult,185,0,0,0,79,0,53,0,53,0
kyc-service,com.verid.carbon.integration,ModeType,120,0,4,0,23,0,6,0,4,0
kyc-service,com.verid.carbon.integration,TransactionStatusType,60,0,4,0,22,0,15,0,13,0
kyc-service,com.verid.carbon.integration,FraudPointResult.Attributes,14,0,2,0,4,0,3,0,2,0
kyc-service,com.verid.carbon.integration,FlexIDCustomComprehensiveVerificationStruct.RiskIndicators,14,0,2,0,4,0,3,0,2,0
kyc-service,com.verid.carbon.integration,VenueType,52,0,0,0,22,0,15,0,15,0
kyc-service,com.verid.carbon.integration,DeviceAssessmentType,17,0,0,0,7,0,5,0,5,0
kyc-service,com.verid.carbon.integration,FraudPointSearchBy,129,0,0,0,55,0,37,0,37,0
kyc-service,com.verid.carbon.integration,InstantIDResult.ChronologyHistories,14,0,2,0,4,0,3,0,2,0
kyc-service,com.verid.carbon.integration,BrowserType,3,0,0,0,1,0,1,0,1,0
kyc-service,com.verid.carbon.integration,VenueType.PointOfSale,21,0,2,0,7,0,5,0,4,0
kyc-service,com.verid.carbon.integration,VerifiedInfoType,38,0,0,0,16,0,11,0,11,0
kyc-service,com.verid.carbon.integration,FlexIDAddress,115,0,0,0,49,0,33,0,33,0
kyc-service,com.verid.carbon.integration,FlexIDNameValuePair,17,0,0,0,7,0,5,0,5,0
kyc-service,com.verid.carbon.integration,FlexIDModels.ModelRequests,14,0,2,0,4,0,3,0,2,0
kyc-service,com.verid.carbon.integration,TransactionResume,17,0,0,0,7,0,5,0,5,0
kyc-service,com.verid.carbon.integration,PurchaseType,52,0,0,0,22,0,15,0,15,0
kyc-service,com.verid.carbon.integration,FlexIDResponse,17,0,0,0,7,0,5,0,5,0
kyc-service,com.verid.carbon.integration,SchoolType,17,0,0,0,7,0,5,0,5,0
kyc-service,com.verid.carbon.integration,ShippingType,24,0,0,0,10,0,7,0,7,0
kyc-service,com.verid.carbon.integration,ProductResponseType,38,0,0,0,16,0,11,0,11,0
kyc-service,com.verid.carbon.integration,PhoneNumberType,17,0,0,0,7,0,5,0,5,0
kyc-service,com.verid.carbon.integration,MaskableDate,24,0,0,0,10,0,7,0,7,0
kyc-service,com.verid.carbon.integration,ExternalResponse,24,0,0,0,10,0,7,0,7,0
kyc-service,com.verid.carbon.integration,FraudPointEndUserInfo,38,0,0,0,16,0,11,0,11,0
kyc-service,com.verid.carbon.integration,Address,115,0,0,0,49,0,33,0,33,0
kyc-service,com.verid.carbon.integration,TransportLayerType,3,0,0,0,1,0,1,0,1,0
kyc-service,com.verid.carbon.integration,FraudPointModelRequest.ModelOptions,14,0,2,0,4,0,3,0,2,0
kyc-service,com.verid.carbon.integration,SettingsType,71,0,6,0,25,0,17,0,14,0
kyc-service,com.verid.carbon.integration,InstantIDResult.AdditionalLastNames,14,0,2,0,4,0,3,0,2,0
kyc-service,com.verid.carbon.integration,RiskIndicator,17,0,0,0,7,0,5,0,5,0
kyc-service,com.verid.carbon.integration,TransactionResultType,131,0,4,0,25,0,6,0,4,0
kyc-service,com.verid.carbon.integration,InfoList,14,0,2,0,4,0,3,0,2,0
kyc-service,com.verid.carbon.integration,AnswerType,24,0,0,0,10,0,7,0,7,0
kyc-service,com.verid.carbon.integration,PreferredMethodOfDeliveryType,40,0,0,0,6,0,3,0,3,0
kyc-service,com.verid.carbon.integration,AccountMaintenanceCategoryType,285,0,4,0,53,0,6,0,4,0
kyc-service,com.verid.carbon.integration,PaymentMethod,175,0,4,0,33,0,6,0,4,0
kyc-service,com.verid.carbon.integration,VerificationType,10,0,0,0,4,0,3,0,3,0
kyc-service,com.verid.carbon.integration,Name,45,0,0,0,19,0,13,0,13,0
kyc-service,com.verid.carbon.integration,CheckStatus,142,0,4,0,20,0,6,0,4,0
kyc-service,com.verid.carbon.integration,AnswerSelectionType,76,0,4,0,15,0,6,0,4,0
kyc-service,com.verid.carbon.integration,FraudPointRequest,24,0,0,0,10,0,7,0,7,0
kyc-service,com.verid.carbon.integration,ProductCheckResponseType,14,0,2,0,4,0,3,0,2,0
kyc-service,com.verid.carbon.integration,TimeStamp,45,0,0,0,19,0,13,0,13,0
kyc-service,com.verid.carbon.integration,FlexIDComprehensiveVerificationStruct.RiskIndicators,14,0,2,0,4,0,3,0,2,0
kyc-service,com.verid.carbon.integration,ResponseHeader,38,0,0,0,16,0,11,0,11,0
kyc-service,com.verid.carbon.integration,RiskAssessmentType,28,0,2,0,10,0,7,0,6,0
kyc-service,com.verid.carbon.integration,NewAreaCode,17,0,0,0,7,0,5,0,5,0
kyc-service,com.verid.carbon.integration,IdentityVerificationSettingsType,38,0,0,0,16,0,11,0,11,0
kyc-service,com.verid.carbon.integration,FraudPointScoreWithIndices.RiskIndicators,14,0,2,0,4,0,3,0,2,0
kyc-service,com.verid.carbon.integration,FraudPointAddress,115,0,0,0,49,0,33,0,33,0
kyc-service,com.verid.carbon.integration,FlexIDScoreSequencedHRI,31,0,0,0,13,0,9,0,9,0
kyc-service,com.verid.carbon.integration,IvrType,14,0,2,0,4,0,3,0,2,0
kyc-service,com.verid.carbon.integration,FraudPointModelOption,17,0,0,0,7,0,5,0,5,0
kyc-service,com.verid.carbon.integration,SequencedRiskIndicator,24,0,0,0,10,0,7,0,7,0
kyc-service,com.verid.carbon.integration,FlexIDModelRequest,17,0,0,0,7,0,5,0,5,0
kyc-service,com.verid.carbon.integration,FlexIDCustomComprehensiveVerificationStruct,31,0,0,0,13,0,9,0,9,0
kyc-service,com.verid.carbon.integration,FlexIDUser,59,0,0,0,25,0,17,0,17,0
kyc-service,com.verid.carbon.integration,TextType,17,0,0,0,7,0,5,0,5,0
kyc-service,com.verid.carbon.integration,FlexIDModelSequencedHRI.Scores,14,0,2,0,4,0,3,0,2,0
kyc-service,com.verid.carbon.integration,CredentialType,60,0,4,0,22,0,15,0,13,0
kyc-service,com.verid.carbon.integration,FlexIDDate,24,0,0,0,10,0,7,0,7,0
kyc-service,com.verid.carbon.integration,FlexIDOptionsForCVICalculation,24,0,0,0,10,0,7,0,7,0
kyc-service,com.verid.carbon.integration,FlexIDWsException,31,0,0,0,13,0,9,0,9,0
kyc-service,com.verid.carbon.integration,FlexIDModelRequest.ModelOptions,14,0,2,0,4,0,3,0,2,0
kyc-service,com.verid.carbon.integration,TransactionDirectionType,65,0,4,0,13,0,6,0,4,0
kyc-service,com.verid.carbon.integration,ContinueSettingsType,10,0,0,0,4,0,3,0,3,0
kyc-service,com.verid.carbon.integration,VehiclesType,14,0,2,0,4,0,3,0,2,0
kyc-service,com.verid.carbon.integration,ResponseCode,17,0,0,0,7,0,5,0,5,0
kyc-service,com.verid.carbon.integration,SimulatorModeType,681,0,4,0,125,0,6,0,4,0
kyc-service,com.verid.carbon.integration,FraudPointScoreWithIndices,31,0,0,0,13,0,9,0,9,0
kyc-service,com.verid.carbon.integration,CustomerServiceType,14,0,2,0,4,0,3,0,2,0
kyc-service,com.verid.carbon.integration,InstantVerifyResponseType,14,0,2,0,4,0,3,0,2,0
kyc-service,com.verid.carbon.integration,NameValuePair,17,0,0,0,7,0,5,0,5,0
kyc-service,com.verid.carbon.integration,ProductStatus,230,0,0,0,25,0,3,0,3,0
kyc-service,com.verid.carbon.integration,ComplexDetailType,32,0,4,0,10,0,7,0,5,0
kyc-service,com.verid.carbon.integration,AssertionType,3,0,0,0,1,0,1,0,1,0
kyc-service,com.verid.carbon.integration,FlexIDModels,17,0,0,0,7,0,5,0,5,0
kyc-service,com.verid.carbon.integration,FraudPointUser,59,0,0,0,25,0,17,0,17,0
kyc-service,com.verid.carbon.integration,NetviewType,10,0,0,0,4,0,3,0,3,0
kyc-service,com.verid.carbon.integration,FlexIDRequireExactMatchFlexID,52,0,0,0,22,0,15,0,15,0
kyc-service,com.verid.carbon.integration,SimpleDetailType,10,0,0,0,4,0,3,0,3,0
kyc-service,com.verid.carbon.integration,SecurityQuestionCategoryType,131,0,4,0,25,0,6,0,4,0
kyc-service,com.verid.carbon.integration,BatchType,10,0,0,0,4,0,3,0,3,0
kyc-service,com.verid.carbon.integration,ShippingMethod,109,0,4,0,21,0,6,0,4,0
kyc-service,com.verid.carbon.integration,FlexIDCustomComprehensiveVerificationStruct.PotentialFollowupActions,14,0,2,0,4,0,3,0,2,0
kyc-service,com.verid.carbon.integration,RedFlag,17,0,0,0,7,0,5,0,5,0
kyc-service,com.verid.carbon.integration,FlexIDResponseEx,10,0,0,0,4,0,3,0,3,0
kyc-service,com.verid.carbon.integration,FraudPointDate,24,0,0,0,10,0,7,0,7,0
kyc-service,com.verid.carbon.integration,FlexIDResponseHeader.Exceptions,14,0,2,0,4,0,3,0,2,0
kyc-service,com.verid.carbon.integration,HttpHeaderType,21,0,2,0,7,0,5,0,4,0
kyc-service,com.verid.carbon.integration,BusinessType,56,0,2,0,22,0,15,0,14,0
kyc-service,com.verid.carbon.integration,FlexIDArrayOfEspException,21,0,2,0,7,0,5,0,4,0
kyc-service,com.verid.carbon.integration,InformationType,46,0,4,0,16,0,11,0,9,0
kyc-service,com.verid.carbon.integration,DispositionSettingsType,10,0,0,0,4,0,3,0,3,0
kyc-service,com.verid.carbon.integration,ThreatAssessment,87,0,4,0,17,0,6,0,4,0
kyc-service,com.verid.carbon.integration,UpinsInfoType,14,0,2,0,4,0,3,0,2,0
kyc-service,com.verid.carbon.integration,TypeOfLicenseType,50,0,0,0,7,0,3,0,3,0
kyc-service,com.verid.carbon.integration,SsnType,98,0,4,0,19,0,6,0,4,0
kyc-service,com.verid.carbon.integration,InstantIDResult.WatchLists,14,0,2,0,4,0,3,0,2,0
kyc-service,com.verid.carbon.integration,VerificationSubProductResponseType,31,0,0,0,13,0,9,0,9,0
kyc-service,com.verid.carbon.integration,DocumentType,38,0,0,0,16,0,11,0,11,0
kyc-service,com.verid.carbon.integration,FlexIDPassport,38,0,0,0,16,0,11,0,11,0
kyc-service,com.verid.carbon.integration,FraudPointResult,31,0,0,0,13,0,9,0,9,0
kyc-service,com.verid.carbon.integration,ObjectFactory,900,0,0,0,223,0,221,0,221,0
kyc-service,com.verid.carbon.integration,FlexIDScoreSequencedHRI.RiskIndices,14,0,2,0,4,0,3,0,2,0
kyc-service,com.verid.carbon.integration,FraudPointSequencedRiskIndicator,24,0,0,0,10,0,7,0,7,0
kyc-service,com.verid.carbon.integration,TaskType,109,0,4,0,21,0,6,0,4,0
kyc-service,org.datacontract.schemas._2004._07.GlobalCheck_DataLib,GlobalStatus,295,0,42,0,67,0,35,0,14,0
kyc-service,com.currenciesdirect.gtg.compliance.kyc.core.domain,ProfileVersionID,17,0,0,0,7,0,5,0,5,0
kyc-service,com.currenciesdirect.gtg.compliance.kyc.core.domain,KYCProviderProperty,17,0,0,0,7,0,5,0,5,0
kyc-service,com.id3global.www.ID3gWS._2013._04,GlobalDocumentType,100,0,4,0,24,0,14,0,12,0
kyc-service,com.id3global.www.ID3gWS._2013._04,GlobalProfileDetails,377,0,56,0,79,0,42,0,14,0
kyc-service,com.id3global.www.ID3gWS._2013._04,GlobalHome,321,0,48,0,73,0,38,0,14,0
kyc-service,com.id3global.www.ID3gWS._2013._04,GlobalRoles,513,0,78,0,112,0,59,0,20,0
kyc-service,com.id3global.www.ID3gWS._2013._04,GlobalSupplierAccounts,513,0,78,0,112,0,59,0,20,0
kyc-service,com.id3global.www.ID3gWS._2013._04,GlobalResource,295,0,42,0,67,0,35,0,14,0
kyc-service,com.id3global.www.ID3gWS._2013._04,GlobalDIVDataGlobalDocumentExtractedStatus,105,0,4,0,25,0,14,0,12,0
kyc-service,com.id3global.www.ID3gWS._2013._04,GlobalSouthAfricaSupplier,167,0,22,0,41,0,21,0,10,0
kyc-service,com.id3global.www.ID3gWS._2013._04,IGlobalCaseManagementProxy,405,0,56,0,105,0,58,0,30,0
kyc-service,com.id3global.www.ID3gWS._2013._04,BasicHttpBinding_GlobalAuthenticateStub,3888,0,42,0,836,0,34,0,13,0
kyc-service,com.id3global.www.ID3gWS._2013._04,GlobalAuthentications,385,0,58,0,86,0,45,0,16,0
kyc-service,com.id3global.www.ID3gWS._2013._04,GlobalBelgiumAccount,313,0,44,0,67,0,36,0,14,0
kyc-service,com.id3global.www.ID3gWS._2013._04,BasicHttpBinding_GlobalSupplierStub,2026,0,48,0,459,0,36,0,12,0
kyc-service,com.id3global.www.ID3gWS._2013._04,GlobalDataExtracts,385,0,58,0,86,0,45,0,16,0
kyc-service,com.id3global.www.ID3gWS._2013._04,GlobalCaseDocumentData,257,0,38,0,60,0,31,0,12,0
kyc-service,com.id3global.www.ID3gWS._2013._04,GlobalOrganisation,615,0,92,0,132,0,70,0,24,0
kyc-service,com.id3global.www.ID3gWS._2013._04,GlobalInternationalPassport,386,293,102,0,75,70,75,2,24,2
kyc-service,com.id3global.www.ID3gWS._2013._04,GlobalCaseReport,295,0,42,0,67,0,35,0,14,0
kyc-service,com.id3global.www.ID3gWS._2013._04,GlobalSpainTaxIDNumber,167,0,22,0,41,0,21,0,10,0
kyc-service,com.id3global.www.ID3gWS._2013._04,GlobalSanctionsIssuer,615,0,92,0,132,0,70,0,24,0
kyc-service,com.id3global.www.ID3gWS._2013._04,GlobalAddressLookupAccount,249,0,34,0,54,0,29,0,12,0
kyc-service,com.id3global.www.ID3gWS._2013._04,GlobalResultData,1182,0,168,0,230,0,123,0,39,0
kyc-service,com.id3global.www.ID3gWS._2013._04,GlobalAustraliaAccount,313,0,44,0,67,0,36,0,14,0
kyc-service,com.id3global.www.ID3gWS._2013._04,GlobalDIVData,641,0,98,0,138,0,73,0,24,0
kyc-service,com.id3global.www.ID3gWS._2013._04,GlobalInputData,420,349,118,0,77,87,80,7,21,7
kyc-service,com.id3global.www.ID3gWS._2013._04,GlobalPasswordPolicy,615,0,92,0,132,0,70,0,24,0
kyc-service,com.id3global.www.ID3gWS._2013._04,GlobalCaseDispatchParameters,435,0,64,0,93,0,50,0,18,0
kyc-service,com.id3global.www.ID3gWS._2013._04,GlobalAuthenticationDetails,597,0,90,0,125,0,67,0,22,0
kyc-service,com.id3global.www.ID3gWS._2013._04,GlobalCanada,167,0,22,0,41,0,21,0,10,0
kyc-service,com.id3global.www.ID3gWS._2013._04,GlobalPreAuthentication,769,0,118,0,164,0,87,0,28,0
kyc-service,com.id3global.www.ID3gWS._2013._04,GlobalDataExtractFormat,95,0,4,0,23,0,14,0,12,0
kyc-service,com.id3global.www.ID3gWS._2013._04,IGlobalProfileProxy,293,0,44,0,83,0,46,0,24,0
kyc-service,com.id3global.www.ID3gWS._2013._04,GlobalSupplierAccountOrg,359,0,52,0,80,0,42,0,16,0
kyc-service,com.id3global.www.ID3gWS._2013._04,GlobalLicence,283,0,44,0,66,0,34,0,12,0
kyc-service,com.id3global.www.ID3gWS._2013._04,GlobalRole,871,0,132,0,184,0,98,0,32,0
kyc-service,com.id3global.www.ID3gWS._2013._04,IGlobalDocImageProxy,156,0,22,0,45,0,24,0,13,0
kyc-service,com.id3global.www.ID3gWS._2013._04,ExtractedData,807,0,122,0,171,0,91,0,30,0
kyc-service,com.id3global.www.ID3gWS._2013._04,GlobalHongKongAccount,249,0,34,0,54,0,29,0,12,0
kyc-service,com.id3global.www.ID3gWS._2013._04,GlobalSupplier,1575,0,242,0,327,0,175,0,54,0
kyc-service,com.id3global.www.ID3gWS._2013._04,GlobalCriminalRecordCheckDisclosure,449,0,68,0,99,0,52,0,18,0
kyc-service,com.id3global.www.ID3gWS._2013._04,GlobalCaseCustomerSettings,641,0,98,0,138,0,73,0,24,0
kyc-service,com.id3global.www.ID3gWS._2013._04,GlobalCanadaAccount,249,0,34,0,54,0,29,0,12,0
kyc-service,com.id3global.www.ID3gWS._2013._04,GlobalCreditReportAccount,467,0,70,0,99,0,53,0,18,0
kyc-service,com.id3global.www.ID3gWS._2013._04,GlobalPersonal,197,124,48,0,42,31,35,3,11,3
kyc-service,com.id3global.www.ID3gWS._2013._04,IGlobalSupplierProxy,144,0,20,0,43,0,22,0,12,0
kyc-service,com.id3global.www.ID3gWS._2013._04,GlobalSanctionsEnforcementData,617,0,102,0,136,0,71,0,20,0
kyc-service,com.id3global.www.ID3gWS._2013._04,GlobalMexicoTaxIdentificationNumber,167,0,22,0,41,0,21,0,10,0
kyc-service,com.id3global.www.ID3gWS._2013._04,GlobalCaseConsent,513,0,78,0,112,0,59,0,20,0
kyc-service,com.id3global.www.ID3gWS._2013._04,GlobalProperty,321,0,48,0,73,0,38,0,14,0
kyc-service,com.id3global.www.ID3gWS._2013._04,GlobalDataExtractType,105,0,4,0,25,0,14,0,12,0
kyc-service,com.id3global.www.ID3gWS._2013._04,GlobalGermanAccount2,249,0,34,0,54,0,29,0,12,0
kyc-service,com.id3global.www.ID3gWS._2013._04,GlobalMatch,100,0,4,0,24,0,14,0,12,0
kyc-service,com.id3global.www.ID3gWS._2013._04,GlobalSupportedField,359,0,52,0,80,0,42,0,16,0
kyc-service,com.id3global.www.ID3gWS._2013._04,GlobalCurrentTime,95,0,4,0,23,0,14,0,12,0
kyc-service,com.id3global.www.ID3gWS._2013._04,GlobalDVLADrivingLicenceReport,1499,0,234,0,313,0,167,0,50,0
kyc-service,com.id3global.www.ID3gWS._2013._04,GlobalSanctionsDateType,95,0,4,0,23,0,14,0,12,0
kyc-service,com.id3global.www.ID3gWS._2013._04,GlobalItemCheckResultCodes,1103,0,176,0,234,0,124,0,36,0
kyc-service,com.id3global.www.ID3gWS._2013._04,GlobalRoleMembers,513,0,78,0,112,0,59,0,20,0
kyc-service,com.id3global.www.ID3gWS._2013._04,GlobalKeyValuePairOfstringint,231,0,32,0,54,0,28,0,12,0
kyc-service,com.id3global.www.ID3gWS._2013._04,GlobalReportDetails,231,0,32,0,54,0,28,0,12,0
kyc-service,com.id3global.www.ID3gWS._2013._04,GlobalSanctionsResultCodes,212,0,30,0,47,0,25,0,10,0
kyc-service,com.id3global.www.ID3gWS._2013._04,GlobalCaseDocumentResultParameters,397,0,60,0,86,0,46,0,16,0
kyc-service,com.id3global.www.ID3gWS._2013._04,GlobalCriminalRecordCheckDisclosureOffenceType,90,0,4,0,22,0,14,0,12,0
kyc-service,com.id3global.www.ID3gWS._2013._04,BasicHttpBinding_GlobalDocImageStub,1782,0,52,0,404,0,39,0,13,0
kyc-service,com.id3global.www.ID3gWS._2013._04,AddressDetails,257,0,38,0,60,0,31,0,12,0
kyc-service,com.id3global.www.ID3gWS._2013._04,GlobalCreditHeaderAccount,377,0,54,0,80,0,43,0,16,0
kyc-service,com.id3global.www.ID3gWS._2013._04,GlobalContactDetails,216,143,52,0,45,35,40,2,14,2
kyc-service,com.id3global.www.ID3gWS._2013._04,GlobalUSSocialSecurity,167,0,22,0,41,0,21,0,10,0
kyc-service,com.id3global.www.ID3gWS._2013._04,GlobalElectricitySupplier,295,0,42,0,67,0,35,0,14,0
kyc-service,com.id3global.www.ID3gWS._2013._04,GlobalEmploymentStatus,150,0,4,0,34,0,14,0,12,0
kyc-service,com.id3global.www.ID3gWS._2013._04,Global3DSecureCheckResultCodes,314,0,44,0,67,0,36,0,14,0
kyc-service,com.id3global.www.ID3gWS._2013._04,GlobalPEPIntelligenceData,617,0,102,0,136,0,71,0,20,0
kyc-service,com.id3global.www.ID3gWS._2013._04,GlobalPersonalDetails,475,422,138,0,82,108,91,10,22,10
kyc-service,com.id3global.www.ID3gWS._2013._04,GlobalSupplierAccount,961,0,148,0,203,0,108,0,34,0
kyc-service,com.id3global.www.ID3gWS._2013._04,GlobalResidenceType,100,0,4,0,24,0,14,0,12,0
kyc-service,com.id3global.www.ID3gWS._2013._04,GlobalCaseProfileVersion,257,0,38,0,60,0,31,0,12,0
kyc-service,com.id3global.www.ID3gWS._2013._04,GlobalSearchPurpose,231,0,32,0,54,0,28,0,12,0
kyc-service,com.id3global.www.ID3gWS._2013._04,GlobalCreditReportResultCodes,442,0,64,0,93,0,50,0,18,0
kyc-service,com.id3global.www.ID3gWS._2013._04,GlobalRolePermission,295,0,42,0,67,0,35,0,14,0
kyc-service,com.id3global.www.ID3gWS._2013._04,GlobalCaseNotificationJob,769,0,118,0,164,0,87,0,28,0
kyc-service,com.id3global.www.ID3gWS._2013._04,GlobalDocumentCheckResultCodes,302,0,46,0,66,0,35,0,12,0
kyc-service,com.id3global.www.ID3gWS._2013._04,GlobalReportParameter,539,0,84,0,118,0,62,0,20,0
kyc-service,com.id3global.www.ID3gWS._2013._04,GlobalImage,231,0,32,0,54,0,28,0,12,0
kyc-service,com.id3global.www.ID3gWS._2013._04,GlobalOrganisations,513,0,78,0,112,0,59,0,20,0
kyc-service,com.id3global.www.ID3gWS._2013._04,GlobalBankAccount,231,0,32,0,54,0,28,0,12,0
kyc-service,com.id3global.www.ID3gWS._2013._04,GlobalItemCheckResultCode,295,0,42,0,67,0,35,0,14,0
kyc-service,com.id3global.www.ID3gWS._2013._04,GlobalMatrixResultItem,615,0,92,0,132,0,70,0,24,0
kyc-service,com.id3global.www.ID3gWS._2013._04,GlobalUSDrivingLicense,231,0,32,0,54,0,28,0,12,0
kyc-service,com.id3global.www.ID3gWS._2013._04,GlobalEuropeanIdentityCard,615,0,92,0,132,0,70,0,24,0
kyc-service,com.id3global.www.ID3gWS._2013._04,BasicHttpBinding_GlobalCredentialsStub,2218,0,68,0,508,0,52,0,18,0
kyc-service,com.id3global.www.ID3gWS._2013._04,GlobalMatrixSummaryTemplateType,110,0,4,0,26,0,14,0,12,0
kyc-service,com.id3global.www.ID3gWS._2013._04,GlobalMatrixCellGroup,193,0,28,0,47,0,24,0,10,0
kyc-service,com.id3global.www.ID3gWS._2013._04,GlobalBankingAccount,313,0,44,0,67,0,36,0,14,0
kyc-service,com.id3global.www.ID3gWS._2013._04,GlobalAustralia,231,0,32,0,54,0,28,0,12,0
kyc-service,com.id3global.www.ID3gWS._2013._04,GlobalCaseDispatchRecord,743,0,112,0,158,0,84,0,28,0
kyc-service,com.id3global.www.ID3gWS._2013._04,GlobalIPVerificationAccount,185,0,24,0,41,0,22,0,10,0
kyc-service,com.id3global.www.ID3gWS._2013._04,GlobalConditionResultCodes,527,0,86,0,117,0,61,0,18,0
kyc-service,com.id3global.www.ID3gWS._2013._04,GlobalBand,385,0,58,0,86,0,45,0,16,0
kyc-service,com.id3global.www.ID3gWS._2013._04,GlobalLifestyleResultCodes,250,0,34,0,54,0,29,0,12,0
kyc-service,com.id3global.www.ID3gWS._2013._04,GlobalIdentityCard,231,0,32,0,54,0,28,0,12,0
kyc-service,com.id3global.www.ID3gWS._2013._04,BasicHttpBinding_GlobalCaseManagementStub,12353,0,120,0,2449,0,94,0,34,0
kyc-service,com.id3global.www.ID3gWS._2013._04,GlobalItemCheck,333,0,50,0,73,0,39,0,14,0
kyc-service,com.id3global.www.ID3gWS._2013._04,GlobalChina,167,0,22,0,41,0,21,0,10,0
kyc-service,com.id3global.www.ID3gWS._2013._04,GlobalWorkTelephone,167,0,22,0,41,0,21,0,10,0
kyc-service,com.id3global.www.ID3gWS._2013._04,GlobalCaseNotifications,385,0,58,0,86,0,45,0,16,0
kyc-service,com.id3global.www.ID3gWS._2013._04,GlobalAddressDocuments,167,0,22,0,41,0,21,0,10,0
kyc-service,com.id3global.www.ID3gWS._2013._04,GlobalDataExtractState,105,0,4,0,25,0,14,0,12,0
kyc-service,com.id3global.www.ID3gWS._2013._04,ImageChecks,1063,0,162,0,223,0,119,0,38,0
kyc-service,com.id3global.www.ID3gWS._2013._04,GlobalScoring,463,0,76,0,104,0,54,0,16,0
kyc-service,com.id3global.www.ID3gWS._2013._04,GlobalAuthentication,1063,0,162,0,223,0,119,0,38,0
kyc-service,com.id3global.www.ID3gWS._2013._04,GlobalDVLADrivingLicenceReportEndorsement,487,0,72,0,106,0,56,0,20,0
kyc-service,com.id3global.www.ID3gWS._2013._04,GlobalSharedFraudResultCodes,250,0,34,0,54,0,29,0,12,0
kyc-service,com.id3global.www.ID3gWS._2013._04,GlobalOverride,231,0,32,0,54,0,28,0,12,0
kyc-service,com.id3global.www.ID3gWS._2013._04,GlobalFraudAccount,441,0,64,0,93,0,50,0,18,0
kyc-service,com.id3global.www.ID3gWS._2013._04,IGlobalMembershipProxy,295,0,42,0,81,0,44,0,23,0
kyc-service,com.id3global.www.ID3gWS._2013._04,GlobalDataExtractDownloadHistory,295,0,42,0,67,0,35,0,14,0
kyc-service,com.id3global.www.ID3gWS._2013._04,GlobalExternalDataResultParameters,359,0,56,0,79,0,42,0,14,0
kyc-service,com.id3global.www.ID3gWS._2013._04,GlobalLandTelephone,148,83,32,0,33,21,26,2,10,2
kyc-service,com.id3global.www.ID3gWS._2013._04,GlobalUKBirth,487,0,72,0,106,0,56,0,20,0
kyc-service,com.id3global.www.ID3gWS._2013._04,GlobalUKDrivingLicence,807,0,122,0,171,0,91,0,30,0
kyc-service,com.id3global.www.ID3gWS._2013._04,GlobalMedicare,295,0,42,0,67,0,35,0,14,0
kyc-service,com.id3global.www.ID3gWS._2013._04,GlobalMatrixMatchType,135,0,4,0,31,0,14,0,12,0
kyc-service,com.id3global.www.ID3gWS._2013._04,GlobalAddressFormat,100,0,4,0,24,0,14,0,12,0
kyc-service,com.id3global.www.ID3gWS._2013._04,GlobalLocation,551,0,82,0,119,0,63,0,22,0
kyc-service,com.id3global.www.ID3gWS._2013._04,GlobalRoleMember,487,0,72,0,106,0,56,0,20,0
kyc-service,com.id3global.www.ID3gWS._2013._04,GlobalBreakpoint,179,0,24,0,41,0,22,0,10,0
kyc-service,com.id3global.www.ID3gWS._2013._04,GlobalDeviceAccount,505,0,74,0,106,0,57,0,20,0
kyc-service,com.id3global.www.ID3gWS._2013._04,BasicHttpBinding_GlobalConfigStub,3701,0,108,0,923,0,83,0,29,0
kyc-service,com.id3global.www.ID3gWS._2013._04,GlobalCaseDispatchServiceType,95,0,4,0,23,0,14,0,12,0
kyc-service,com.id3global.www.ID3gWS._2013._04,GlobalItem,629,0,100,0,137,0,72,0,22,0
kyc-service,com.id3global.www.ID3gWS._2013._04,GlobalSupportContact,295,0,42,0,67,0,35,0,14,0
kyc-service,com.id3global.www.ID3gWS._2013._04,GlobalCanadaSocialInsuranceNumber,167,0,22,0,41,0,21,0,10,0
kyc-service,com.id3global.www.ID3gWS._2013._04,GlobalUKNationalInsuranceNumber,167,0,22,0,41,0,21,0,10,0
kyc-service,com.id3global.www.ID3gWS._2013._04,GlobalLicenceItem,487,0,72,0,106,0,56,0,20,0
kyc-service,com.id3global.www.ID3gWS._2013._04,GlobalGeneric,1383,0,212,0,288,0,154,0,48,0
kyc-service,com.id3global.www.ID3gWS._2013._04,GlobalConsentVerdict,105,0,4,0,25,0,14,0,12,0
kyc-service,com.id3global.www.ID3gWS._2013._04,GlobalDVLADrivingLicenceReportCategory,513,0,78,0,112,0,59,0,20,0
kyc-service,com.id3global.www.ID3gWS._2013._04,GlobalCaseNotification,641,0,98,0,138,0,73,0,24,0
kyc-service,com.id3global.www.ID3gWS._2013._04,GlobalCaseDispatchRecordStatus,115,0,4,0,27,0,14,0,12,0
kyc-service,com.id3global.www.ID3gWS._2013._04,DocumentForgeryTests,295,0,42,0,67,0,35,0,14,0
kyc-service,com.id3global.www.ID3gWS._2013._04,GlobalConditionDecision,231,0,32,0,54,0,28,0,12,0
kyc-service,com.id3global.www.ID3gWS._2013._04,GlobalCaseResultParameters,577,0,88,0,125,0,66,0,22,0
kyc-service,com.id3global.www.ID3gWS._2013._04,IGlobalAuthenticateProxy,141,0,18,0,39,0,20,0,11,0
kyc-service,com.id3global.www.ID3gWS._2013._04,GlobalCriminalRecordCheckDisclosureOffence,359,0,52,0,80,0,42,0,16,0
kyc-service,com.id3global.www.ID3gWS._2013._04,GlobalConditionResultCode,231,0,32,0,54,0,28,0,12,0
kyc-service,com.id3global.www.ID3gWS._2013._04,GlobalContact,321,0,48,0,73,0,38,0,14,0
kyc-service,com.id3global.www.ID3gWS._2013._04,GlobalDocumentSubmissionType,105,0,4,0,25,0,14,0,12,0
kyc-service,com.id3global.www.ID3gWS._2013._04,ID3GlobalLocator,1181,0,66,0,295,0,102,0,69,0
kyc-service,com.id3global.www.ID3gWS._2013._04,GlobalKeyValuePairOfstringstring,231,0,32,0,54,0,28,0,12,0
kyc-service,com.id3global.www.ID3gWS._2013._04,GlobalMatrixResult,847,0,136,0,182,0,96,0,28,0
kyc-service,com.id3global.www.ID3gWS._2013._04,GlobalBankingDetails,231,0,32,0,54,0,28,0,12,0
kyc-service,com.id3global.www.ID3gWS._2013._04,GlobalCase,1295,0,206,0,273,0,145,0,42,0
kyc-service,com.id3global.www.ID3gWS._2013._04,GlobalProfileState,100,0,4,0,24,0,14,0,12,0
kyc-service,com.id3global.www.ID3gWS._2013._04,BasicHttpBinding_GlobalOrganisationStub,1620,0,44,0,351,0,33,0,11,0
kyc-service,com.id3global.www.ID3gWS._2013._04,IGlobalCredentialsProxy,206,0,30,0,64,0,32,0,17,0
kyc-service,com.id3global.www.ID3gWS._2013._04,GlobalUKData,295,0,42,0,67,0,35,0,14,0
kyc-service,com.id3global.www.ID3gWS._2013._04,GlobalMatrixMatchReason,100,0,4,0,24,0,14,0,12,0
kyc-service,com.id3global.www.ID3gWS._2013._04,GlobalAccountDetails,574,0,84,0,119,0,64,0,22,0
kyc-service,com.id3global.www.ID3gWS._2013._04,GlobalProvince,231,0,32,0,54,0,28,0,12,0
kyc-service,com.id3global.www.ID3gWS._2013._04,GlobalUS,231,0,32,0,54,0,28,0,12,0
kyc-service,com.id3global.www.ID3gWS._2013._04,GlobalCaseDocumentResult,385,0,58,0,86,0,45,0,16,0
kyc-service,com.id3global.www.ID3gWS._2013._04,GlobalAddresses,265,184,68,0,54,45,49,3,15,3
kyc-service,com.id3global.www.ID3gWS._2013._04,GlobalFCRAMatchDetails,4071,0,632,0,834,0,448,0,132,0
kyc-service,com.id3global.www.ID3gWS._2013._04,BasicHttpBinding_GlobalMembershipStub,4421,0,92,0,898,0,70,0,24,0
kyc-service,com.id3global.www.ID3gWS._2013._04,BasicHttpBinding_GlobalProfileStub,5234,0,96,0,1084,0,73,0,25,0
kyc-service,com.id3global.www.ID3gWS._2013._04,GlobalDVLADrivingLicenceReportCategoryType,90,0,4,0,22,0,14,0,12,0
kyc-service,com.id3global.www.ID3gWS._2013._04,GlobalMatrixResultField,231,0,32,0,54,0,28,0,12,0
kyc-service,com.id3global.www.ID3gWS._2013._04,IGlobalConfigProxy,274,0,50,0,88,0,52,0,27,0
kyc-service,com.id3global.www.ID3gWS._2013._04,GlobalOrganisationDetails,1038,0,160,0,216,0,116,0,36,0
kyc-service,com.id3global.www.ID3gWS._2013._04,GlobalEmployment,295,0,42,0,67,0,35,0,14,0
kyc-service,com.id3global.www.ID3gWS._2013._04,GlobalIdentityDocuments,488,383,132,0,93,91,96,2,30,2
kyc-service,com.id3global.www.ID3gWS._2013._04,GlobalGermanAccount,249,0,34,0,54,0,29,0,12,0
kyc-service,com.id3global.www.ID3gWS._2013._04,GlobalLifestyleAccount,313,0,44,0,67,0,36,0,14,0
kyc-service,com.id3global.www.ID3gWS._2013._04,GlobalCountry,231,0,32,0,54,0,28,0,12,0
kyc-service,com.id3global.www.ID3gWS._2013._04,GlobalCaseDetails,831,0,134,0,175,0,93,0,26,0
kyc-service,com.id3global.www.ID3gWS._2013._04,GlobalCaseChargingPoint,295,0,42,0,67,0,35,0,14,0
kyc-service,com.id3global.www.ID3gWS._2013._04,GlobalSpain,167,0,22,0,41,0,21,0,10,0
kyc-service,com.id3global.www.ID3gWS._2013._04,GlobalSanctionsAccount,249,0,34,0,54,0,29,0,12,0
kyc-service,com.id3global.www.ID3gWS._2013._04,GlobalSanctionsPosition,231,0,32,0,54,0,28,0,12,0
kyc-service,com.id3global.www.ID3gWS._2013._04,GlobalProfileIDVersion,231,0,32,0,54,0,28,0,12,0
kyc-service,com.id3global.www.ID3gWS._2013._04,DocumentDetails,423,0,62,0,93,0,49,0,18,0
kyc-service,com.id3global.www.ID3gWS._2013._04,GlobalDocumentCategorySubmissionType,231,0,32,0,54,0,28,0,12,0
kyc-service,com.id3global.www.ID3gWS._2013._04,GlobalAccounts,513,0,78,0,112,0,59,0,20,0
kyc-service,com.id3global.www.ID3gWS._2013._04,GlobalDispatchResult,231,0,32,0,54,0,28,0,12,0
kyc-service,com.id3global.www.ID3gWS._2013._04,GlobalCardPreAccount,313,0,44,0,67,0,36,0,14,0
kyc-service,com.id3global.www.ID3gWS._2013._04,GlobalCaseVerdict,231,0,32,0,54,0,28,0,12,0
kyc-service,com.id3global.www.ID3gWS._2013._04,GlobalBrazil,167,0,22,0,41,0,21,0,10,0
kyc-service,com.id3global.www.ID3gWS._2013._04,GlobalCreditDebitCard,935,0,142,0,197,0,105,0,34,0
kyc-service,com.id3global.www.ID3gWS._2013._04,GlobalDispatchReportStatus,95,0,4,0,23,0,14,0,12,0
kyc-service,com.id3global.www.ID3gWS._2013._04,GlobalMobileTelephone,114,53,22,0,27,14,19,2,8,2
kyc-service,com.id3global.www.ID3gWS._2013._04,IGlobalSearchProxy,321,0,46,0,84,0,48,0,25,0
kyc-service,com.id3global.www.ID3gWS._2013._04,GlobalDeviceIDResultCodes,250,0,34,0,54,0,29,0,12,0
kyc-service,com.id3global.www.ID3gWS._2013._04,GlobalExternalDataResultParameter,231,0,32,0,54,0,28,0,12,0
kyc-service,com.id3global.www.ID3gWS._2013._04,IGlobalOrganisationProxy,141,0,18,0,40,0,20,0,11,0
kyc-service,com.id3global.www.ID3gWS._2013._04,GlobalProfile,551,0,82,0,119,0,63,0,22,0
kyc-service,com.id3global.www.ID3gWS._2013._04,GlobalShortPassport,231,0,32,0,54,0,28,0,12,0
kyc-service,com.id3global.www.ID3gWS._2013._04,GlobalCaseCustomerReference,487,0,72,0,106,0,56,0,20,0
kyc-service,com.id3global.www.ID3gWS._2013._04,GlobalCaseReference,231,0,32,0,54,0,28,0,12,0
kyc-service,com.id3global.www.ID3gWS._2013._04,GlobalPaymentPredictorAccount,377,0,54,0,80,0,43,0,16,0
kyc-service,com.id3global.www.ID3gWS._2013._04,GlobalWeighting,231,0,32,0,54,0,28,0,12,0
kyc-service,com.id3global.www.ID3gWS._2013._04,GlobalCardType,155,0,4,0,35,0,14,0,12,0
kyc-service,com.id3global.www.ID3gWS._2013._04,GlobalNewZealandDrivingLicence,295,0,42,0,67,0,35,0,14,0
kyc-service,com.id3global.www.ID3gWS._2013._04,GlobalChinaResidentIdentityCard,167,0,22,0,41,0,21,0,10,0
kyc-service,com.id3global.www.ID3gWS._2013._04,GlobalDataExtract,871,0,132,0,184,0,98,0,32,0
kyc-service,com.id3global.www.ID3gWS._2013._04,GlobalSanctionsAddress,359,0,52,0,80,0,42,0,16,0
kyc-service,com.id3global.www.ID3gWS._2013._04,GlobalSouthAfricaAccount,377,0,54,0,80,0,43,0,16,0
kyc-service,com.id3global.www.ID3gWS._2013._04,GlobalAccount,1281,0,198,0,268,0,143,0,44,0
kyc-service,com.id3global.www.ID3gWS._2013._04,GlobalAddress,1038,921,302,0,181,224,208,9,57,9
kyc-service,com.id3global.www.ID3gWS._2013._04,GlobalGender,51,49,4,0,12,12,12,2,10,2
kyc-service,com.id3global.www.ID3gWS._2013._04,GlobalUKBirthsIndexCountry,95,0,4,0,23,0,14,0,12,0
kyc-service,com.id3global.www.ID3gWS._2013._04,GlobalNewZealand,167,0,22,0,41,0,21,0,10,0
kyc-service,com.id3global.www.ID3gWS._2013._04,GlobalStandardAccount,249,0,34,0,54,0,29,0,12,0
kyc-service,com.id3global.www.ID3gWS._2013._04,GlobalSanctionsMatch,487,0,72,0,106,0,56,0,20,0
kyc-service,com.id3global.www.ID3gWS._2013._04,GlobalCaseState,551,0,82,0,119,0,63,0,22,0
kyc-service,com.id3global.www.ID3gWS._2013._04,GlobalUKPassport,359,0,52,0,80,0,42,0,16,0
kyc-service,com.id3global.www.ID3gWS._2013._04,GlobalDecisionBanding,347,0,54,0,79,0,41,0,14,0
kyc-service,com.id3global.www.ID3gWS._2013._04,BasicHttpBinding_GlobalSearchStub,7638,0,100,0,1565,0,78,0,28,0
kyc-service,com.id3global.www.ID3gWS._2013._04,GlobalProfileVersion,1267,0,194,0,262,0,141,0,44,0
kyc-service,com.id3global.www.ID3gWS._2013._04,GlobalConditionScore,231,0,32,0,54,0,28,0,12,0
kyc-service,com.id3global.www.ID3gWS._2013._04,GlobalTelephoneResultCodes,186,0,24,0,41,0,22,0,10,0
kyc-service,com.id3global.www.ID3gWS._2013._04,ImageData,679,0,102,0,145,0,77,0,26,0
kyc-service,com.id3global.www.ID3gWS._2013._04,GlobalCases,449,0,68,0,99,0,52,0,18,0
kyc-service,com.id3global.www.ID3gWS._2013._04,GlobalSanctionsDate,359,0,52,0,80,0,42,0,16,0
kyc-service,com.id3global.www.ID3gWS._2013._04,GlobalMexico,167,0,22,0,41,0,21,0,10,0
kyc-service,com.id3global.www.ID3gWS._2013._04,GlobalCaseDocumentReport,551,0,82,0,119,0,63,0,22,0
kyc-service,com.id3global.www.ID3gWS._2013._04,GlobalAlternateName,871,0,132,0,184,0,98,0,32,0
kyc-service,com.id3global.www.ID3gWS._2013._04,GlobalCaseDocument,795,0,124,0,170,0,90,0,28,0
kyc-service,com.id3global.www.ID3gWS._2013._04,GlobalMatchLevel,95,0,4,0,23,0,14,0,12,0
kyc-service,com.id3global.www.ID3gWS._2013._04,GlobalBrazilCPFNumber,167,0,22,0,41,0,21,0,10,0
kyc-service,com.id3global.www.ID3gWS._2013._04,GlobalSanctionsCategories,193,0,28,0,47,0,24,0,10,0
kyc-service,com.id3global.www.ID3gWS._2013._04,GlobalPermission,105,0,4,0,25,0,14,0,12,0
kyc-service,com.id3global.www.ID3gWS._2013._04,GlobalUKAddressDocuments,167,0,22,0,41,0,21,0,10,0
kyc-service,com.currenciesdirect.gtg.compliance.kyc.restport,RestPort,120,0,2,0,35,0,6,0,5,0
kyc-service,com.currenciesdirect.gtg.compliance.kyc.core.validators,LuxembourgValidator,0,7,0,0,0,2,0,2,0,2
kyc-service,com.currenciesdirect.gtg.compliance.kyc.core.validators,SwedenValidator,0,109,0,0,0,14,0,3,0,3
kyc-service,com.currenciesdirect.gtg.compliance.kyc.core.validators,SwitzerlandValidator,0,7,0,0,0,2,0,2,0,2
kyc-service,com.currenciesdirect.gtg.compliance.kyc.core.validators,AustraliaValidator,0,59,0,0,0,11,0,3,0,3
kyc-service,com.currenciesdirect.gtg.compliance.kyc.core.validators,BrazilValidator,46,22,7,1,10,7,5,3,1,3
kyc-service,com.currenciesdirect.gtg.compliance.kyc.core.validators,GermanyValidator,0,7,0,0,0,2,0,2,0,2
kyc-service,com.currenciesdirect.gtg.compliance.kyc.core.validators,SouthAfricaValidator,37,57,7,1,7,11,5,3,1,3
kyc-service,com.currenciesdirect.gtg.compliance.kyc.core.validators,MexicoValidator,0,7,0,0,0,2,0,2,0,2
kyc-service,com.currenciesdirect.gtg.compliance.kyc.core.validators,HongKongValidator,0,7,0,0,0,2,0,2,0,2
kyc-service,com.currenciesdirect.gtg.compliance.kyc.core.validators,NetherlandsValidator,0,7,0,0,0,2,0,2,0,2
kyc-service,com.currenciesdirect.gtg.compliance.kyc.core.validators,JapanValidator,0,7,0,0,0,2,0,2,0,2
kyc-service,com.currenciesdirect.gtg.compliance.kyc.core.validators,AustriaValidator,0,7,0,0,0,2,0,2,0,2
kyc-service,com.currenciesdirect.gtg.compliance.kyc.core.validators,NorwayValidator,0,7,0,0,0,2,0,2,0,2
kyc-service,com.currenciesdirect.gtg.compliance.kyc.core.validators,DenmarkValidator,34,73,7,1,7,12,5,3,1,3
kyc-service,com.currenciesdirect.gtg.compliance.kyc.core.validators,AbstractValidator,13,317,4,0,4,51,3,7,1,7
kyc-service,com.currenciesdirect.gtg.compliance.kyc.core.validators,UnitedKingdomValidator,0,7,0,0,0,2,0,2,0,2
kyc-service,com.currenciesdirect.gtg.compliance.kyc.core.validators,CanadaValidator,0,7,0,0,0,2,0,2,0,2
kyc-service,com.currenciesdirect.gtg.compliance.kyc.core.validators,ChinaValidator,0,7,0,0,0,2,0,2,0,2
kyc-service,com.currenciesdirect.gtg.compliance.kyc.core.validators,ValidatorFactory,118,0,16,0,41,0,17,0,5,0
kyc-service,com.currenciesdirect.gtg.compliance.kyc.core.validators,NewZealandValidator,0,79,0,0,0,12,0,3,0,3
kyc-service,com.currenciesdirect.gtg.compliance.kyc.core.validators,SpainValidator,0,7,0,0,0,2,0,2,0,2
kyc-service,com.currenciesdirect.gtg.compliance.kyc.core.validators,USAValidator,89,0,0,0,14,0,3,0,3,0
kyc-service,com.currenciesdirect.gtg.compliance.kyc.core,KYCInitializer,16,0,0,0,6,0,3,0,3,0
kyc-service,com.currenciesdirect.gtg.compliance.kyc.core,KYCServiceImpl,438,0,28,0,117,0,20,0,6,0
kyc-service,com.currenciesdirect.gtg.compliance.kyc.core,KYCCache,43,0,2,0,11,0,8,0,7,0
kyc-service,com.currenciesdirect.gtg.compliance.kyc.core,KYCCacheDataStructure,49,0,0,0,14,0,9,0,9,0
kyc-service,com.currenciesdirect.gtg.compliance.kyc.core,KYCExecutors,26,0,0,0,9,0,4,0,4,0
kyc-service,com.currenciesdirect.gtg.compliance.kyc.core,KYCAbstractCacheDataBuilder,6,0,0,0,2,0,1,0,1,0
kyc-service,com.currenciesdirect.gtg.compliance.kyc.core,KYCConcreteDataBuilder,137,0,8,0,43,0,11,0,7,0
kyc-service,com.currenciesdirect.gtg.compliance.kyc.gbgroupport,GBGroupTransformer,1652,243,136,6,382,61,92,6,15,6
kyc-service,com.currenciesdirect.gtg.compliance.kyc.gbgroupport,GBGroupPort,360,0,18,0,99,0,15,0,6,0
kyc-service,com.seisint.webservices.WsIdentity,NewZealandConsents,70,0,0,0,17,0,7,0,7,0
kyc-service,com.seisint.webservices.WsIdentity,GermanyVerification,932,0,142,0,196,0,105,0,34,0
kyc-service,com.seisint.webservices.WsIdentity,BrazilVerification,1118,0,172,0,233,0,126,0,40,0
kyc-service,com.seisint.webservices.WsIdentity,ArrayOfEspException,270,0,38,0,65,0,34,0,15,0
kyc-service,com.seisint.webservices.WsIdentity,WsIdentityServiceSoapStub,2234,0,34,0,479,0,24,0,7,0
kyc-service,com.seisint.webservices.WsIdentity,AustriaVerification,740,0,112,0,157,0,84,0,28,0
kyc-service,com.seisint.webservices.WsIdentity,InstantIDIntlVerificationResult,295,0,42,0,67,0,35,0,14,0
kyc-service,com.seisint.webservices.WsIdentity,Address,1127,0,172,0,236,0,126,0,40,0
kyc-service,com.seisint.webservices.WsIdentity,InstantIDIntl2Request,289,0,42,0,65,0,35,0,14,0
kyc-service,com.seisint.webservices.WsIdentity,InstantIDIntlResult,923,0,144,0,196,0,104,0,32,0
kyc-service,com.seisint.webservices.WsIdentity,InstantIDIntlPassport,423,0,62,0,93,0,49,0,18,0
kyc-service,com.seisint.webservices.WsIdentity,DatasourceResponse,5031,0,782,0,1029,0,553,0,162,0
kyc-service,com.seisint.webservices.WsIdentity,InstantIDIntlOption,577,0,88,0,125,0,66,0,22,0
kyc-service,com.seisint.webservices.WsIdentity,NetherlandsVerification,868,0,132,0,183,0,98,0,32,0
kyc-service,com.seisint.webservices.WsIdentity,FieldGroup,225,0,32,0,52,0,28,0,12,0
kyc-service,com.seisint.webservices.WsIdentity,WatchList,551,0,82,0,119,0,63,0,22,0
kyc-service,com.seisint.webservices.WsIdentity,InstantIDIntlIPAddressInfo,679,0,102,0,145,0,77,0,26,0
kyc-service,com.seisint.webservices.WsIdentity,Date,295,0,42,0,67,0,35,0,14,0
kyc-service,com.seisint.webservices.WsIdentity,CountryCodeEnum,165,0,4,0,37,0,14,0,12,0
kyc-service,com.seisint.webservices.WsIdentity,User,615,0,92,0,132,0,70,0,24,0
kyc-service,com.seisint.webservices.WsIdentity,InstantIDIntlCountry,1383,0,212,0,288,0,154,0,48,0
kyc-service,com.seisint.webservices.WsIdentity,LuxembourgVerification,740,0,112,0,157,0,84,0,28,0
kyc-service,com.seisint.webservices.WsIdentity,SwitzerlandVerification,868,0,132,0,183,0,98,0,32,0
kyc-service,com.seisint.webservices.WsIdentity,AustraliaPassport,679,0,102,0,145,0,77,0,26,0
kyc-service,com.seisint.webservices.WsIdentity,AppendedFieldNameEnum,105,0,4,0,25,0,14,0,12,0
kyc-service,com.seisint.webservices.WsIdentity,DatasourceResult,565,0,90,0,124,0,65,0,20,0
kyc-service,com.seisint.webservices.WsIdentity,NewZealandVerification,1149,0,172,0,241,0,128,0,42,0
kyc-service,com.seisint.webservices.WsIdentity,WsException,359,0,52,0,80,0,42,0,16,0
kyc-service,com.seisint.webservices.WsIdentity,MexicoVerification,993,0,152,0,208,0,112,0,36,0
kyc-service,com.seisint.webservices.WsIdentity,InstantIDIntl2Response,321,0,48,0,73,0,38,0,14,0
kyc-service,com.seisint.webservices.WsIdentity,CanadaVerification,1057,0,162,0,221,0,119,0,38,0
kyc-service,com.seisint.webservices.WsIdentity,ChinaVerification,1508,0,232,0,313,0,168,0,52,0
kyc-service,com.seisint.webservices.WsIdentity,EndUserInfo,423,0,62,0,93,0,49,0,18,0
kyc-service,com.seisint.webservices.WsIdentity,HongKongVerification,996,0,152,0,209,0,112,0,36,0
kyc-service,com.seisint.webservices.WsIdentity,Name,487,0,72,0,106,0,56,0,20,0
kyc-service,com.seisint.webservices.WsIdentity,ServiceError,231,0,32,0,54,0,28,0,12,0
kyc-service,com.seisint.webservices.WsIdentity,StatusEnum,100,0,4,0,24,0,14,0,12,0
kyc-service,com.seisint.webservices.WsIdentity,UnitedKingdomVerification,996,0,152,0,209,0,112,0,36,0
kyc-service,com.seisint.webservices.WsIdentity,EspException,359,0,52,0,80,0,42,0,16,0
kyc-service,com.seisint.webservices.WsIdentity,WsIdentityServiceSoapProxy,91,0,10,0,27,0,12,0,7,0
kyc-service,com.seisint.webservices.WsIdentity,ResponseHeader,449,0,68,0,99,0,52,0,18,0
kyc-service,com.seisint.webservices.WsIdentity,AustraliaConsents,178,0,0,0,46,0,13,0,13,0
kyc-service,com.seisint.webservices.WsIdentity,JapanVerification,929,0,142,0,195,0,105,0,34,0
kyc-service,com.seisint.webservices.WsIdentity,GDCErrorCodeEnum,158,0,4,0,35,0,14,0,12,0
kyc-service,com.seisint.webservices.WsIdentity,AppendedField,231,0,32,0,54,0,28,0,12,0
kyc-service,com.seisint.webservices.WsIdentity,AustraliaVerification,1606,0,242,0,335,0,177,0,56,0
kyc-service,com.seisint.webservices.WsIdentity,IrelandVerification,801,0,122,0,169,0,91,0,30,0
kyc-service,com.seisint.webservices.WsIdentity,SingaporeVerification,993,0,152,0,208,0,112,0,36,0
kyc-service,com.seisint.webservices.WsIdentity,InstantIDIntl2ResponseEx,189,0,22,0,42,0,22,0,11,0
kyc-service,com.seisint.webservices.WsIdentity,SouthAfricaVerification,1118,0,172,0,233,0,126,0,40,0
kyc-service,com.seisint.webservices.WsIdentity,InstantIDIntlSearchBy,1508,0,232,0,313,0,168,0,52,0
kyc-service,com.seisint.webservices.WsIdentity,RiskIndicator,231,0,32,0,54,0,28,0,12,0
kyc-service,com.seisint.webservices.WsIdentity,WsIdentityLocator,209,0,12,0,52,0,21,0,15,0
kyc-service,com.seisint.webservices.WsIdentity,GDCRecord,411,0,64,0,92,0,48,0,16,0
kyc-service,com.currenciesdirect.gtg.compliance.kyc.exception,KYCErrors,250,0,0,0,26,0,5,0,5,0
kyc-service,com.currenciesdirect.gtg.compliance.kyc.exception,KYCException,45,0,0,0,13,0,5,0,5,0
kyc-service,com.microsoft.schemas._2003._10.Serialization.Arrays,ArrayOfKeyValueOfstringbooleanKeyValueOfstringboolean,216,0,26,0,51,0,25,0,12,0
kyc-service,com.microsoft.schemas._2003._10.Serialization.Arrays,ArrayOfKeyValueOfstringstringKeyValueOfstringstring,225,0,32,0,52,0,28,0,12,0
kyc-service,com.currenciesdirect.gtg.compliance.kyc.lexisnexisport,LexisNexisTransformer,1638,197,144,6,376,52,110,7,29,7
kyc-service,com.currenciesdirect.gtg.compliance.kyc.lexisnexisport,CarbonServicePort,260,0,12,0,73,0,13,0,7,0
kyc-service,com.currenciesdirect.gtg.compliance.kyc.lexisnexisport,CarbonServiceTransformer,1606,0,115,0,402,0,93,0,30,0
kyc-service,com.currenciesdirect.gtg.compliance.kyc.lexisnexisport,LexisNexisPort,445,0,40,0,119,0,30,0,10,0
kyc-service,com.currenciesdirect.gtg.compliance.kyc.dbport,AbstractDao,128,0,10,0,52,0,16,0,11,0
kyc-service,com.currenciesdirect.gtg.compliance.kyc.dbport,KYCDBServiceImpl,295,0,12,0,90,0,11,0,5,0
