GROUP,PACKAGE,CLASS,INSTRUCTION_MISSED,INSTRUCTION_COVERED,BRANCH_MISSED,BRANCH_COVERED,LINE_MISSED,LINE_COVERED,COMPLEXITY_MISSED,COMPLEXITY_COVERED,METHOD_MISSED,METHOD_COVERED
compliance-portal,com.currenciesdirect.gtg.compliance.core.domain.paymentin,PaymentInQueueDto,3,14,0,0,1,6,1,4,1,4
compliance-portal,com.currenciesdirect.gtg.compliance.core.domain.paymentin,FundsInCreateRequest,59,25,0,0,20,11,16,6,16,6
compliance-portal,com.currenciesdirect.gtg.compliance.core.domain.paymentin,PaymentInResponse,52,0,0,0,22,0,15,0,15,0
compliance-portal,com.currenciesdirect.gtg.compliance.core.domain.paymentin,PaymentInSearchCriteria,0,10,0,0,0,4,0,3,0,3
compliance-portal,com.currenciesdirect.gtg.compliance.core.domain.paymentin,FundsInBaseRequest,20,11,0,0,8,5,6,3,6,3
compliance-portal,com.currenciesdirect.gtg.compliance.core.domain.paymentin,PaymentInQueueData,871,111,174,0,170,53,118,29,31,29
compliance-portal,com.currenciesdirect.gtg.compliance.core.domain.paymentin,PaymentInDetailsDto,45,0,0,0,19,0,13,0,13,0
compliance-portal,com.currenciesdirect.gtg.compliance.core.domain.paymentin,RiskScore,35,3,0,0,15,1,10,1,10,1
compliance-portal,com.currenciesdirect.gtg.compliance.core.domain.paymentin,PaymentInInfo,164,0,0,0,70,0,47,0,47,0
compliance-portal,com.currenciesdirect.gtg.compliance.core.domain.paymentin,FundsInTrade,191,85,0,0,77,41,57,22,57,22
compliance-portal,com.currenciesdirect.gtg.compliance.core.domain.paymentin,PaymentInRecheckFailureDetails,16,50,0,0,6,22,5,14,5,14
compliance-portal,com.currenciesdirect.gtg.compliance.core.domain.paymentin,PaymentInDBDto,101,0,0,0,43,0,29,0,29,0
compliance-portal,com.currenciesdirect.gtg.compliance.core.domain.paymentin,PaymentInUpdateRequest,6,32,0,0,2,14,2,9,2,9
compliance-portal,com.currenciesdirect.gtg.compliance.core.domain.paymentin,PaymentInFilter,12,12,0,0,6,4,3,4,3,4
compliance-portal,com.currenciesdirect.gtg.compliance.core.domain.paymentin,PaymentInUpdateDBDto,3,21,0,0,1,9,1,6,1,6
compliance-portal,com.currenciesdirect.gtg.compliance.core.domain.cardpilot,CardPilotRequest,78,0,0,0,24,0,10,0,10,0
compliance-portal,com.currenciesdirect.gtg.compliance.core.domain.cardpilot,CardPilotSearchCriteria,32,0,0,0,10,0,5,0,5,0
compliance-portal,com.currenciesdirect.gtg.compliance.core.domain.cardpilot,CardActivityElementDetails,78,0,0,0,24,0,10,0,10,0
compliance-portal,com.currenciesdirect.gtg.compliance.core.domain.cardpilot,CardPilotResponse,147,0,0,0,45,0,18,0,18,0
compliance-portal,com.currenciesdirect.gtg.compliance.core.domain.cardpilot,CardActivityFeesDetails,78,0,0,0,24,0,10,0,10,0
compliance-portal,com.currenciesdirect.gtg.compliance.core.domain.cardpilot,CardPilotFilter,3,0,0,0,1,0,1,0,1,0
compliance-portal,com.currenciesdirect.gtg.compliance.core.domain.cardpilot,Sort,46,0,0,0,14,0,6,0,6,0
compliance-portal,com.currenciesdirect.gtg.compliance.core.domain.cardpilot,CardActivityHistoryDetails,234,0,0,0,72,0,29,0,29,0
compliance-portal,com.currenciesdirect.gtg.compliance.core.domain.cardpilot,Page,142,0,0,0,44,0,18,0,18,0
compliance-portal,com.currenciesdirect.gtg.compliance.core.report,PaymentOutReportServiceImpl,0,37,0,0,0,12,0,4,0,4
compliance-portal,com.currenciesdirect.gtg.compliance.core.report,PaymentInReportServiceImpl,0,37,0,0,0,12,0,4,0,4
compliance-portal,com.currenciesdirect.gtg.compliance.core.report,AdministrationDBServiceImpl,9,23,0,0,3,7,1,2,1,2
compliance-portal,com.currenciesdirect.gtg.compliance.core.report,RegistrationReportServiceImpl,0,35,0,0,0,10,0,3,0,3
compliance-portal,com.currenciesdirect.gtg.compliance.core.report,DashboardServiceImpl,74,0,2,0,21,0,4,0,3,0
compliance-portal,com.currenciesdirect.gtg.compliance.core.report,WorkEfficiencyReportServiceImpl,315,46,16,2,80,14,16,3,7,3
compliance-portal,com.currenciesdirect.gtg.compliance.core.domain.docupload,DocumentDto,47,66,0,0,1,28,1,19,1,19
compliance-portal,com.currenciesdirect.gtg.compliance.core.domain.docupload,Document,59,66,0,0,4,28,3,19,3,19
compliance-portal,com.currenciesdirect.gtg.compliance.core.domain.docupload,DocumentRequest,0,38,0,0,0,16,0,11,0,11
compliance-portal,com.currenciesdirect.gtg.compliance.core.domain.docupload,DocumentDetails,31,0,0,0,13,0,9,0,9,0
compliance-portal,com.currenciesdirect.gtg.compliance.iam.intercept,UserManagementInterceptor,895,0,30,0,243,0,28,0,13,0
compliance-portal,com.currenciesdirect.gtg.compliance.iam.intercept,FunctionsMapper,92,0,4,0,18,0,6,0,4,0
compliance-portal,com.currenciesdirect.gtg.compliance.core.domain.report,PaymentInReportGenerator,14,176,0,0,3,6,2,2,2,2
compliance-portal,com.currenciesdirect.gtg.compliance.core.domain.report,AdministrationServiceImpl,0,38,0,0,0,12,0,3,0,3
compliance-portal,com.currenciesdirect.gtg.compliance.core.domain.report,PaymentOutReportFilter,62,3,10,0,15,2,7,1,2,1
compliance-portal,com.currenciesdirect.gtg.compliance.core.domain.report,AdministrationDto,3,21,0,0,1,9,1,6,1,6
compliance-portal,com.currenciesdirect.gtg.compliance.core.domain.report,PaymentInReportFilter,0,3,0,0,0,1,0,1,0,1
compliance-portal,com.currenciesdirect.gtg.compliance.core.domain.report,PaymentInReportSearchCriteria,0,10,0,0,0,4,0,3,0,3
compliance-portal,com.currenciesdirect.gtg.compliance.core.domain.report,RegistrationReportGenerator,14,144,0,0,3,6,2,2,2,2
compliance-portal,com.currenciesdirect.gtg.compliance.core.domain.report,RegistrationReportSearchCriteria,0,20,0,0,0,8,0,5,0,5
compliance-portal,com.currenciesdirect.gtg.compliance.core.domain.report,BeneficiaryReportSearchCriteria,37,0,0,0,15,0,9,0,9,0
compliance-portal,com.currenciesdirect.gtg.compliance.core.domain.report,WorkEfficiencyReportGenerator,14,80,0,0,3,6,2,2,2,2
compliance-portal,com.currenciesdirect.gtg.compliance.core.domain.report,BeneficiaryReportFilter,45,0,0,0,19,0,13,0,13,0
compliance-portal,com.currenciesdirect.gtg.compliance.core.domain.report,WorkEfficiencyReportFilter,35,38,0,0,3,16,1,11,1,11
compliance-portal,com.currenciesdirect.gtg.compliance.core.domain.report,PaymentOutReportSearchCriteria,0,10,0,0,0,4,0,3,0,3
compliance-portal,com.currenciesdirect.gtg.compliance.core.domain.report,RegistrationReportFilter,0,3,0,0,0,1,0,1,0,1
compliance-portal,com.currenciesdirect.gtg.compliance.core.domain.report,WorkEfficiencyReportDto,6,18,0,0,2,8,2,5,2,5
compliance-portal,com.currenciesdirect.gtg.compliance.core.domain.report,WorkEfficiencyReportSearchCriteria,0,10,0,0,0,4,0,3,0,3
compliance-portal,com.currenciesdirect.gtg.compliance.core.domain.report,PaymentOutReportGenerator,14,184,0,0,3,6,2,2,2,2
compliance-portal,com.currenciesdirect.gtg.compliance.core.domain.report,WorkEfficiencyReportData,22,58,0,0,8,26,7,16,7,16
compliance-portal,com.currenciesdirect.gtg.compliance.iam.core.domain,UserPermission,142,192,0,0,1,82,1,55,1,55
compliance-portal,com.currenciesdirect.gtg.compliance.iam.core.domain,FunctionGroup,28,0,0,0,12,0,6,0,6,0
compliance-portal,com.currenciesdirect.gtg.compliance.iam.core.domain,Function,52,68,8,6,10,26,8,10,2,9
compliance-portal,com.currenciesdirect.gtg.compliance.iam.core.domain,UserProfile,0,115,0,0,0,49,0,33,0,33
compliance-portal,com.currenciesdirect.gtg.compliance.iam.core.domain,Role,106,48,14,2,18,15,12,7,5,6
compliance-portal,com.currenciesdirect.gtg.compliance.exception,CompliancePortalErrors,13,225,0,0,1,24,1,4,1,4
compliance-portal,com.currenciesdirect.gtg.compliance.exception,CompliancePortalException,18,48,0,0,5,14,1,6,1,6
compliance-portal,com.currenciesdirect.gtg.compliance.dbport,AbstractDBServiceLevel1,1051,801,117,51,264,227,86,33,14,21
compliance-portal,com.currenciesdirect.gtg.compliance.dbport,AbstractDBServiceLevel2,1741,7,60,0,448,2,51,2,21,2
compliance-portal,com.currenciesdirect.gtg.compliance.dbport,AbstractFilterQueryBuilder,380,108,66,10,80,29,57,12,20,11
compliance-portal,com.currenciesdirect.gtg.compliance.dbport,ActivityLogDBServiceImpl,36,477,4,10,9,130,4,12,0,9
compliance-portal,com.currenciesdirect.gtg.compliance.dbport,AbstractDao,43,56,3,9,16,26,4,13,2,9
compliance-portal,com.currenciesdirect.gtg.compliance.dbport,PaymentOutFilterQueryBuilder,386,0,32,0,84,0,25,0,9,0
compliance-portal,com.currenciesdirect.gtg.compliance.dbport,RegQueueAccountFilterQueryBuilder,228,88,44,8,36,33,27,7,1,7
compliance-portal,com.currenciesdirect.gtg.compliance.dbport,PaymentInDBServiceImpl,2437,1027,175,31,590,269,130,23,28,22
compliance-portal,com.currenciesdirect.gtg.compliance.dbport,AbstractDBServicePaymentOut,2241,734,239,39,549,193,164,22,31,16
compliance-portal,com.currenciesdirect.gtg.compliance.dbport,AbstractDBServiceAnonymisation,451,0,36,0,131,0,28,0,10,0
compliance-portal,com.currenciesdirect.gtg.compliance.dbport,PaymentInQueueAccountFilterQueryBuilder,145,34,29,3,25,14,17,4,1,4
compliance-portal,com.currenciesdirect.gtg.compliance.dbport,DataAnonContactFilterQueryBuilder,219,0,25,0,48,0,24,0,10,0
compliance-portal,com.currenciesdirect.gtg.compliance.dbport,PaymentOutQueryConstant,0,694,0,0,0,67,0,3,0,3
compliance-portal,com.currenciesdirect.gtg.compliance.dbport,PaymentOutContactFilterQueryBuilder,143,0,18,0,30,0,15,0,5,0
compliance-portal,com.currenciesdirect.gtg.compliance.dbport,FraudRingQueryConstant,26,0,0,0,6,0,3,0,3,0
compliance-portal,com.currenciesdirect.gtg.compliance.dbport,RegistrationDBServiceImpl,1597,1584,145,65,362,423,116,32,14,29
compliance-portal,com.currenciesdirect.gtg.compliance.dbport,PaymentInQueueContactFilterQueryBuilder,134,27,21,1,28,10,16,4,4,4
compliance-portal,com.currenciesdirect.gtg.compliance.dbport,RecheckDBServiceImpl,662,1100,33,41,177,277,29,27,8,11
compliance-portal,com.currenciesdirect.gtg.compliance.dbport,ActivityLogQueryConstant,0,92,0,0,0,12,0,3,0,3
compliance-portal,com.currenciesdirect.gtg.compliance.dbport,SavedSearchQueryConstant,0,70,0,0,0,10,0,3,0,3
compliance-portal,com.currenciesdirect.gtg.compliance.dbport,ClauseType,0,312,0,0,0,32,0,3,0,3
compliance-portal,com.currenciesdirect.gtg.compliance.dbport,PaymentInQueryConstant,0,464,0,0,0,46,0,3,0,3
compliance-portal,com.currenciesdirect.gtg.compliance.dbport,PaymentOutDBServiceImpl,3069,1280,191,25,726,316,137,21,35,15
compliance-portal,com.currenciesdirect.gtg.compliance.dbport,RegQueueFilterQueryBuilder,127,79,16,8,22,23,14,2,2,2
compliance-portal,com.currenciesdirect.gtg.compliance.dbport,DataAnonFilterQueryBuilder,131,0,18,0,31,0,13,0,4,0
compliance-portal,com.currenciesdirect.gtg.compliance.dbport,AbstractDBServiceRegistration,1415,948,127,41,367,248,93,24,15,18
compliance-portal,com.currenciesdirect.gtg.compliance.dbport,AbstractDBServiceRegistrationCFX,1156,3,90,0,306,1,60,1,15,1
compliance-portal,com.currenciesdirect.gtg.compliance.dbport,HolisticViewQueryConstant,0,103,0,0,0,13,0,3,0,3
compliance-portal,com.currenciesdirect.gtg.compliance.dbport,RegistrationQueryConstant,0,1279,0,0,0,120,0,3,0,3
compliance-portal,com.currenciesdirect.gtg.compliance.dbport,DataAnonymisationDBServiceImpl,1043,0,38,0,260,0,30,0,11,0
compliance-portal,com.currenciesdirect.gtg.compliance.dbport,HolisticViewDBServiceImpl,861,1518,84,36,214,372,67,23,12,18
compliance-portal,com.currenciesdirect.gtg.compliance.dbport,PayOutQueDBColumns,0,664,0,0,0,24,0,3,0,3
compliance-portal,com.currenciesdirect.gtg.compliance.dbport,PaymenOutAccountFilterQueryBuilder,155,0,28,0,33,0,18,0,4,0
compliance-portal,com.currenciesdirect.gtg.compliance.dbport,PaymentOutPaymentFilterQueryBuilder,151,0,24,0,34,0,16,0,3,0
compliance-portal,com.currenciesdirect.gtg.compliance.dbport,DataAnonAccountFilterQueryBuilder,141,0,26,0,29,0,16,0,3,0
compliance-portal,com.currenciesdirect.gtg.compliance.dbport,DataAnonDBColumns,455,0,0,0,18,0,3,0,3,0
compliance-portal,com.currenciesdirect.gtg.compliance.dbport,PayeeDBServiceImpl,400,0,18,0,115,0,17,0,8,0
compliance-portal,com.currenciesdirect.gtg.compliance.dbport,PaymentInQueueFilterQueryBuilder,398,137,48,12,58,44,32,9,1,9
compliance-portal,com.currenciesdirect.gtg.compliance.dbport,CriteriaBuilder,844,298,185,34,225,67,143,17,30,11
compliance-portal,com.currenciesdirect.gtg.compliance.dbport,DataAnonymisationQueryConstant,191,0,0,0,21,0,3,0,3,0
compliance-portal,com.currenciesdirect.gtg.compliance.dbport,PayInQueDBColumns,0,576,0,0,0,23,0,3,0,3
compliance-portal,com.currenciesdirect.gtg.compliance.dbport,RegQueDBColumns,0,565,0,0,0,21,0,3,0,3
compliance-portal,com.currenciesdirect.gtg.compliance.dbport,AbstractDBServicePaymentIn,2052,536,231,33,495,150,151,25,27,17
compliance-portal,com.currenciesdirect.gtg.compliance.dbport,PaymentInQueueAtttributeFilterQueryBuilder,90,34,19,4,18,12,13,2,1,2
compliance-portal,com.currenciesdirect.gtg.compliance.dbport,RegQueueContactFilterQueryBuilder,377,90,49,6,61,35,35,10,6,10
compliance-portal,com.currenciesdirect.gtg.compliance.recheckmonitor,RecheckMonitorThread,196,0,14,0,45,0,11,0,4,0
compliance-portal,com.currenciesdirect.gtg.compliance.core.domain.savedsearch,SavedSearchRequest,15,19,0,0,7,7,4,5,4,5
compliance-portal,com.currenciesdirect.gtg.compliance.core.domain.savedsearch,SavedSearch,3,7,0,0,1,3,1,2,1,2
compliance-portal,com.currenciesdirect.gtg.compliance.core.domain.savedsearch,SavedSearchServiceImpl,18,52,1,1,6,16,1,4,0,4
compliance-portal,com.currenciesdirect.gtg.compliance.core.domain.savedsearch,SavedSearchCommonFilter,45,0,0,0,19,0,13,0,13,0
compliance-portal,com.currenciesdirect.gtg.compliance.core.domain.savedsearch,SavedSearchController,18,40,0,0,6,14,0,4,0,4
compliance-portal,com.currenciesdirect.gtg.compliance.core.domain.savedsearch,SavedSearchData,6,11,0,0,2,5,2,3,2,3
compliance-portal,com.currenciesdirect.gtg.compliance.iam.dbport,IAMDBServiceImpl,17,198,8,10,2,51,6,6,0,3
compliance-portal,com.currenciesdirect.gtg.compliance.iam.dbport,IAMDBQueryConstant,0,37,0,0,0,7,0,3,0,3
compliance-portal,com.currenciesdirect.gtg.compliance.dbport.cfx,RegistrationCfxDBQueryConstant,0,180,0,0,0,20,0,3,0,3
compliance-portal,com.currenciesdirect.gtg.compliance.dbport.cfx,RegistrationCfxDBServiceImpl,1718,307,104,8,434,87,85,7,30,6
compliance-portal,com.currenciesdirect.gtg.compliance.iam.core,UserPermissionBuilder,95,235,39,3,9,46,22,13,1,13
compliance-portal,com.currenciesdirect.gtg.compliance.iam.core,UserPermissionDirector,0,22,0,0,0,11,0,3,0,3
compliance-portal,com.currenciesdirect.gtg.compliance.iam.core,IAMServiceImpl,24,29,0,0,7,9,1,3,1,3
compliance-portal,com.currenciesdirect.gtg.compliance.core.domain.wallets,WalletTransactionDetails,59,0,0,0,25,0,17,0,17,0
compliance-portal,com.currenciesdirect.gtg.compliance.core.domain.wallets,WalletDetails,4,41,0,0,2,17,1,12,1,12
compliance-portal,com.currenciesdirect.gtg.compliance.core.domain.wallets,Page,142,0,0,0,44,0,18,0,18,0
compliance-portal,com.currenciesdirect.gtg.compliance.core.domain.wallets,WalletTransactionResponse,48,0,0,0,20,0,13,0,13,0
compliance-portal,com.currenciesdirect.gtg.compliance.core.domain.wallets,Wallet,13,32,0,0,5,14,4,9,4,9
compliance-portal,com.currenciesdirect.gtg.compliance.core.domain.wallets,WalletRequest,0,31,0,0,0,13,0,9,0,9
compliance-portal,com.currenciesdirect.gtg.compliance.core.domain.wallets,WalletTransactionRequest,31,21,0,0,13,9,9,6,9,6
compliance-portal,com.currenciesdirect.gtg.compliance.core.domain.wallets,WalletTransactionDetailsResponse,27,25,0,0,11,11,8,7,8,7
compliance-portal,com.currenciesdirect.gtg.compliance.core.domain.wallets,WalletResponse,28,15,0,0,12,5,8,3,8,3
compliance-portal,com.currenciesdirect.gtg.compliance.core.domain.wallets,WalletSearchCriteria,17,0,0,0,7,0,5,0,5,0
compliance-portal,com.currenciesdirect.gtg.compliance.core.domain.wallets,WalletTransactionList,52,0,0,0,22,0,15,0,15,0
compliance-portal,com.currenciesdirect.gtg.compliance.core.domain.wallets,BaseSearchCriteria,65,0,0,0,21,0,7,0,7,0
compliance-portal,com.currenciesdirect.gtg.compliance.core.domain.wallets,WalletTransaction,44,36,0,0,18,16,13,10,13,10
compliance-portal,com.currenciesdirect.gtg.compliance.core.domain.wallets,Sort,17,0,0,0,7,0,5,0,5,0
compliance-portal,com.currenciesdirect.gtg.compliance.core,PaymentOutServiceImpl,579,92,39,5,137,31,32,6,10,6
compliance-portal,com.currenciesdirect.gtg.compliance.core,RecheckServiceImpl,461,328,1,5,129,95,8,14,7,12
compliance-portal,com.currenciesdirect.gtg.compliance.core,HolisticViewServiceImpl,30,99,0,0,9,33,0,5,0,5
compliance-portal,com.currenciesdirect.gtg.compliance.core,TransactionMonitoringServiceImpl,58,0,2,0,16,0,5,0,4,0
compliance-portal,com.currenciesdirect.gtg.compliance.core,PaymentInServiceImpl,456,71,28,2,109,23,23,5,8,5
compliance-portal,com.currenciesdirect.gtg.compliance.core,TitanServiceImpl,496,0,30,0,153,0,27,0,12,0
compliance-portal,com.currenciesdirect.gtg.compliance.core,RegistrationRecheckFailureResponse,31,0,0,0,13,0,9,0,9,0
compliance-portal,com.currenciesdirect.gtg.compliance.core,ActivityLogServiceImpl,0,61,0,0,0,20,0,6,0,6
compliance-portal,com.currenciesdirect.gtg.compliance.core,RegistrationServiceImpl,401,117,42,4,115,40,32,7,9,7
compliance-portal,com.currenciesdirect.gtg.compliance.core,DataAnonymisationServiceImpl,106,51,2,0,27,19,3,5,2,5
compliance-portal,com.currenciesdirect.gtg.compliance.core,RegistrationDetailsFactory,37,0,6,0,9,0,5,0,2,0
compliance-portal,com.currenciesdirect.gtg.compliance.core.domain.kyc,KYCSummary,0,45,0,0,0,19,0,13,0,13
compliance-portal,com.currenciesdirect.gtg.compliance.core.domain.kyc,Address,115,0,0,0,49,0,33,0,33,0
compliance-portal,com.currenciesdirect.gtg.compliance.core.domain.kyc,KYCRequest,52,0,0,0,22,0,15,0,15,0
compliance-portal,com.currenciesdirect.gtg.compliance.core.domain.kyc,Phone,17,0,0,0,7,0,5,0,5,0
compliance-portal,com.currenciesdirect.gtg.compliance.core.domain.kyc,Identification,94,0,0,0,40,0,27,0,27,0
compliance-portal,com.currenciesdirect.gtg.compliance.core.domain.kyc,PersonalDetails,73,0,0,0,31,0,21,0,21,0
compliance-portal,com.currenciesdirect.gtg.compliance.httpport,PayeeController,401,0,14,0,104,0,14,0,7,0
compliance-portal,com.currenciesdirect.gtg.compliance.httpport,CommonController,37,59,0,0,13,17,1,5,1,5
compliance-portal,com.currenciesdirect.gtg.compliance.httpport,RecheckController,123,130,0,0,44,44,4,11,4,11
compliance-portal,com.currenciesdirect.gtg.compliance.httpport,HolisticViewController,73,114,2,2,18,35,2,4,0,4
compliance-portal,com.currenciesdirect.gtg.compliance.httpport,TransactionMonitoringController,23,0,0,0,8,0,3,0,3,0
compliance-portal,com.currenciesdirect.gtg.compliance.httpport,TitanController,89,335,8,16,26,85,9,14,1,10
compliance-portal,com.currenciesdirect.gtg.compliance.httpport,ViewNameEnum,3,342,0,0,1,33,1,3,1,3
compliance-portal,com.currenciesdirect.gtg.compliance.httpport,BaseController,98,3,2,0,21,1,5,1,4,1
compliance-portal,com.currenciesdirect.gtg.compliance.httpport,PaymentInController,231,176,6,0,64,50,8,5,5,5
compliance-portal,com.currenciesdirect.gtg.compliance.httpport,PaymentOutController,292,240,20,0,72,71,17,7,7,7
compliance-portal,com.currenciesdirect.gtg.compliance.httpport,ActivityLogController,37,46,0,0,13,17,1,4,1,4
compliance-portal,com.currenciesdirect.gtg.compliance.httpport,RegistrationController,473,323,28,0,131,96,24,9,10,9
compliance-portal,com.currenciesdirect.gtg.compliance.core.domain.dataanonymisation,DataAnonymisationDataRequest,194,89,0,0,78,43,58,23,58,23
compliance-portal,com.currenciesdirect.gtg.compliance.core.domain.dataanonymisation,DataAnonymisationFilter,0,3,0,0,0,1,0,1,0,1
compliance-portal,com.currenciesdirect.gtg.compliance.core.domain.dataanonymisation,DataAnonymisationDetailsDBDto,77,157,0,0,37,63,20,47,20,47
compliance-portal,com.currenciesdirect.gtg.compliance.core.domain.dataanonymisation,DataAnonymizationServiceRequest,3,14,0,0,1,6,1,4,1,4
compliance-portal,com.currenciesdirect.gtg.compliance.core.domain.dataanonymisation,DataAnonResponceStatusHeader,17,0,0,0,7,0,5,0,5,0
compliance-portal,com.currenciesdirect.gtg.compliance.core.domain.dataanonymisation,DataAnonContact,0,17,0,0,0,7,0,5,0,5
compliance-portal,com.currenciesdirect.gtg.compliance.core.domain.dataanonymisation,DataAnonymisationDto,68,10,14,0,18,4,10,3,3,3
compliance-portal,com.currenciesdirect.gtg.compliance.core.domain.dataanonymisation,DataAnonymisationResponse,0,31,0,0,0,13,0,9,0,9
compliance-portal,com.currenciesdirect.gtg.compliance.core.domain.dataanonymisation,DataAnonymisationDetailsDto,15,30,0,0,5,14,5,8,5,8
compliance-portal,com.currenciesdirect.gtg.compliance.core.domain.dataanonymisation,DataAnonAccount,7,29,0,0,3,11,2,7,2,7
compliance-portal,com.currenciesdirect.gtg.compliance.core.domain.dataanonymisation,DataAnonymisationSearchCriteria,0,10,0,0,0,4,0,3,0,3
compliance-portal,com.currenciesdirect.gtg.compliance.core.domain.report.dashboard,BusinessUnit,10,0,0,0,4,0,3,0,3,0
compliance-portal,com.currenciesdirect.gtg.compliance.core.domain.report.dashboard,Dashboard,271,0,40,0,56,0,48,0,28,0
compliance-portal,com.currenciesdirect.gtg.compliance.core.domain.report.dashboard,Fulfilment,70,0,0,0,17,0,12,0,12,0
compliance-portal,com.currenciesdirect.gtg.compliance.core.domain.report.dashboard,RegistrationDashboard,238,0,0,0,59,0,40,0,40,0
compliance-portal,com.currenciesdirect.gtg.compliance.core.domain.report.dashboard,TimelineSnapshot,66,0,0,0,28,0,19,0,19,0
compliance-portal,com.currenciesdirect.gtg.compliance.core.domain.report.dashboard,Geography,22,0,0,0,5,0,4,0,4,0
compliance-portal,com.currenciesdirect.gtg.compliance.core.domain.report.dashboard,FulfilmentGraph,34,0,0,0,8,0,6,0,6,0
compliance-portal,com.currenciesdirect.gtg.compliance.core.domain.report.dashboard,PaymentDashboard,82,0,0,0,20,0,14,0,14,0
compliance-portal,com.currenciesdirect.gtg.compliance.core.domain.report.dashboard,QueueRecordsPerOrganisation,34,0,0,0,8,0,6,0,6,0
compliance-portal,com.currenciesdirect.gtg.compliance.core.domain.report.dashboard,QueueRecordsPerCountry,46,0,0,0,11,0,8,0,8,0
compliance-portal,com.currenciesdirect.gtg.compliance.core.domain.report.dashboard,QueueRecordsPerLegalEntity,34,0,0,0,8,0,6,0,6,0
compliance-portal,com.currenciesdirect.gtg.compliance.dbport.enums,BroadCastStatusEnum,30,82,6,2,5,13,5,5,1,5
compliance-portal,com.currenciesdirect.gtg.compliance.dbport.enums,FragusterWatchListEnum,74,0,4,0,15,0,7,0,5,0
compliance-portal,com.currenciesdirect.gtg.compliance.dbport.enums,WorkEfficiencySlaEnum,2,153,1,3,1,19,1,6,0,5
compliance-portal,com.currenciesdirect.gtg.compliance.dbport.enums,BroadCastEntityTypeEnum,28,110,5,3,5,15,4,6,1,5
compliance-portal,com.currenciesdirect.gtg.compliance.dbport.enums,AccountTMFlagEnum,178,0,12,0,26,0,14,0,8,0
compliance-portal,com.currenciesdirect.gtg.compliance.dbport.enums,ServiceStatusEnum,3,231,1,11,1,29,1,13,0,8
compliance-portal,com.currenciesdirect.gtg.compliance.dbport.enums,EntityTypeEnum,2,149,1,7,1,20,1,9,0,6
compliance-portal,com.currenciesdirect.gtg.compliance.dbport.enums,CustomerTypeEnum,26,86,4,4,4,14,3,7,1,5
compliance-portal,com.currenciesdirect.gtg.compliance.dbport.enums,UserLockResourceTypeEnum,32,129,7,5,6,19,6,8,1,7
compliance-portal,com.currenciesdirect.gtg.compliance.dbport.enums,FraugsterReasonsEnum,208,0,8,0,28,0,10,0,6,0
compliance-portal,com.currenciesdirect.gtg.compliance.dbport.enums,WatchListCategoryEnum,32,49,4,0,6,9,5,3,3,3
compliance-portal,com.currenciesdirect.gtg.compliance.dbport.enums,ProfileComplianceStatus,32,119,5,3,6,15,5,5,2,4
compliance-portal,com.currenciesdirect.gtg.compliance.dbport.enums,PaymentMethodEnum,58,188,8,6,10,22,8,7,4,4
compliance-portal,com.currenciesdirect.gtg.compliance.dbport.enums,PaymentComplianceStatus,35,143,5,5,6,22,5,8,2,6
compliance-portal,com.currenciesdirect.gtg.compliance.core.titan.payee,PayeeResponse,153,0,0,0,50,0,22,0,22,0
compliance-portal,com.currenciesdirect.gtg.compliance.core.titan.payee,PayeeQueueDto,78,0,14,0,22,0,13,0,6,0
compliance-portal,com.currenciesdirect.gtg.compliance.core.titan.payee,PayeeListRequest,17,0,0,0,7,0,5,0,5,0
compliance-portal,com.currenciesdirect.gtg.compliance.core.titan.payee,WrapperPayeeDelete,50,0,0,0,19,0,8,0,8,0
compliance-portal,com.currenciesdirect.gtg.compliance.core.titan.payee,WrapperPayee,802,0,108,0,237,0,128,0,74,0
compliance-portal,com.currenciesdirect.gtg.compliance.core.titan.payee,PayeeDetailsRequest,17,0,0,0,7,0,5,0,5,0
compliance-portal,com.currenciesdirect.gtg.compliance.core.titan.payee,WrapperPayeeBank,673,0,98,0,195,0,114,0,65,0
compliance-portal,com.currenciesdirect.gtg.compliance.core.titan.payee,PayeeQueueData,570,0,110,0,130,0,85,0,30,0
compliance-portal,com.currenciesdirect.gtg.compliance.core.titan.payee,PayeeServiceImpl,576,0,54,0,154,0,38,0,11,0
compliance-portal,com.currenciesdirect.gtg.compliance.core.titan.payee,WrapperPayeePaymentMethod,131,0,14,0,39,0,21,0,14,0
compliance-portal,com.currenciesdirect.gtg.compliance.docuploadport,UploadDocumentPort,171,0,20,0,46,0,15,0,5,0
compliance-portal,com.currenciesdirect.gtg.compliance.externalservice.enterpriseport,EmailClientImpl,397,0,20,0,83,0,15,0,5,0
compliance-portal,com.currenciesdirect.gtg.compliance.transformer,BaseUpdateTransformer,50,88,20,14,8,18,15,6,0,4
compliance-portal,com.currenciesdirect.gtg.compliance.transformer,PaymentOutActivityLogTransformer,6,98,6,8,2,25,6,4,0,3
compliance-portal,com.currenciesdirect.gtg.compliance.transformer,PaymentInActivityLogTransformer,6,98,6,8,2,24,6,4,0,3
compliance-portal,com.currenciesdirect.gtg.compliance.transformer,PaymentInUpdateTransformer,35,324,16,16,9,83,16,9,0,9
compliance-portal,com.currenciesdirect.gtg.compliance.transformer,RegistrationCfxDetailsTransformer,877,1404,138,46,216,324,93,25,5,21
compliance-portal,com.currenciesdirect.gtg.compliance.transformer,RegUpdateTransformer,470,566,106,48,110,136,80,23,7,19
compliance-portal,com.currenciesdirect.gtg.compliance.transformer,PaymentInDetailsTransformer,1258,0,168,0,298,0,113,0,29,0
compliance-portal,com.currenciesdirect.gtg.compliance.transformer,PaymentOutUpdateTransformer,89,328,20,16,19,84,19,9,1,9
compliance-portal,com.currenciesdirect.gtg.compliance.transformer,PaymentOutDetailsTransformer,1091,0,102,0,254,0,69,0,18,0
compliance-portal,com.currenciesdirect.gtg.compliance.transformer,LockResourceTransformer,6,48,2,2,1,11,2,2,0,2
compliance-portal,com.currenciesdirect.gtg.compliance.transformer,BaseDetailsTransformer,2219,0,230,0,537,0,146,0,31,0
compliance-portal,com.currenciesdirect.gtg.compliance.transformer,AbstractRegistrationTransformer,210,402,37,43,29,80,30,19,1,8
compliance-portal,com.currenciesdirect.gtg.compliance.transformer,RegistrationDetailsTransformer,686,1143,129,69,163,269,102,22,3,22
compliance-portal,com.currenciesdirect.gtg.compliance.transformer,DataAnonymisationDetailsTransformer,487,1097,99,65,113,256,83,21,1,21
compliance-portal,com.currenciesdirect.gtg.compliance.transformer,RegActivityLogTransformer,6,106,6,8,2,27,6,4,0,3
compliance-portal,com.currenciesdirect.gtg.compliance.dbport.report,PaymentOutReportDBServiceImpl,268,1133,76,44,57,282,60,18,2,16
compliance-portal,com.currenciesdirect.gtg.compliance.dbport.report,DashboardDBServiceImpl,1298,0,50,0,332,0,41,0,16,0
compliance-portal,com.currenciesdirect.gtg.compliance.dbport.report,RegReportFilterQueryBuilder,21,22,6,2,2,8,4,2,0,2
compliance-portal,com.currenciesdirect.gtg.compliance.dbport.report,FraudRingDBServiceImpl,106,0,2,0,27,0,3,0,2,0
compliance-portal,com.currenciesdirect.gtg.compliance.dbport.report,PaymentInReportAtttributeFilterQueryBuilder,90,34,19,4,18,12,13,2,1,2
compliance-portal,com.currenciesdirect.gtg.compliance.dbport.report,DashboardDBColumns,279,0,0,0,13,0,3,0,3,0
compliance-portal,com.currenciesdirect.gtg.compliance.dbport.report,PaymentOutPaymentFilterQueryBuilder,56,95,14,10,12,22,13,3,0,3
compliance-portal,com.currenciesdirect.gtg.compliance.dbport.report,RegReportContactFilterQueryBuilder,364,138,45,14,53,47,34,11,3,11
compliance-portal,com.currenciesdirect.gtg.compliance.dbport.report,PaymenOutReportAccountFilterQueryBuilder,92,83,20,12,14,22,16,4,0,4
compliance-portal,com.currenciesdirect.gtg.compliance.dbport.report,PayInReportQueueDBColumns,0,521,0,0,0,22,0,3,0,3
compliance-portal,com.currenciesdirect.gtg.compliance.dbport.report,WorkEfficiencyReportFilterQueryBuilder,110,38,11,4,23,13,8,4,0,3
compliance-portal,com.currenciesdirect.gtg.compliance.dbport.report,RegistrationReportQueryConstant,0,356,0,0,0,36,0,3,0,3
compliance-portal,com.currenciesdirect.gtg.compliance.dbport.report,PaymentInReportAccountFilterQueryBuilder,145,34,29,3,25,14,17,4,1,4
compliance-portal,com.currenciesdirect.gtg.compliance.dbport.report,PaymentInReportContactFilterQueryBuilder,134,27,21,1,28,10,16,4,4,4
compliance-portal,com.currenciesdirect.gtg.compliance.dbport.report,RegistrationReportDBServiceImpl,625,1276,98,52,132,331,76,26,3,24
compliance-portal,com.currenciesdirect.gtg.compliance.dbport.report,WorkEfficiencyReportDBColumns,0,103,0,0,0,7,0,3,0,3
compliance-portal,com.currenciesdirect.gtg.compliance.dbport.report,SavedSearchDBServiceImpl,91,171,5,3,26,44,5,4,1,4
compliance-portal,com.currenciesdirect.gtg.compliance.dbport.report,PaymentInReportFilterQueryBuilder,367,126,45,11,54,41,30,8,1,8
compliance-portal,com.currenciesdirect.gtg.compliance.dbport.report,PaymentInReportQueryConstant,0,310,0,0,0,32,0,3,0,3
compliance-portal,com.currenciesdirect.gtg.compliance.dbport.report,PaymentInReportDBServiceImpl,318,1167,80,42,65,286,61,25,2,23
compliance-portal,com.currenciesdirect.gtg.compliance.dbport.report,PaymentOutReportContactFilterQueryBuilder,91,70,14,8,19,19,15,5,3,5
compliance-portal,com.currenciesdirect.gtg.compliance.dbport.report,RegReportAccountFilterQueryBuilder,200,165,38,18,29,52,28,10,0,10
compliance-portal,com.currenciesdirect.gtg.compliance.dbport.report,WorkEfficiencyReportQueryConstant,0,147,0,0,0,17,0,3,0,3
compliance-portal,com.currenciesdirect.gtg.compliance.dbport.report,PaymentOutReportFilterQueryBuilder,338,128,28,10,56,41,19,9,0,9
compliance-portal,com.currenciesdirect.gtg.compliance.dbport.report,PayOutReportQueueDBColumns,0,609,0,0,0,21,0,3,0,3
compliance-portal,com.currenciesdirect.gtg.compliance.dbport.report,PaymentOutReportQueryConstant,0,299,0,0,0,31,0,3,0,3
compliance-portal,com.currenciesdirect.gtg.compliance.dbport.report,WorkEfficiencyReportDBServiceImpl,315,471,24,14,85,124,20,7,2,6
compliance-portal,com.currenciesdirect.gtg.compliance.core.domain,Status,3,7,0,0,1,3,1,2,1,2
compliance-portal,com.currenciesdirect.gtg.compliance.core.domain,ContactHistoryResponse,302,310,0,0,108,154,97,78,97,78
compliance-portal,com.currenciesdirect.gtg.compliance.core.domain,PaymentOutSummary,24,49,0,0,8,23,8,13,8,13
compliance-portal,com.currenciesdirect.gtg.compliance.core.domain,BroadcastEventToDB,11,76,0,0,5,32,3,22,3,22
compliance-portal,com.currenciesdirect.gtg.compliance.core.domain,ActivityLogs,18,48,0,0,6,22,6,13,6,13
compliance-portal,com.currenciesdirect.gtg.compliance.core.domain,AccountHistoryResponse,346,0,0,0,148,0,99,0,99,0
compliance-portal,com.currenciesdirect.gtg.compliance.core.domain,BaseUpdateDBDto,25,156,0,0,9,66,8,41,8,41
compliance-portal,com.currenciesdirect.gtg.compliance.core.domain,DocumentInfo,38,0,0,0,16,0,11,0,11,0
compliance-portal,com.currenciesdirect.gtg.compliance.core.domain,InternalRule,3,14,0,0,1,6,1,4,1,4
compliance-portal,com.currenciesdirect.gtg.compliance.core.domain,BaseDBDto,113,134,0,0,41,64,36,33,36,33
compliance-portal,com.currenciesdirect.gtg.compliance.core.domain,ProfileResponse,0,24,0,0,0,10,0,7,0,7
compliance-portal,com.currenciesdirect.gtg.compliance.core.domain,ViewMoreResponse,10,21,0,0,4,9,3,6,3,6
compliance-portal,com.currenciesdirect.gtg.compliance.core.domain,BaseReportDto,47,26,0,0,19,12,14,7,14,7
compliance-portal,com.currenciesdirect.gtg.compliance.core.domain,Page,0,52,0,0,0,22,0,15,0,15
compliance-portal,com.currenciesdirect.gtg.compliance.core.domain,CustomUpdateRequest,45,0,0,0,19,0,13,0,13,0
compliance-portal,com.currenciesdirect.gtg.compliance.core.domain,PaymentUpdateDBDto,9,22,0,0,3,10,3,6,3,6
compliance-portal,com.currenciesdirect.gtg.compliance.core.domain,CDINCFirstCreditCheck,3,7,0,0,1,3,1,2,1,2
compliance-portal,com.currenciesdirect.gtg.compliance.core.domain,LockResourceDBDto,0,52,0,0,0,22,0,15,0,15
compliance-portal,com.currenciesdirect.gtg.compliance.core.domain,Constants,13,0,0,0,4,0,1,0,1,0
compliance-portal,com.currenciesdirect.gtg.compliance.core.domain,HolisticViewResponse,40,47,0,0,16,21,12,13,12,13
compliance-portal,com.currenciesdirect.gtg.compliance.core.domain,ActivityLogDataWrapper,30,15,0,0,12,7,9,4,9,4
compliance-portal,com.currenciesdirect.gtg.compliance.core.domain,ActivityLogRequest,27,46,0,0,11,20,8,13,8,13
compliance-portal,com.currenciesdirect.gtg.compliance.core.domain,ProviderResponseLogRequest,6,11,0,0,2,5,2,3,2,3
compliance-portal,com.currenciesdirect.gtg.compliance.core.domain,SanctionDetails,12,19,0,0,4,9,4,5,4,5
compliance-portal,com.currenciesdirect.gtg.compliance.core.domain,RegistrationResponse,17,24,0,0,1,10,1,7,1,7
compliance-portal,com.currenciesdirect.gtg.compliance.core.domain,OnfidoStatusEnum,55,88,8,2,9,14,7,5,3,4
compliance-portal,com.currenciesdirect.gtg.compliance.core.domain,BaseViewMoreRequest,9,57,0,0,3,25,3,16,3,16
compliance-portal,com.currenciesdirect.gtg.compliance.core.domain,PaymentDBDto,15,23,0,0,5,11,5,6,5,6
compliance-portal,com.currenciesdirect.gtg.compliance.core.domain,StatusData,6,11,0,0,2,5,2,3,2,3
compliance-portal,com.currenciesdirect.gtg.compliance.core.domain,SourceEnum,3,294,0,2,1,32,1,4,1,3
compliance-portal,com.currenciesdirect.gtg.compliance.core.domain,Sanction,49,59,0,0,17,29,16,15,16,15
compliance-portal,com.currenciesdirect.gtg.compliance.core.domain,PaymentInSummary,0,52,0,0,0,22,0,15,0,15
compliance-portal,com.currenciesdirect.gtg.compliance.core.domain,WatchListDetails,31,0,0,0,13,0,9,0,9,0
compliance-portal,com.currenciesdirect.gtg.compliance.core.domain,ComplianceAccount,8,58,1,1,4,22,3,14,2,14
compliance-portal,com.currenciesdirect.gtg.compliance.core.domain,RegistrationRiskProfile,238,220,54,0,48,94,30,63,3,63
compliance-portal,com.currenciesdirect.gtg.compliance.core.domain,IpCheck,41,46,0,0,15,22,13,12,13,12
compliance-portal,com.currenciesdirect.gtg.compliance.core.domain,DeviceInfoRequest,3,7,0,0,1,3,1,2,1,2
compliance-portal,com.currenciesdirect.gtg.compliance.core.domain,BaseDetailDto,113,89,0,0,45,41,34,23,34,23
compliance-portal,com.currenciesdirect.gtg.compliance.core.domain,BaseQueueDto,79,99,0,0,29,47,25,26,25,26
compliance-portal,com.currenciesdirect.gtg.compliance.core.domain,BaseSearchCriteria,0,60,0,0,0,23,0,12,0,12
compliance-portal,com.currenciesdirect.gtg.compliance.core.domain,FirstCreditCheck,3,7,0,0,1,3,1,2,1,2
compliance-portal,com.currenciesdirect.gtg.compliance.core.domain,PaymentInEmailRequest,31,0,0,0,13,0,9,0,9,0
compliance-portal,com.currenciesdirect.gtg.compliance.core.domain,PaymentOutResponse,52,0,0,0,22,0,15,0,15,0
compliance-portal,com.currenciesdirect.gtg.compliance.core.domain,ComplianceContact,0,24,0,0,0,10,0,7,0,7
compliance-portal,com.currenciesdirect.gtg.compliance.core.domain,PaymentRecheckFailureResponse,31,0,0,0,13,0,9,0,9,0
compliance-portal,com.currenciesdirect.gtg.compliance.core.domain,CustomUpdateResponse,66,0,0,0,28,0,19,0,19,0
compliance-portal,com.currenciesdirect.gtg.compliance.core.domain,PaymentDetailsDto,26,19,0,0,10,9,8,5,8,5
compliance-portal,com.currenciesdirect.gtg.compliance.core.domain,UploadDocumentTypeDBDto,9,15,0,0,3,7,3,4,3,4
compliance-portal,com.currenciesdirect.gtg.compliance.core.domain,PaginationData,9,15,0,0,3,7,3,4,3,4
compliance-portal,com.currenciesdirect.gtg.compliance.core.domain,RegistrationCorperateCompliance,381,178,86,0,75,76,48,51,5,51
compliance-portal,com.currenciesdirect.gtg.compliance.core.domain,WhitelistCheck,26,19,0,0,10,9,8,5,8,5
compliance-portal,com.currenciesdirect.gtg.compliance.core.domain,Onfido,94,7,0,0,40,3,27,2,27,2
compliance-portal,com.currenciesdirect.gtg.compliance.core.domain,AccountWrapper,86,80,0,2,32,38,27,19,27,18
compliance-portal,com.currenciesdirect.gtg.compliance.core.domain,PaymentInfo,52,0,0,0,22,0,15,0,15,0
compliance-portal,com.currenciesdirect.gtg.compliance.core.domain,RegistrationContact,3571,591,778,10,679,245,453,153,61,151
compliance-portal,com.currenciesdirect.gtg.compliance.core.domain,KycResendRequest,24,0,0,0,10,0,7,0,7,0
compliance-portal,com.currenciesdirect.gtg.compliance.core.domain,CustomCheck,18,34,0,0,6,16,6,9,6,9
compliance-portal,com.currenciesdirect.gtg.compliance.core.domain,AccountHistoryRequest,10,0,0,0,4,0,3,0,3,0
compliance-portal,com.currenciesdirect.gtg.compliance.core.domain,StatusReason,0,10,0,0,0,4,0,3,0,3
compliance-portal,com.currenciesdirect.gtg.compliance.core.domain,BaseFilter,102,113,0,0,51,41,26,36,26,36
compliance-portal,com.currenciesdirect.gtg.compliance.core.domain,PaginationDetails,20,11,0,0,8,5,6,3,6,3
compliance-portal,com.currenciesdirect.gtg.compliance.core.domain,RegistrationCompany,644,130,142,0,128,54,83,34,12,34
compliance-portal,com.currenciesdirect.gtg.compliance.core.domain,Intuition,115,7,0,0,49,3,33,2,33,2
compliance-portal,com.currenciesdirect.gtg.compliance.core.domain,PaymentUpdateRequest,34,67,0,0,12,31,11,18,11,18
compliance-portal,com.currenciesdirect.gtg.compliance.core.domain,EventDBDto,9,57,0,0,3,25,3,16,3,16
compliance-portal,com.currenciesdirect.gtg.compliance.core.domain,DeviceInfoResponse,261,25,0,0,60,11,41,7,41,7
compliance-portal,com.currenciesdirect.gtg.compliance.core.domain,QueueType,3,85,0,2,1,13,1,4,1,3
compliance-portal,com.currenciesdirect.gtg.compliance.core.domain,Fraugster,33,54,0,0,11,26,11,14,11,14
compliance-portal,com.currenciesdirect.gtg.compliance.core.domain,PaymentOutEmailRequest,24,0,0,0,10,0,7,0,7,0
compliance-portal,com.currenciesdirect.gtg.compliance.core.domain,StatusReasonData,3,14,0,0,1,6,1,4,1,4
compliance-portal,com.currenciesdirect.gtg.compliance.core.domain,ComplianceStatus,5,90,0,2,1,12,1,5,1,4
compliance-portal,com.currenciesdirect.gtg.compliance.core.domain,PaymentEmailRequest,66,0,0,0,28,0,19,0,19,0
compliance-portal,com.currenciesdirect.gtg.compliance.core.domain,FurtherPaymentDetails,12,19,0,0,4,9,4,5,4,5
compliance-portal,com.currenciesdirect.gtg.compliance.core.domain,HolisticViewRequest,7,38,0,0,3,16,2,11,2,11
compliance-portal,com.currenciesdirect.gtg.compliance.core.domain,PaymentReferenceCheck,80,0,0,0,34,0,23,0,23,0
compliance-portal,com.currenciesdirect.gtg.compliance.core.domain,CountryRiskLevelEnum,48,0,0,0,8,0,3,0,3,0
compliance-portal,com.currenciesdirect.gtg.compliance.core.domain,IntuitionPaymentResponse,129,0,0,0,55,0,37,0,37,0
compliance-portal,com.currenciesdirect.gtg.compliance.core.domain,BaseUpdateRequest,7,94,0,0,3,40,2,27,2,27
compliance-portal,com.currenciesdirect.gtg.compliance.core.domain,ContactHistoryRequest,10,0,0,0,4,0,3,0,3,0
compliance-portal,com.currenciesdirect.gtg.compliance.core.domain,FurtherPaymentInDetails,37,46,0,0,13,22,12,11,12,11
compliance-portal,com.currenciesdirect.gtg.compliance.core.domain,GlobalCheck,29,23,0,0,11,11,9,6,9,6
compliance-portal,com.currenciesdirect.gtg.compliance.core.domain,WatchListData,9,22,0,0,3,10,3,6,3,6
compliance-portal,com.currenciesdirect.gtg.compliance.core.domain,FraugsterDetails,6,11,0,0,2,5,2,3,2,3
compliance-portal,com.currenciesdirect.gtg.compliance.core.domain,PaymentSummary,0,31,0,0,0,13,0,9,0,9
compliance-portal,com.currenciesdirect.gtg.compliance.core.domain,ProviderResponseLogResponse,3,21,0,0,1,9,1,6,1,6
compliance-portal,com.currenciesdirect.gtg.compliance.core.domain,Kyc,42,59,0,0,14,29,14,15,14,15
compliance-portal,com.currenciesdirect.gtg.compliance.core.domain,EuPoiCheck,3,7,0,0,1,3,1,2,1,2
compliance-portal,com.currenciesdirect.gtg.compliance.core.domain,RegistrationAccount,1364,292,313,7,254,122,170,76,12,74
compliance-portal,com.currenciesdirect.gtg.compliance.core.domain,HolisticContact,0,10,0,0,0,4,0,3,0,3
compliance-portal,com.currenciesdirect.gtg.compliance.core.domain,StatusReasonUpdateRequest,0,24,0,0,0,10,0,7,0,7
compliance-portal,com.currenciesdirect.gtg.compliance.core.domain,IntuitionDetails,24,7,0,0,10,3,7,2,7,2
compliance-portal,com.currenciesdirect.gtg.compliance.core.domain,Watchlist,0,10,0,0,0,4,0,3,0,3
compliance-portal,com.currenciesdirect.gtg.compliance.core.domain,PaymentInViewMoreRequest,0,10,0,0,0,4,0,3,0,3
compliance-portal,com.currenciesdirect.gtg.compliance.core.domain,HolisticAccount,0,3,0,0,0,1,0,1,0,1
compliance-portal,com.currenciesdirect.gtg.compliance.core.domain,Sort,17,0,0,0,7,0,5,0,5,0
compliance-portal,com.currenciesdirect.gtg.compliance.core.domain,VelocityCheck,47,19,0,0,19,9,14,5,14,5
compliance-portal,com.currenciesdirect.gtg.compliance.core.domain,ContactWrapper,90,67,0,0,34,33,28,17,28,17
compliance-portal,com.currenciesdirect.gtg.compliance.core.domain,FurtherPaymentOutDetails,30,49,0,0,10,23,10,11,10,11
compliance-portal,com.currenciesdirect.gtg.compliance.core.domain,LockResourceResponse,23,36,0,0,9,16,7,10,7,10
compliance-portal,com.currenciesdirect.gtg.compliance.core.domain,BaseRepeatCheckResponse,23,50,0,0,9,22,7,14,7,14
compliance-portal,com.currenciesdirect.gtg.compliance.core.domain,PaymentResponse,38,0,0,0,16,0,11,0,11,0
compliance-portal,com.currenciesdirect.gtg.compliance.core.domain,KycDetails,24,7,0,0,10,3,7,2,7,2
compliance-portal,com.currenciesdirect.gtg.compliance.core.domain,RegistrationCfxDetailsDto,19,26,0,0,7,12,6,7,6,7
compliance-portal,com.currenciesdirect.gtg.compliance.core.domain,TransactionValuesEnum,3,184,0,2,1,22,1,4,1,3
compliance-portal,com.currenciesdirect.gtg.compliance.core.domain,Blacklist,58,265,2,30,19,70,20,45,18,31
compliance-portal,com.currenciesdirect.gtg.compliance.core.domain,LockResourceRequest,11,34,0,0,5,14,3,10,3,10
compliance-portal,com.currenciesdirect.gtg.compliance.core.domain,BaseRepeatCheckRequest,3,35,0,0,1,15,1,10,1,10
compliance-portal,com.currenciesdirect.gtg.compliance.core.domain,PaymentOutViewMoreRequest,0,10,0,0,0,4,0,3,0,3
compliance-portal,com.currenciesdirect.gtg.compliance.core.domain,RegistrationViewMoreRequest,7,3,0,0,3,1,2,1,2,1
compliance-portal,com.currenciesdirect.gtg.compliance.core.domain,WatchlistUpdateRequest,0,24,0,0,0,10,0,7,0,7
compliance-portal,com.currenciesdirect.gtg.compliance.core.domain,CountryCheck,37,44,0,0,13,21,12,11,12,11
compliance-portal,com.currenciesdirect.gtg.compliance.core.domain.socialdata,SocialDataResponse,83,43,0,0,32,19,24,9,24,9
compliance-portal,com.currenciesdirect.gtg.compliance.core.domain.socialdata,Interest,56,0,0,0,21,0,13,0,13,0
compliance-portal,com.currenciesdirect.gtg.compliance.core.domain.socialdata,SocialDataServiceImpl,54,0,0,0,14,0,2,0,2,0
compliance-portal,com.currenciesdirect.gtg.compliance.core.domain.socialdata,SocialDataRequest,0,10,0,0,0,4,0,3,0,3
compliance-portal,com.currenciesdirect.gtg.compliance.core.domain.socialdata,Dates,24,0,0,0,10,0,7,0,7,0
compliance-portal,com.currenciesdirect.gtg.compliance.core.domain.socialdata,Profiles,18,0,0,0,5,0,3,0,3,0
compliance-portal,com.currenciesdirect.gtg.compliance.core.domain.socialdata,Topic,25,0,0,0,8,0,5,0,5,0
compliance-portal,com.currenciesdirect.gtg.compliance.core.domain.socialdata,Urls,32,0,0,0,11,0,7,0,7,0
compliance-portal,com.currenciesdirect.gtg.compliance.core.domain.socialdata,SocialDataController,6,17,0,0,2,6,0,2,0,2
compliance-portal,com.currenciesdirect.gtg.compliance.core.domain.socialdata,Phones,32,0,0,0,11,0,7,0,7,0
compliance-portal,com.currenciesdirect.gtg.compliance.core.domain.socialdata,DataAddOn,60,0,0,0,23,0,15,0,15,0
compliance-portal,com.currenciesdirect.gtg.compliance.core.domain.socialdata,Name,32,0,0,0,11,0,7,0,7,0
compliance-portal,com.currenciesdirect.gtg.compliance.core.domain.socialdata,Location,67,0,0,0,26,0,17,0,17,0
compliance-portal,com.currenciesdirect.gtg.compliance.core.domain.socialdata,Employment,53,0,0,0,20,0,13,0,13,0
compliance-portal,com.currenciesdirect.gtg.compliance.core.domain.socialdata,Email,32,0,0,0,11,0,7,0,7,0
compliance-portal,com.currenciesdirect.gtg.compliance.core.domain.socialdata,Photos,32,0,0,0,11,0,7,0,7,0
compliance-portal,com.currenciesdirect.gtg.compliance.core.domain.socialdata,Details,136,0,0,0,53,0,29,0,29,0
compliance-portal,com.currenciesdirect.gtg.compliance.httpport.report,ReportController,418,589,12,0,118,169,11,14,5,14
compliance-portal,com.currenciesdirect.gtg.compliance.httpport.dataanonymisation,DataAnonymisationController,92,232,7,7,25,68,8,9,1,9
compliance-portal,com.currenciesdirect.gtg.compliance.core.domain.sanction,SanctionUpdateData,38,0,0,0,16,0,11,0,11,0
compliance-portal,com.currenciesdirect.gtg.compliance.core.domain.sanction,SanctionUpdateRequest,24,0,0,0,10,0,7,0,7,0
compliance-portal,com.currenciesdirect.gtg.compliance.core.domain.sanction,SanctionSummary,17,35,0,0,7,15,5,10,5,10
compliance-portal,com.currenciesdirect.gtg.compliance.util,SoapClient,297,0,10,0,91,0,14,0,9,0
compliance-portal,com.currenciesdirect.gtg.compliance.util,HttpClientPool,168,0,21,0,43,0,17,0,5,0
compliance-portal,com.currenciesdirect.gtg.compliance.util,SoapClient.ClientPasswordCallback,12,0,0,0,4,0,2,0,2,0
compliance-portal,com.currenciesdirect.gtg.compliance.util,DateTimeFormatter,287,307,27,19,90,50,24,16,6,11
compliance-portal,com.currenciesdirect.gtg.compliance.util,StringUtils,82,59,10,8,14,23,10,8,4,5
compliance-portal,com.currenciesdirect.gtg.compliance.util,JsonConverterUtil,18,50,1,5,8,16,1,6,0,4
compliance-portal,com.currenciesdirect.gtg.compliance.util,ObjectUtils,24,65,3,9,9,20,4,8,2,4
compliance-portal,com.currenciesdirect.gtg.compliance.util,PrepareExcelSheet,164,0,8,0,38,0,7,0,3,0
compliance-portal,com.currenciesdirect.gtg.compliance.util,ResteasyClientHandler,76,0,2,0,19,0,5,0,4,0
compliance-portal,com.currenciesdirect.gtg.compliance.util,SearchCriteriaUtil,121,115,29,15,36,29,23,11,4,8
compliance-portal,com.currenciesdirect.gtg.compliance.util,UserPermissionFilterBuilder,75,92,10,8,12,33,9,9,0,9
compliance-portal,com.currenciesdirect.gtg.compliance.util,CofigurationLoader,159,0,14,0,38,0,10,0,3,0
compliance-portal,com.currenciesdirect.gtg.compliance.util,DecimalFormatter,71,20,13,3,22,6,12,2,4,2
compliance-portal,com.currenciesdirect.gtg.compliance.util,StyleSheet,145,0,0,0,43,0,4,0,4,0
compliance-portal,com.currenciesdirect.gtg.compliance.util,ExcelBuilder,38,0,0,0,10,0,3,0,3,0
compliance-portal,com.currenciesdirect.gtg.compliance.core.domain.internalrule,IpRule,17,0,0,0,7,0,5,0,5,0
compliance-portal,com.currenciesdirect.gtg.compliance.core.domain.internalrule,BlacklistResponse,31,0,0,0,13,0,9,0,9,0
compliance-portal,com.currenciesdirect.gtg.compliance.core.domain.internalrule,IpSummary,108,28,0,0,48,10,30,9,30,9
compliance-portal,com.currenciesdirect.gtg.compliance.core.domain.internalrule,BlacklistSTPData,208,0,38,0,52,0,33,0,14,0
compliance-portal,com.currenciesdirect.gtg.compliance.core.domain.internalrule,InternalServiceRequest,101,0,0,0,43,0,29,0,29,0
compliance-portal,com.currenciesdirect.gtg.compliance.core.domain.internalrule,InternalRuleSummary,17,0,0,0,7,0,5,0,5,0
compliance-portal,com.currenciesdirect.gtg.compliance.core.domain.internalrule,BlacklistSummary,24,105,0,0,10,45,7,30,7,30
compliance-portal,com.currenciesdirect.gtg.compliance.core.domain.internalrule,CountryCheckSummary,24,0,0,0,10,0,7,0,7,0
compliance-portal,com.currenciesdirect.gtg.compliance.core.domain.internalrule,GlobalCheckResponse,31,0,0,0,13,0,9,0,9,0
compliance-portal,com.currenciesdirect.gtg.compliance.core.domain.internalrule,InternalRuleServiceResponse,66,0,0,0,28,0,19,0,19,0
compliance-portal,com.currenciesdirect.gtg.compliance.core.domain.internalrule,IpResponse,94,0,0,0,40,0,27,0,27,0
compliance-portal,com.currenciesdirect.gtg.compliance.core.domain.fraugster,FraugsterSummary,38,0,0,0,16,0,11,0,11,0
compliance-portal,com.currenciesdirect.gtg.compliance.intuitionregsyncmonitor,IntuitionRegSyncMonitorThread,91,0,6,0,21,0,5,0,2,0
compliance-portal,com.currenciesdirect.gtg.compliance.core.domain.registration,RegistrationUpdateRequest,139,152,0,0,9,64,5,43,5,43
compliance-portal,com.currenciesdirect.gtg.compliance.core.domain.registration,RegistrationDetailsDto,18,34,0,0,6,16,6,9,6,9
compliance-portal,com.currenciesdirect.gtg.compliance.core.domain.registration,RegistrationCfxContactDetailsDto,26,19,0,0,10,9,8,5,8,5
compliance-portal,com.currenciesdirect.gtg.compliance.core.domain.registration,RegistrationQueueData,1123,110,238,0,225,52,154,29,35,29
compliance-portal,com.currenciesdirect.gtg.compliance.core.domain.registration,RegUpdateDBDto,0,38,0,0,0,16,0,11,0,11
compliance-portal,com.currenciesdirect.gtg.compliance.core.domain.registration,RegistrationSearchCriteria,0,10,0,0,0,4,0,3,0,3
compliance-portal,com.currenciesdirect.gtg.compliance.core.domain.registration,RegistrationCfxDetailsDBDto,15,65,0,0,7,27,4,19,4,19
compliance-portal,com.currenciesdirect.gtg.compliance.core.domain.registration,RegistrationQueueDto,68,10,14,0,18,4,10,3,3,3
compliance-portal,com.currenciesdirect.gtg.compliance.core.domain.registration,RegistrationDetailsDBDto,24,231,0,0,12,97,6,67,6,67
compliance-portal,com.currenciesdirect.gtg.compliance.core.domain.registration,RegistrationQueueFilter,4,6,0,0,2,2,1,2,1,2
compliance-portal,com.currenciesdirect.gtg.compliance.core.domain.registration,ProfileActivityLogDto,3,84,0,0,1,36,1,24,1,24
compliance-portal,com.currenciesdirect.gtg.compliance.core.domain.fxtickets,ContactDetail,157,0,0,0,67,0,45,0,45,0
compliance-portal,com.currenciesdirect.gtg.compliance.core.domain.fxtickets,CustomerInstructionDetails,83,59,0,0,19,25,1,17,1,17
compliance-portal,com.currenciesdirect.gtg.compliance.core.domain.fxtickets,FxDetails,0,59,0,0,0,25,0,17,0,17
compliance-portal,com.currenciesdirect.gtg.compliance.core.domain.fxtickets,BaseSearchCriteria,33,42,0,0,10,15,5,4,5,4
compliance-portal,com.currenciesdirect.gtg.compliance.core.domain.fxtickets,FXTicketListResponse,122,18,0,0,37,8,15,5,15,5
compliance-portal,com.currenciesdirect.gtg.compliance.core.domain.fxtickets,FxTicketDetailRequestList,0,10,0,0,0,4,0,3,0,3
compliance-portal,com.currenciesdirect.gtg.compliance.core.domain.fxtickets,MainCustomerInstruction,87,7,0,0,37,3,25,2,25,2
compliance-portal,com.currenciesdirect.gtg.compliance.core.domain.fxtickets,FxTicketSearchCriteria,27,10,0,0,8,4,3,3,3,3
compliance-portal,com.currenciesdirect.gtg.compliance.core.domain.fxtickets,FxTicketDetailList,17,7,0,0,7,3,5,2,5,2
compliance-portal,com.currenciesdirect.gtg.compliance.core.domain.fxtickets,FxTicketPortalRequest,62,14,0,0,19,6,8,4,8,4
compliance-portal,com.currenciesdirect.gtg.compliance.core.domain.fxtickets,Account,160,0,0,0,68,0,45,0,45,0
compliance-portal,com.currenciesdirect.gtg.compliance.core.domain.fxtickets,TradeDetails,115,42,0,0,47,20,34,11,34,11
compliance-portal,com.currenciesdirect.gtg.compliance.core.domain.fxtickets,ContactList,94,0,0,0,40,0,27,0,27,0
compliance-portal,com.currenciesdirect.gtg.compliance.core.domain.fxtickets,FXTicketResponse,31,26,0,0,13,10,9,6,9,6
compliance-portal,com.currenciesdirect.gtg.compliance.core.domain.fxtickets,Sort,17,0,0,0,7,0,5,0,5,0
compliance-portal,com.currenciesdirect.gtg.compliance.core.domain.fxtickets,CustomerInstructionForward,31,0,0,0,13,0,9,0,9,0
compliance-portal,com.currenciesdirect.gtg.compliance.core.domain.fxtickets,FxTicketFilter,0,10,0,0,0,4,0,3,0,3
compliance-portal,com.currenciesdirect.gtg.compliance.core.domain.fxtickets,FXTicketDetails,6,21,0,0,2,9,2,5,2,5
compliance-portal,com.currenciesdirect.gtg.compliance.core.domain.fxtickets,InstructionDetails,66,0,0,0,28,0,19,0,19,0
compliance-portal,com.currenciesdirect.gtg.compliance.core.domain.fxtickets,FXTicket,3,0,0,0,1,0,1,0,1,0
compliance-portal,com.currenciesdirect.gtg.compliance.core.domain.fxtickets,FxTicketRequestPayload,56,38,0,0,13,16,1,11,1,11
compliance-portal,com.currenciesdirect.gtg.compliance.core.domain.fxtickets,Page,127,15,0,0,37,7,14,4,14,4
compliance-portal,com.currenciesdirect.gtg.compliance.core.domain.fxtickets,AccountFxAttribute,94,0,0,0,40,0,27,0,27,0
compliance-portal,com.currenciesdirect.gtg.compliance.core.domain.fxtickets,FxTicketDetailsRequest,14,13,0,0,6,5,4,3,4,3
compliance-portal,com.currenciesdirect.gtg.compliance.core.domain.paymentout,WhiteListCheckSummary,7,31,0,0,3,13,2,9,2,9
compliance-portal,com.currenciesdirect.gtg.compliance.core.domain.paymentout,FirstCreditCheckSummary,10,0,0,0,4,0,3,0,3,0
compliance-portal,com.currenciesdirect.gtg.compliance.core.domain.paymentout,PaymentOutQueueData,901,130,176,0,171,62,120,34,32,34
compliance-portal,com.currenciesdirect.gtg.compliance.core.domain.paymentout,RegistrationRecheckFailureDetails,0,24,0,0,0,10,0,7,0,7
compliance-portal,com.currenciesdirect.gtg.compliance.core.domain.paymentout,PaymentOutDBDto,62,74,0,0,22,36,20,19,20,19
compliance-portal,com.currenciesdirect.gtg.compliance.core.domain.paymentout,PaymentOutStatusReasonData,17,0,0,0,7,0,5,0,5,0
compliance-portal,com.currenciesdirect.gtg.compliance.core.domain.paymentout,PaymentOutFilter,72,15,8,0,21,5,11,5,7,5
compliance-portal,com.currenciesdirect.gtg.compliance.core.domain.paymentout,Beneficiary,87,89,10,0,26,41,20,24,15,24
compliance-portal,com.currenciesdirect.gtg.compliance.core.domain.paymentout,FundsOutBaseRequest,20,11,0,0,8,5,6,3,6,3
compliance-portal,com.currenciesdirect.gtg.compliance.core.domain.paymentout,PaymentOutBlacklist,17,7,0,0,7,3,5,2,5,2
compliance-portal,com.currenciesdirect.gtg.compliance.core.domain.paymentout,PaymentOutRecheckFailureDetails,16,50,0,0,6,22,5,14,5,14
compliance-portal,com.currenciesdirect.gtg.compliance.core.domain.paymentout,PaymentOutActivityLogDetailDto,20,39,0,0,8,17,6,11,6,11
compliance-portal,com.currenciesdirect.gtg.compliance.core.domain.paymentout,PaymentOutSanction,24,0,0,0,10,0,7,0,7,0
compliance-portal,com.currenciesdirect.gtg.compliance.core.domain.paymentout,PaymentOutDetails,38,0,0,0,16,0,11,0,11,0
compliance-portal,com.currenciesdirect.gtg.compliance.core.domain.paymentout,RecentPaymentOutDetails,17,0,0,0,7,0,5,0,5,0
compliance-portal,com.currenciesdirect.gtg.compliance.core.domain.paymentout,PaymentOutActivityLogDto,37,50,0,0,13,24,12,13,12,13
compliance-portal,com.currenciesdirect.gtg.compliance.core.domain.paymentout,EuPoiDocCheckSummary,10,0,0,0,4,0,3,0,3,0
compliance-portal,com.currenciesdirect.gtg.compliance.core.domain.paymentout,PaymentOutStatusReason,10,0,0,0,4,0,3,0,3,0
compliance-portal,com.currenciesdirect.gtg.compliance.core.domain.paymentout,VelocityCheckSummary,14,41,0,0,6,17,4,11,4,11
compliance-portal,com.currenciesdirect.gtg.compliance.core.domain.paymentout,PaymentOutUpdateDBDto,6,25,0,0,2,11,2,7,2,7
compliance-portal,com.currenciesdirect.gtg.compliance.core.domain.paymentout,PaymentOutUpdateRequest,13,39,0,0,5,17,4,11,4,11
compliance-portal,com.currenciesdirect.gtg.compliance.core.domain.paymentout,Trade,53,55,0,0,19,27,17,14,17,14
compliance-portal,com.currenciesdirect.gtg.compliance.core.domain.paymentout,PaymentOutPaymentReference,66,0,0,0,28,0,19,0,19,0
compliance-portal,com.currenciesdirect.gtg.compliance.core.domain.paymentout,FundsOutRequest,56,23,0,0,23,9,16,4,16,4
compliance-portal,com.currenciesdirect.gtg.compliance.core.domain.paymentout,PaymentOutInfo,108,0,0,0,46,0,31,0,31,0
compliance-portal,com.currenciesdirect.gtg.compliance.core.domain.paymentout,PaymentOutCustomCheck,45,63,0,0,15,31,15,16,15,16
compliance-portal,com.currenciesdirect.gtg.compliance.core.domain.paymentout,PaymentOutDetailsDto,30,15,0,0,12,7,9,4,9,4
compliance-portal,com.currenciesdirect.gtg.compliance.core.domain.paymentout,PaymentOutQueueDto,0,10,0,0,0,4,0,3,0,3
compliance-portal,com.currenciesdirect.gtg.compliance.core.domain.paymentout,CustomCheckSummary,38,49,0,0,16,21,11,14,11,14
compliance-portal,com.currenciesdirect.gtg.compliance.core.domain.paymentout,PaymentOutSearchCriteria,0,10,0,0,0,4,0,3,0,3
compliance-portal,com.currenciesdirect.gtg.compliance.core.domain.paymentout,CDINCFirstCreditCheckSummary,10,0,0,0,4,0,3,0,3,0
compliance-portal,com.currenciesdirect.gtg.compliance.core.domain.fraugster.fraudring,FraudRingController,57,0,0,0,20,0,4,0,4,0
compliance-portal,com.currenciesdirect.gtg.compliance.core.domain.fraugster.fraudring,FraudRingServiceImpl,117,0,0,0,31,0,4,0,4,0
compliance-portal,com.currenciesdirect.gtg.compliance.core.domain.fraugster.fraudring,FraudRingNeo4jResult,22,0,0,0,8,0,5,0,5,0
compliance-portal,com.currenciesdirect.gtg.compliance.core.domain.fraugster.fraudring,FraudRingNeo4jProperties,18,0,0,0,5,0,3,0,3,0
compliance-portal,com.currenciesdirect.gtg.compliance.core.domain.fraugster.fraudring,FraudRingNeo4jGraph,17,0,0,0,7,0,5,0,5,0
compliance-portal,com.currenciesdirect.gtg.compliance.core.domain.fraugster.fraudring,FraudRingNeo4jError,3,0,0,0,1,0,1,0,1,0
compliance-portal,com.currenciesdirect.gtg.compliance.core.domain.fraugster.fraudring,FraudRingNeo4jData,10,0,0,0,4,0,3,0,3,0
compliance-portal,com.currenciesdirect.gtg.compliance.core.domain.fraugster.fraudring,FraudRingResponse,17,0,0,0,7,0,5,0,5,0
compliance-portal,com.currenciesdirect.gtg.compliance.core.domain.fraugster.fraudring,FraudRingNeo4jRelationships,38,0,0,0,16,0,11,0,11,0
compliance-portal,com.currenciesdirect.gtg.compliance.core.domain.fraugster.fraudring,FraudRingNeo4jNodes,29,0,0,0,11,0,7,0,7,0
compliance-portal,com.currenciesdirect.gtg.compliance.core.domain.fraugster.fraudring,FraudRingRequest,0,10,0,0,0,4,0,3,0,3
compliance-portal,com.currenciesdirect.gtg.compliance.core.domain.fraugster.fraudring,FraudRingNode,94,0,0,0,40,0,27,0,27,0
